#
# There is insufficient memory for the Java Runtime Environment to continue.
# Native memory allocation (malloc) failed to allocate 679456 bytes for Chunk::new
# Possible reasons:
#   The system is out of physical RAM or swap space
#   The process is running with CompressedOops enabled, and the Java Heap may be blocking the growth of the native heap
# Possible solutions:
#   Reduce memory load on the system
#   Increase physical memory or swap space
#   Check if swap backing store is full
#   Decrease Java heap size (-Xmx/-Xms)
#   Decrease number of Java threads
#   Decrease Java thread stack sizes (-Xss)
#   Set larger code cache with -XX:ReservedCodeCacheSize=
#   JVM is running with Unscaled Compressed Oops mode in which the Java heap is
#     placed in the first 4GB address space. The Java Heap base address is the
#     maximum limit for the native heap growth. Please use -XX:HeapBaseMinAddress
#     to set the Java Heap base and to place the Java Heap above 4GB virtual address.
# This output file may be truncated or incomplete.
#
#  Out of Memory Error (allocation.cpp:389), pid=11228, tid=0x0000000000005820
#
# JRE version: OpenJDK Runtime Environment (Zulu 8.52.0.23-CA-win64) (8.0_282-b08) (build 1.8.0_282-b08)
# Java VM: OpenJDK 64-Bit Server VM (25.282-b08 mixed mode windows-amd64 compressed oops)
# Failed to write core dump. Minidumps are not enabled by default on client versions of Windows
#

---------------  T H R E A D  ---------------

Current thread (0x00000000189c6800):  JavaThread "C2 CompilerThread1" daemon [_thread_in_native, id=22560, stack(0x0000000018d80000,0x0000000018e80000)]

Stack: [0x0000000018d80000,0x0000000018e80000]
[error occurred during error reporting (printing stack bounds), id 0xc0000005]

Native frames: (J=compiled Java code, j=interpreted, Vv=VM code, C=native code)


Current CompileTask:
C2:   8557 2921       4       groovy.lang.MetaClassImpl$1MOPIter::methodNameAction (479 bytes)


---------------  P R O C E S S  ---------------

Java Threads: ( => current thread )
  0x000000001bc6e800 JavaThread "Okio Watchdog" daemon [_thread_blocked, id=21248, stack(0x000000001f010000,0x000000001f110000)]
  0x000000001c08e000 JavaThread "OkHttp ConnectionPool" daemon [_thread_blocked, id=22100, stack(0x000000001ef10000,0x000000001f010000)]
  0x000000001b5fc000 JavaThread "ForkJoinPool.commonPool-worker-3" daemon [_thread_blocked, id=27496, stack(0x000000001ec10000,0x000000001ed10000)]
  0x000000001a440800 JavaThread "ForkJoinPool.commonPool-worker-2" daemon [_thread_blocked, id=21448, stack(0x000000001eb10000,0x000000001ec10000)]
  0x0000000019cc7000 JavaThread "ForkJoinPool.commonPool-worker-1" daemon [_thread_blocked, id=22916, stack(0x000000001ea10000,0x000000001eb10000)]
  0x000000001d695000 JavaThread "Keep-Alive-Timer" daemon [_thread_blocked, id=9500, stack(0x000000001e710000,0x000000001e810000)]
  0x000000001c457800 JavaThread "Exec Stream Pumper" daemon [_thread_in_native, id=26604, stack(0x000000001e510000,0x000000001e610000)]
  0x000000001d054800 JavaThread "Exec Stream Pumper" daemon [_thread_in_native, id=24200, stack(0x000000001e180000,0x000000001e280000)]
  0x000000001cc2c800 JavaThread "UrlChecker-2" daemon [_thread_blocked, id=11988, stack(0x000000001daa0000,0x000000001dba0000)]
  0x00000000191a7000 JavaThread "Exec Default Executor" daemon [_thread_in_native, id=15352, stack(0x000000001d9a0000,0x000000001daa0000)]
  0x00000000189df000 JavaThread "Service Thread" daemon [_thread_blocked, id=4264, stack(0x0000000018f80000,0x0000000019080000)]
  0x00000000189c9800 JavaThread "C1 CompilerThread2" daemon [_thread_blocked, id=2904, stack(0x0000000018e80000,0x0000000018f80000)]
=>0x00000000189c6800 JavaThread "C2 CompilerThread1" daemon [_thread_in_native, id=22560, stack(0x0000000018d80000,0x0000000018e80000)]
  0x00000000189c3800 JavaThread "C2 CompilerThread0" daemon [_thread_blocked, id=27168, stack(0x0000000018c80000,0x0000000018d80000)]
  0x00000000189b5000 JavaThread "Attach Listener" daemon [_thread_blocked, id=26988, stack(0x0000000018b80000,0x0000000018c80000)]
  0x0000000018a70800 JavaThread "Signal Dispatcher" daemon [_thread_blocked, id=5756, stack(0x0000000018a80000,0x0000000018b80000)]
  0x000000001722b000 JavaThread "Finalizer" daemon [_thread_blocked, id=16364, stack(0x0000000018480000,0x0000000018580000)]
  0x0000000017223800 JavaThread "Reference Handler" daemon [_thread_blocked, id=21568, stack(0x0000000018380000,0x0000000018480000)]
  0x0000000002525000 JavaThread "Forwarding get on session 10c5c80cdb2fc8e3b980f3f54247c3a1 to remote" [_thread_in_native, id=3880, stack(0x0000000002410000,0x0000000002510000)]

Other Threads:
  0x00000000171f8000 VMThread [stack: 0x0000000018280000,0x0000000018380000] [id=26228]
  0x00000000189df800 WatcherThread [stack: 0x0000000019080000,0x0000000019180000] [id=15896]

VM state:not at safepoint (normal execution)

VM Mutex/Monitor currently owned by a thread: None

heap address: 0x0000000080000000, size: 2048 MB, Compressed Oops mode: 32-bit
Narrow klass base: 0x0000000000000000, Narrow klass shift: 3
Compressed class space size: 1073741824 Address: 0x0000000100000000

Heap:
 PSYoungGen      total 199168K, used 71424K [0x00000000d5580000, 0x00000000e3f80000, 0x0000000100000000)
  eden space 187904K, 32% used [0x00000000d5580000,0x00000000d91a7b40,0x00000000e0d00000)
  from space 11264K, 87% used [0x00000000e0d00000,0x00000000e1698540,0x00000000e1800000)
  to   space 12288K, 0% used [0x00000000e3380000,0x00000000e3380000,0x00000000e3f80000)
 ParOldGen       total 84480K, used 9822K [0x0000000080000000, 0x0000000085280000, 0x00000000d5580000)
  object space 84480K, 11% used [0x0000000080000000,0x0000000080997aa0,0x0000000085280000)
 Metaspace       used 30298K, capacity 31162K, committed 31360K, reserved 1077248K
  class space    used 3611K, capacity 3865K, committed 3968K, reserved 1048576K

Card table byte_map: [0x00000000119d0000,0x0000000011de0000] byte_map_base: 0x00000000115d0000

Marking Bits: (ParMarkBitMap*) 0x0000000073b81f00
 Begin Bits: [0x0000000012490000, 0x0000000014490000)
 End Bits:   [0x0000000014490000, 0x0000000016490000)

Polling page: 0x0000000000970000

CodeCache: size=245760Kb used=11793Kb max_used=11804Kb free=233966Kb
 bounds [0x0000000002610000, 0x00000000031b0000, 0x0000000011610000]
 total_blobs=3535 nmethods=2844 adapters=601
 compilation: enabled

Compilation events (10 events):
Event: 8.496 Thread 0x00000000189c9800 nmethod 2929 0x0000000002745e10 code [0x0000000002745f80, 0x0000000002746188]
Event: 8.496 Thread 0x00000000189c9800 2928       1       org.openqa.selenium.json.JsonOutput::access$400 (5 bytes)
Event: 8.496 Thread 0x00000000189c9800 nmethod 2928 0x000000000272d9d0 code [0x000000000272db20, 0x000000000272dc10]
Event: 8.501 Thread 0x00000000189c3800 nmethod 2914 0x000000000272af50 code [0x000000000272b0c0, 0x000000000272b638]
Event: 8.501 Thread 0x00000000189c3800 2930       4       java.lang.String::isEmpty (14 bytes)
Event: 8.502 Thread 0x00000000189c3800 nmethod 2930 0x000000000272d3d0 code [0x000000000272d500, 0x000000000272d578]
Event: 8.502 Thread 0x00000000189c3800 2917       4       java.lang.String::codePointAt (36 bytes)
Event: 8.503 Thread 0x00000000189c3800 nmethod 2917 0x0000000002803bd0 code [0x0000000002803d20, 0x0000000002803e18]
Event: 8.503 Thread 0x00000000189c3800 2923       4       java.lang.Character::codePointAtImpl (41 bytes)
Event: 8.504 Thread 0x00000000189c3800 nmethod 2923 0x00000000028038d0 code [0x0000000002803a00, 0x0000000002803a98]

GC Heap History (10 events):
Event: 2.778 GC heap before
{Heap before GC invocations=4 (full 0):
 PSYoungGen      total 57344K, used 55527K [0x00000000d5580000, 0x00000000dc580000, 0x0000000100000000)
  eden space 49152K, 100% used [0x00000000d5580000,0x00000000d8580000,0x00000000d8580000)
  from space 8192K, 77% used [0x00000000d8580000,0x00000000d8bb9cf8,0x00000000d8d80000)
  to   space 8192K, 0% used [0x00000000dbd80000,0x00000000dbd80000,0x00000000dc580000)
 ParOldGen       total 131072K, used 24K [0x0000000080000000, 0x0000000088000000, 0x00000000d5580000)
  object space 131072K, 0% used [0x0000000080000000,0x0000000080006000,0x0000000088000000)
 Metaspace       used 17627K, capacity 17824K, committed 18176K, reserved 1064960K
  class space    used 1911K, capacity 2004K, committed 2048K, reserved 1048576K
Event: 2.788 GC heap after
Heap after GC invocations=4 (full 0):
 PSYoungGen      total 106496K, used 8169K [0x00000000d5580000, 0x00000000dc580000, 0x0000000100000000)
  eden space 98304K, 0% used [0x00000000d5580000,0x00000000d5580000,0x00000000db580000)
  from space 8192K, 99% used [0x00000000dbd80000,0x00000000dc57a680,0x00000000dc580000)
  to   space 8192K, 0% used [0x00000000db580000,0x00000000db580000,0x00000000dbd80000)
 ParOldGen       total 131072K, used 468K [0x0000000080000000, 0x0000000088000000, 0x00000000d5580000)
  object space 131072K, 0% used [0x0000000080000000,0x00000000800750f8,0x0000000088000000)
 Metaspace       used 17627K, capacity 17824K, committed 18176K, reserved 1064960K
  class space    used 1911K, capacity 2004K, committed 2048K, reserved 1048576K
}
Event: 3.484 GC heap before
{Heap before GC invocations=5 (full 0):
 PSYoungGen      total 106496K, used 62657K [0x00000000d5580000, 0x00000000dc580000, 0x0000000100000000)
  eden space 98304K, 55% used [0x00000000d5580000,0x00000000d8ab5fe0,0x00000000db580000)
  from space 8192K, 99% used [0x00000000dbd80000,0x00000000dc57a680,0x00000000dc580000)
  to   space 8192K, 0% used [0x00000000db580000,0x00000000db580000,0x00000000dbd80000)
 ParOldGen       total 131072K, used 468K [0x0000000080000000, 0x0000000088000000, 0x00000000d5580000)
  object space 131072K, 0% used [0x0000000080000000,0x00000000800750f8,0x0000000088000000)
 Metaspace       used 20791K, capacity 21068K, committed 21296K, reserved 1069056K
  class space    used 2311K, capacity 2422K, committed 2432K, reserved 1048576K
Event: 3.495 GC heap after
Heap after GC invocations=5 (full 0):
 PSYoungGen      total 106496K, used 8167K [0x00000000d5580000, 0x00000000e2a80000, 0x0000000100000000)
  eden space 98304K, 0% used [0x00000000d5580000,0x00000000d5580000,0x00000000db580000)
  from space 8192K, 99% used [0x00000000db580000,0x00000000dbd79c58,0x00000000dbd80000)
  to   space 10752K, 0% used [0x00000000e2000000,0x00000000e2000000,0x00000000e2a80000)
 ParOldGen       total 131072K, used 2165K [0x0000000080000000, 0x0000000088000000, 0x00000000d5580000)
  object space 131072K, 1% used [0x0000000080000000,0x000000008021d6f8,0x0000000088000000)
 Metaspace       used 20791K, capacity 21068K, committed 21296K, reserved 1069056K
  class space    used 2311K, capacity 2422K, committed 2432K, reserved 1048576K
}
Event: 3.495 GC heap before
{Heap before GC invocations=6 (full 1):
 PSYoungGen      total 106496K, used 8167K [0x00000000d5580000, 0x00000000e2a80000, 0x0000000100000000)
  eden space 98304K, 0% used [0x00000000d5580000,0x00000000d5580000,0x00000000db580000)
  from space 8192K, 99% used [0x00000000db580000,0x00000000dbd79c58,0x00000000dbd80000)
  to   space 10752K, 0% used [0x00000000e2000000,0x00000000e2000000,0x00000000e2a80000)
 ParOldGen       total 131072K, used 2165K [0x0000000080000000, 0x0000000088000000, 0x00000000d5580000)
  object space 131072K, 1% used [0x0000000080000000,0x000000008021d6f8,0x0000000088000000)
 Metaspace       used 20791K, capacity 21068K, committed 21296K, reserved 1069056K
  class space    used 2311K, capacity 2422K, committed 2432K, reserved 1048576K
Event: 3.540 GC heap after
Heap after GC invocations=6 (full 1):
 PSYoungGen      total 106496K, used 0K [0x00000000d5580000, 0x00000000e2a80000, 0x0000000100000000)
  eden space 98304K, 0% used [0x00000000d5580000,0x00000000d5580000,0x00000000db580000)
  from space 8192K, 0% used [0x00000000db580000,0x00000000db580000,0x00000000dbd80000)
  to   space 10752K, 0% used [0x00000000e2000000,0x00000000e2000000,0x00000000e2a80000)
 ParOldGen       total 84480K, used 9814K [0x0000000080000000, 0x0000000085280000, 0x00000000d5580000)
  object space 84480K, 11% used [0x0000000080000000,0x0000000080995aa0,0x0000000085280000)
 Metaspace       used 20791K, capacity 21068K, committed 21296K, reserved 1069056K
  class space    used 2311K, capacity 2422K, committed 2432K, reserved 1048576K
}
Event: 4.194 GC heap before
{Heap before GC invocations=7 (full 1):
 PSYoungGen      total 106496K, used 98304K [0x00000000d5580000, 0x00000000e2a80000, 0x0000000100000000)
  eden space 98304K, 100% used [0x00000000d5580000,0x00000000db580000,0x00000000db580000)
  from space 8192K, 0% used [0x00000000db580000,0x00000000db580000,0x00000000dbd80000)
  to   space 10752K, 0% used [0x00000000e2000000,0x00000000e2000000,0x00000000e2a80000)
 ParOldGen       total 84480K, used 9814K [0x0000000080000000, 0x0000000085280000, 0x00000000d5580000)
  object space 84480K, 11% used [0x0000000080000000,0x0000000080995aa0,0x0000000085280000)
 Metaspace       used 22040K, capacity 22410K, committed 22704K, reserved 1069056K
  class space    used 2435K, capacity 2547K, committed 2560K, reserved 1048576K
Event: 4.198 GC heap after
Heap after GC invocations=7 (full 1):
 PSYoungGen      total 148480K, used 2576K [0x00000000d5580000, 0x00000000e2300000, 0x0000000100000000)
  eden space 145408K, 0% used [0x00000000d5580000,0x00000000d5580000,0x00000000de380000)
  from space 3072K, 83% used [0x00000000e2000000,0x00000000e2284160,0x00000000e2300000)
  to   space 11264K, 0% used [0x00000000e0d00000,0x00000000e0d00000,0x00000000e1800000)
 ParOldGen       total 84480K, used 9822K [0x0000000080000000, 0x0000000085280000, 0x00000000d5580000)
  object space 84480K, 11% used [0x0000000080000000,0x0000000080997aa0,0x0000000085280000)
 Metaspace       used 22040K, capacity 22410K, committed 22704K, reserved 1069056K
  class space    used 2435K, capacity 2547K, committed 2560K, reserved 1048576K
}
Event: 5.327 GC heap before
{Heap before GC invocations=8 (full 1):
 PSYoungGen      total 148480K, used 147984K [0x00000000d5580000, 0x00000000e2300000, 0x0000000100000000)
  eden space 145408K, 100% used [0x00000000d5580000,0x00000000de380000,0x00000000de380000)
  from space 3072K, 83% used [0x00000000e2000000,0x00000000e2284160,0x00000000e2300000)
  to   space 11264K, 0% used [0x00000000e0d00000,0x00000000e0d00000,0x00000000e1800000)
 ParOldGen       total 84480K, used 9822K [0x0000000080000000, 0x0000000085280000, 0x00000000d5580000)
  object space 84480K, 11% used [0x0000000080000000,0x0000000080997aa0,0x0000000085280000)
 Metaspace       used 25515K, capacity 25960K, committed 26240K, reserved 1073152K
  class space    used 2936K, capacity 3083K, committed 3200K, reserved 1048576K
Event: 5.341 GC heap after
Heap after GC invocations=8 (full 1):
 PSYoungGen      total 199168K, used 9825K [0x00000000d5580000, 0x00000000e3f80000, 0x0000000100000000)
  eden space 187904K, 0% used [0x00000000d5580000,0x00000000d5580000,0x00000000e0d00000)
  from space 11264K, 87% used [0x00000000e0d00000,0x00000000e1698540,0x00000000e1800000)
  to   space 12288K, 0% used [0x00000000e3380000,0x00000000e3380000,0x00000000e3f80000)
 ParOldGen       total 84480K, used 9822K [0x0000000080000000, 0x0000000085280000, 0x00000000d5580000)
  object space 84480K, 11% used [0x0000000080000000,0x0000000080997aa0,0x0000000085280000)
 Metaspace       used 25515K, capacity 25960K, committed 26240K, reserved 1073152K
  class space    used 2936K, capacity 3083K, committed 3200K, reserved 1048576K
}

Deoptimization events (10 events):
Event: 7.120 Thread 0x0000000002525000 Uncommon trap: reason=unstable_if action=reinterpret pc=0x00000000030ca858 method=java.util.regex.Pattern$BmpCharProperty.match(Ljava/util/regex/Matcher;ILjava/lang/CharSequence;)Z @ 34
Event: 7.176 Thread 0x0000000002525000 Uncommon trap: reason=class_check action=maybe_recompile pc=0x0000000002e4599c method=java.util.HashSet.contains(Ljava/lang/Object;)Z @ 5
Event: 7.176 Thread 0x0000000002525000 Uncommon trap: reason=class_check action=maybe_recompile pc=0x0000000002e4599c method=java.util.HashSet.contains(Ljava/lang/Object;)Z @ 5
Event: 8.225 Thread 0x0000000002525000 Uncommon trap: reason=class_check action=maybe_recompile pc=0x0000000003133144 method=org.openqa.selenium.json.Input.init()V @ 18
Event: 8.225 Thread 0x0000000002525000 Uncommon trap: reason=class_check action=maybe_recompile pc=0x0000000003133144 method=org.openqa.selenium.json.Input.init()V @ 18
Event: 8.225 Thread 0x0000000002525000 Uncommon trap: reason=class_check action=maybe_recompile pc=0x0000000003133144 method=org.openqa.selenium.json.Input.init()V @ 18
Event: 8.225 Thread 0x0000000002525000 Uncommon trap: reason=class_check action=maybe_recompile pc=0x0000000003133144 method=org.openqa.selenium.json.Input.init()V @ 18
Event: 8.321 Thread 0x0000000002525000 Uncommon trap: reason=bimorphic action=maybe_recompile pc=0x0000000002b4cddc method=java.util.HashMap.putVal(ILjava/lang/Object;Ljava/lang/Object;ZZ)Ljava/lang/Object; @ 203
Event: 8.323 Thread 0x0000000002525000 Uncommon trap: reason=bimorphic action=maybe_recompile pc=0x0000000002b4cddc method=java.util.HashMap.putVal(ILjava/lang/Object;Ljava/lang/Object;ZZ)Ljava/lang/Object; @ 203
Event: 8.324 Thread 0x0000000002525000 Uncommon trap: reason=bimorphic action=maybe_recompile pc=0x0000000002b4cddc method=java.util.HashMap.putVal(ILjava/lang/Object;Ljava/lang/Object;ZZ)Ljava/lang/Object; @ 203

Classes redefined (0 events):
No events

Internal exceptions (10 events):
Event: 6.851 Thread 0x0000000002525000 Exception <a 'java/lang/NoSuchMethodError': java.lang.Object.lambda$chars$0()Ljava/util/Spliterator$OfInt;> (0x00000000d7000060) thrown at [C:\jenkins\workspace\zulu8-silver-build-win64\zulu-src\hotspot\src\share\vm\interpreter\linkResolver.cpp, line 620]
Event: 8.232 Thread 0x0000000002525000 Exception <a 'java/lang/NoSuchMethodError': java.lang.Object.lambda$getResponseFunction$0(Lorg/openqa/selenium/remote/InitialHandshakeResponse;)Lorg/openqa/selenium/remote/ProtocolHandshake$Result;> (0x00000000d861d390) thrown at [C:\jenkins\workspace\zul
Event: 8.371 Thread 0x0000000002525000 Exception <a 'java/net/SocketTimeoutException': Read timed out> (0x00000000d8a0e9f0) thrown at [C:\jenkins\workspace\zulu8-silver-build-win64\zulu-src\hotspot\src\share\vm\prims\jni.cpp, line 738]
Event: 8.387 Thread 0x0000000002525000 Exception <a 'java/net/SocketTimeoutException': Read timed out> (0x00000000d8a28bf8) thrown at [C:\jenkins\workspace\zulu8-silver-build-win64\zulu-src\hotspot\src\share\vm\prims\jni.cpp, line 738]
Event: 8.405 Thread 0x0000000002525000 Exception <a 'java/net/SocketTimeoutException': Read timed out> (0x00000000d8ab72a8) thrown at [C:\jenkins\workspace\zulu8-silver-build-win64\zulu-src\hotspot\src\share\vm\prims\jni.cpp, line 738]
Event: 8.432 Thread 0x0000000002525000 Exception <a 'java/net/SocketTimeoutException': Read timed out> (0x00000000d8aeaeb0) thrown at [C:\jenkins\workspace\zulu8-silver-build-win64\zulu-src\hotspot\src\share\vm\prims\jni.cpp, line 738]
Event: 8.447 Thread 0x0000000002525000 Exception <a 'java/net/SocketTimeoutException': Read timed out> (0x00000000d8b00da0) thrown at [C:\jenkins\workspace\zulu8-silver-build-win64\zulu-src\hotspot\src\share\vm\prims\jni.cpp, line 738]
Event: 8.471 Thread 0x0000000002525000 Exception <a 'java/lang/ClassNotFoundException': com/kms/katalon/core/webui/keyword/builtin/NavigateToUrlKeywordBeanInfo> (0x00000000d8d7fc18) thrown at [C:\jenkins\workspace\zulu8-silver-build-win64\zulu-src\hotspot\src\share\vm\classfile\systemDictionar
Event: 8.479 Thread 0x0000000002525000 Exception <a 'java/lang/ClassNotFoundException': com/kms/katalon/core/webui/keyword/builtin/NavigateToUrlKeywordCustomizer> (0x00000000d8e5bca8) thrown at [C:\jenkins\workspace\zulu8-silver-build-win64\zulu-src\hotspot\src\share\vm\classfile\systemDiction
Event: 8.510 Thread 0x0000000002525000 Exception <a 'java/net/SocketTimeoutException': Read timed out> (0x00000000d8fd5f48) thrown at [C:\jenkins\workspace\zulu8-silver-build-win64\zulu-src\hotspot\src\share\vm\prims\jni.cpp, line 738]

Events (10 events):
Event: 8.474 loading class com/kms/katalon/core/webui/keyword/builtin/NavigateToUrlKeywordCustomizer
Event: 8.474 loading class com/kms/katalon/core/webui/keyword/builtin/NavigateToUrlKeywordCustomizer done
Event: 8.479 loading class com/kms/katalon/core/webui/keyword/builtin/NavigateToUrlKeywordCustomizer
Event: 8.479 loading class com/kms/katalon/core/webui/keyword/builtin/NavigateToUrlKeywordCustomizer done
Event: 8.488 loading class groovy/runtime/metaclass/com/kms/katalon/core/webui/keyword/builtin/NavigateToUrlKeyword$_navigateToUrl_closure1MetaClass
Event: 8.488 loading class groovy/runtime/metaclass/com/kms/katalon/core/webui/keyword/builtin/NavigateToUrlKeyword$_navigateToUrl_closure1MetaClass done
Event: 8.491 loading class java/nio/file/InvalidPathException
Event: 8.491 loading class java/nio/file/InvalidPathException done
Event: 8.491 loading class sun/net/www/protocol/https/Handler
Event: 8.491 loading class sun/net/www/protocol/https/Handler done


Dynamic libraries:
0x00007ff7f7ef0000 - 0x00007ff7f7f25000 	D:\Programs\Katalon_Studio_Windows_64-8.2.0_4\Katalon_Studio_Windows_64-8.2.0\jre\bin\javaw.exe
0x00007ff95d650000 - 0x00007ff95d848000 	C:\Windows\SYSTEM32\ntdll.dll
0x00007ff95d100000 - 0x00007ff95d1bf000 	C:\Windows\System32\KERNEL32.DLL
0x00007ff95ad40000 - 0x00007ff95b012000 	C:\Windows\System32\KERNELBASE.dll
0x00007ff95c740000 - 0x00007ff95c7ee000 	C:\Windows\System32\ADVAPI32.dll
0x00007ff95d2a0000 - 0x00007ff95d33e000 	C:\Windows\System32\msvcrt.dll
0x00007ff95d060000 - 0x00007ff95d0fc000 	C:\Windows\System32\sechost.dll
0x00007ff95bf20000 - 0x00007ff95c045000 	C:\Windows\System32\RPCRT4.dll
0x00007ff95c7f0000 - 0x00007ff95c991000 	C:\Windows\System32\USER32.dll
0x00007ff95b4b0000 - 0x00007ff95b4d2000 	C:\Windows\System32\win32u.dll
0x00007ff95d3b0000 - 0x00007ff95d3db000 	C:\Windows\System32\GDI32.dll
0x00007ff95b150000 - 0x00007ff95b25f000 	C:\Windows\System32\gdi32full.dll
0x00007ff95b260000 - 0x00007ff95b2fd000 	C:\Windows\System32\msvcp_win.dll
0x00007ff95b050000 - 0x00007ff95b150000 	C:\Windows\System32\ucrtbase.dll
0x00007ff944550000 - 0x00007ff9447ea000 	C:\Windows\WinSxS\amd64_microsoft.windows.common-controls_6595b64144ccf1df_6.0.19041.1110_none_60b5254171f9507e\COMCTL32.dll
0x00007ff95d020000 - 0x00007ff95d052000 	C:\Windows\System32\IMM32.DLL
0x0000000074db0000 - 0x0000000074e82000 	D:\Programs\Katalon_Studio_Windows_64-8.2.0_4\Katalon_Studio_Windows_64-8.2.0\jre\bin\msvcr100.dll
0x0000000073340000 - 0x0000000073c05000 	D:\Programs\Katalon_Studio_Windows_64-8.2.0_4\Katalon_Studio_Windows_64-8.2.0\jre\bin\server\jvm.dll
0x00007ff95cf40000 - 0x00007ff95cf48000 	C:\Windows\System32\PSAPI.DLL
0x00007ff9535f0000 - 0x00007ff9535f9000 	C:\Windows\SYSTEM32\WSOCK32.dll
0x00007ff95d340000 - 0x00007ff95d3ab000 	C:\Windows\System32\WS2_32.dll
0x00007ff945d50000 - 0x00007ff945d77000 	C:\Windows\SYSTEM32\WINMM.dll
0x00007ff9508b0000 - 0x00007ff9508ba000 	C:\Windows\SYSTEM32\VERSION.dll
0x00007ff955df0000 - 0x00007ff955dff000 	D:\Programs\Katalon_Studio_Windows_64-8.2.0_4\Katalon_Studio_Windows_64-8.2.0\jre\bin\verify.dll
0x00007ff94e970000 - 0x00007ff94e999000 	D:\Programs\Katalon_Studio_Windows_64-8.2.0_4\Katalon_Studio_Windows_64-8.2.0\jre\bin\java.dll
0x00007ff955880000 - 0x00007ff955896000 	D:\Programs\Katalon_Studio_Windows_64-8.2.0_4\Katalon_Studio_Windows_64-8.2.0\jre\bin\zip.dll
0x00007ff95b7d0000 - 0x00007ff95bf14000 	C:\Windows\System32\SHELL32.dll
0x00007ff958e00000 - 0x00007ff959592000 	C:\Windows\SYSTEM32\windows.storage.dll
0x00007ff95c380000 - 0x00007ff95c6d5000 	C:\Windows\System32\combase.dll
0x00007ff95a7a0000 - 0x00007ff95a7d0000 	C:\Windows\SYSTEM32\Wldp.dll
0x00007ff95ce90000 - 0x00007ff95cf3d000 	C:\Windows\System32\SHCORE.dll
0x00007ff95d400000 - 0x00007ff95d455000 	C:\Windows\System32\shlwapi.dll
0x00007ff95ac80000 - 0x00007ff95ac9f000 	C:\Windows\SYSTEM32\profapi.dll
0x00007ff9539e0000 - 0x00007ff9539fb000 	D:\Programs\Katalon_Studio_Windows_64-8.2.0_4\Katalon_Studio_Windows_64-8.2.0\jre\bin\net.dll
0x00007ff95a500000 - 0x00007ff95a56a000 	C:\Windows\system32\mswsock.dll
0x00007ff950220000 - 0x00007ff950231000 	D:\Programs\Katalon_Studio_Windows_64-8.2.0_4\Katalon_Studio_Windows_64-8.2.0\jre\bin\nio.dll
0x00007ff95a1f0000 - 0x00007ff95a2ba000 	C:\Windows\SYSTEM32\DNSAPI.dll
0x00007ff95a1a0000 - 0x00007ff95a1db000 	C:\Windows\SYSTEM32\IPHLPAPI.DLL
0x00007ff95c9a0000 - 0x00007ff95c9a8000 	C:\Windows\System32\NSI.dll
0x0000000074ba0000 - 0x0000000074bc6000 	C:\Program Files\Bonjour\mdnsNSP.dll
0x00007ff94c3b0000 - 0x00007ff94c3ba000 	C:\Windows\System32\rasadhlp.dll
0x00007ff948cf0000 - 0x00007ff948d70000 	C:\Windows\System32\fwpuclnt.dll
0x00007ff95b020000 - 0x00007ff95b047000 	C:\Windows\System32\bcrypt.dll
0x00007ff94e170000 - 0x00007ff94e194000 	D:\Programs\Katalon_Studio_Windows_64-8.2.0_4\Katalon_Studio_Windows_64-8.2.0\jre\bin\sunec.dll
0x00007ff953910000 - 0x00007ff95391c000 	D:\Programs\Katalon_Studio_Windows_64-8.2.0_4\Katalon_Studio_Windows_64-8.2.0\jre\bin\sunmscapi.dll
0x00007ff95b530000 - 0x00007ff95b686000 	C:\Windows\System32\CRYPT32.dll
0x00007ff95a810000 - 0x00007ff95a837000 	C:\Windows\SYSTEM32\ncrypt.dll
0x00007ff95a7d0000 - 0x00007ff95a80b000 	C:\Windows\SYSTEM32\NTASN1.dll
0x00007ff95a6f0000 - 0x00007ff95a708000 	C:\Windows\SYSTEM32\CRYPTSP.dll
0x00007ff959db0000 - 0x00007ff959de4000 	C:\Windows\system32\rsaenh.dll
0x00007ff95ac00000 - 0x00007ff95ac2e000 	C:\Windows\SYSTEM32\USERENV.dll
0x00007ff95b300000 - 0x00007ff95b382000 	C:\Windows\System32\bcryptprimitives.dll
0x00007ff95a710000 - 0x00007ff95a71c000 	C:\Windows\SYSTEM32\CRYPTBASE.dll
0x00007ff9527a0000 - 0x00007ff9527b7000 	C:\Windows\SYSTEM32\dhcpcsvc6.DLL
0x00007ff9521f0000 - 0x00007ff95220d000 	C:\Windows\SYSTEM32\dhcpcsvc.DLL

VM Arguments:
jvm_args: -Dgroovy.home=C:\Users\asus/.groovy -Djava.system.class.loader=groovy.lang.GroovyClassLoader -Xmx2048m -Dfile.encoding=UTF-8 
java_command: org.codehaus.groovy.tools.GroovyStarter --classpath D:\Automation\Katalon Studio\QuotaFlow\bin\keyword;D:\Automation\Katalon Studio\QuotaFlow\Keywords;D:\Automation\Katalon Studio\QuotaFlow\bin\listener;D:\Automation\Katalon Studio\QuotaFlow\Test Listeners;D:\Automation\Katalon Studio\QuotaFlow\bin\lib;D:\Automation\Katalon Studio\QuotaFlow\Libs;D:\Automation\Katalon Studio\QuotaFlow\bin\groovy;D:\Automation\Katalon Studio\QuotaFlow\Include\scripts\groovy;D:\Programs\Katalon_Studio_Windows_64-8.2.0_4\Katalon_Studio_Windows_64-8.2.0\plugins\com.kms.katalon.core_1.0.0.202111170230.jar;D:\Programs\Katalon_Studio_Windows_64-8.2.0_4\Katalon_Studio_Windows_64-8.2.0\configuration\resources\lib\aalto-xml-1.0.0.jar;D:\Programs\Katalon_Studio_Windows_64-8.2.0_4\Katalon_Studio_Windows_64-8.2.0\configuration\resources\lib\aspectjweaver-1.9.1.jar;D:\Programs\Katalon_Studio_Windows_64-8.2.0_4\Katalon_Studio_Windows_64-8.2.0\configuration\resources\lib\bcpkix-jdk15on-1.64.jar;D:\Programs\Katalon_Studio_Windows_64-8.2.0_4\Katalon_Studio_Windows_64-8.2.0\configuration\resources\lib\bcprov-jdk15on-1.64.jar;D:\Programs\Katalon_Studio_Windows_64-8.2.0_4\Katalon_Studio_Windows_64-8.2.0\configuration\resources\lib\browsermob-core-2.1.5.jar;D:\Programs\Katalon_Studio_Windows_64-8.2.0_4\Katalon_Studio_Windows_64-8.2.0\configuration\resources\lib\cglib-3.2.10.jar;D:\Programs\Katalon_Studio_Windows_64-8.2.0_4\Katalon_Studio_Windows_64-8.2.0\configuration\resources\lib\commons-codec-1.10.jar;D:\Programs\Katalon_Studio_Windows_64-8.2.0_4\Katalon_Studio_Windows_64-8.2.0\configuration\resources\lib\commons-collections4-4.1.jar;D:\Programs\Katalon_Studio_Windows_64-8.2.0_4\Katalon_Studio_Windows_64-8.2.0\configuration\resources\lib\commons-validator-1.6.jar;D:\Programs\Katalon_Studio_Windows_64-8.2.0_4\Katalon_Studio_Windows_64-8.2.0\configuration\resources\lib\curvesapi-1.04.jar;D:\Programs\Katalon_Studio_Windows_64-8.2.0_4\Katalon_Studio_Windows_64-8.2.0\configuration\resources\
java_class_path (initial): D:\Automation\Katalon Studio\QuotaFlow\bin\keyword;D:\Automation\Katalon Studio\QuotaFlow\bin\listener;D:\Automation\Katalon Studio\QuotaFlow\bin\lib;D:\Automation\Katalon Studio\QuotaFlow\bin\groovy;D:\Automation\Katalon Studio\QuotaFlow\bin;D:\Programs\Katalon_Studio_Windows_64-8.2.0_4\Katalon_Studio_Windows_64-8.2.0\plugins\com.kms.katalon.core_1.0.0.202111170230.jar;D:\Programs\Katalon_Studio_Windows_64-8.2.0_4\Katalon_Studio_Windows_64-8.2.0\configuration\resources\lib\aalto-xml-1.0.0.jar;D:\Programs\Katalon_Studio_Windows_64-8.2.0_4\Katalon_Studio_Windows_64-8.2.0\configuration\resources\lib\aspectjweaver-1.9.1.jar;D:\Programs\Katalon_Studio_Windows_64-8.2.0_4\Katalon_Studio_Windows_64-8.2.0\configuration\resources\lib\bcpkix-jdk15on-1.64.jar;D:\Programs\Katalon_Studio_Windows_64-8.2.0_4\Katalon_Studio_Windows_64-8.2.0\configuration\resources\lib\bcprov-jdk15on-1.64.jar;D:\Programs\Katalon_Studio_Windows_64-8.2.0_4\Katalon_Studio_Windows_64-8.2.0\configuration\resources\lib\browsermob-core-2.1.5.jar;D:\Programs\Katalon_Studio_Windows_64-8.2.0_4\Katalon_Studio_Windows_64-8.2.0\configuration\resources\lib\cglib-3.2.10.jar;D:\Programs\Katalon_Studio_Windows_64-8.2.0_4\Katalon_Studio_Windows_64-8.2.0\configuration\resources\lib\commons-codec-1.10.jar;D:\Programs\Katalon_Studio_Windows_64-8.2.0_4\Katalon_Studio_Windows_64-8.2.0\configuration\resources\lib\commons-collections4-4.1.jar;D:\Programs\Katalon_Studio_Windows_64-8.2.0_4\Katalon_Studio_Windows_64-8.2.0\configuration\resources\lib\commons-validator-1.6.jar;D:\Programs\Katalon_Studio_Windows_64-8.2.0_4\Katalon_Studio_Windows_64-8.2.0\configuration\resources\lib\curvesapi-1.04.jar;D:\Programs\Katalon_Studio_Windows_64-8.2.0_4\Katalon_Studio_Windows_64-8.2.0\configuration\resources\lib\dnsjava-2.1.8.jar;D:\Programs\Katalon_Studio_Windows_64-8.2.0_4\Katalon_Studio_Windows_64-8.2.0\configuration\resources\lib\java-client-7.0.0.jar;D:\Programs\Katalon_Studio_Windows_64-8.2.0_4\Katalon_
Launcher Type: SUN_STANDARD

Environment Variables:
JAVA_HOME=C:\Program Files\Java\jdk-16.0.2
PATH=D:/Programs/Katalon_Studio_Windows_64-8.2.0_4/Katalon_Studio_Windows_64-8.2.0/jre/bin/server;D:/Programs/Katalon_Studio_Windows_64-8.2.0_4/Katalon_Studio_Windows_64-8.2.0/jre/bin;D:/Programs/Katalon_Studio_Windows_64-8.2.0_4/Katalon_Studio_Windows_64-8.2.0/jre/lib/amd64;G:\Application\Common Files\Oracle\Java\javapath;C:\Windows\system32;C:\Windows;C:\Windows\System32\Wbem;C:\Windows\System32\WindowsPowerShell\v1.0\;C:\Windows\System32\OpenSSH\;C:\Program Files (x86)\NVIDIA Corporation\PhysX\Common;C:\xampp\php;C:\ProgramData\ComposerSetup\bin;D:\Programs\MikTex 2.9\miktex\bin\x64\;D:\Git\cmd;C:\Program Files\Java\jdk-16.0.2\bin;D:\Programs\Nodejs\;C:\Users\asus\AppData\Local\Programs\Python\Python310\Scripts\;C:\Users\asus\AppData\Local\Programs\Python\Python310\;C:\Users\asus\AppData\Local\Microsoft\WindowsApps;D:\Programs\Visual Studio\Microsoft VS Code\bin;C:\Users\asus\AppData\Roaming\Composer\vendor\bin;D:\Programs\heroku\bin;C:\Users\asus\AppData\Roaming\npm;D:\Programs\Intellij IDEA CE\IntelliJ IDEA Community Edition 2022.2.3\bin;;D:\Programs\Katalon_Studio_Windows_64-8.2.0_4\Katalon_Studio_Windows_64-8.2.0;
USERNAME=asus
OS=Windows_NT
PROCESSOR_IDENTIFIER=Intel64 Family 6 Model 142 Stepping 9, GenuineIntel



---------------  S Y S T E M  ---------------

OS: Windows 10.0 , 64 bit Build 19041 (10.0.19041.2364)

CPU:total 4 (initial active 4) (2 cores per cpu, 2 threads per core) family 6 model 142 stepping 9, cmov, cx8, fxsr, mmx, sse, sse2, sse3, ssse3, sse4.1, sse4.2, popcnt, avx, avx2, aes, clmul, erms, 3dnowpref, lzcnt, ht, tsc, tscinvbit, bmi1, bmi2, adx

Memory: 4k page, physical 12460568k(1637072k free), swap 14557720k(4216k free)

vm_info: OpenJDK 64-Bit Server VM (25.282-b08) for windows-amd64 JRE (Zulu 8.52.0.23-CA-win64) (1.8.0_282-b08), built on Jan 12 2021 07:45:49 by "tester" with MS VC++ 10.0 (VS2010)

time: Wed Feb 15 10:12:03 2023
timezone: SE Asia Standard Time
elapsed time: 8.569029 seconds (0d 0h 0m 8s)

