#
# There is insufficient memory for the Java Runtime Environment to continue.
# Native memory allocation (malloc) failed to allocate 32744 bytes for ChunkPool::allocate
# Possible reasons:
#   The system is out of physical RAM or swap space
#   The process is running with CompressedOops enabled, and the Java Heap may be blocking the growth of the native heap
# Possible solutions:
#   Reduce memory load on the system
#   Increase physical memory or swap space
#   Check if swap backing store is full
#   Decrease Java heap size (-Xmx/-Xms)
#   Decrease number of Java threads
#   Decrease Java thread stack sizes (-Xss)
#   Set larger code cache with -XX:ReservedCodeCacheSize=
#   JVM is running with Unscaled Compressed Oops mode in which the Java heap is
#     placed in the first 4GB address space. The Java Heap base address is the
#     maximum limit for the native heap growth. Please use -XX:HeapBaseMinAddress
#     to set the Java Heap base and to place the Java Heap above 4GB virtual address.
# This output file may be truncated or incomplete.
#
#  Out of Memory Error (allocation.cpp:272), pid=14132, tid=0x00000000000034f0
#
# JRE version: OpenJDK Runtime Environment (Zulu 8.52.0.23-CA-win64) (8.0_282-b08) (build 1.8.0_282-b08)
# Java VM: OpenJDK 64-Bit Server VM (25.282-b08 mixed mode windows-amd64 compressed oops)
# Failed to write core dump. Minidumps are not enabled by default on client versions of Windows
#

---------------  T H R E A D  ---------------

Current thread (0x00000000193dd800):  JavaThread "C2 CompilerThread1" daemon [_thread_in_native, id=13552, stack(0x00000000197a0000,0x00000000198a0000)]

Stack: [0x00000000197a0000,0x00000000198a0000]
[error occurred during error reporting (printing stack bounds), id 0xc0000005]

Native frames: (J=compiled Java code, j=interpreted, Vv=VM code, C=native code)


Current CompileTask:
C2:   9543 2947       4       java.net.URLClassLoader$1::run (5 bytes)


---------------  P R O C E S S  ---------------

Java Threads: ( => current thread )
  0x000000001d5b2800 JavaThread "Okio Watchdog" daemon [_thread_blocked, id=21360, stack(0x000000001f8a0000,0x000000001f9a0000)]
  0x000000001a0ec000 JavaThread "OkHttp ConnectionPool" daemon [_thread_blocked, id=2064, stack(0x000000001f7a0000,0x000000001f8a0000)]
  0x000000001bf90800 JavaThread "ForkJoinPool.commonPool-worker-2" daemon [_thread_blocked, id=8008, stack(0x000000001f3a0000,0x000000001f4a0000)]
  0x000000001d657800 JavaThread "ForkJoinPool.commonPool-worker-1" daemon [_thread_blocked, id=17896, stack(0x000000001f2a0000,0x000000001f3a0000)]
  0x000000001c8b1000 JavaThread "Keep-Alive-Timer" daemon [_thread_blocked, id=27204, stack(0x000000001efa0000,0x000000001f0a0000)]
  0x000000001c8af800 JavaThread "Exec Stream Pumper" daemon [_thread_in_native, id=14404, stack(0x000000001eda0000,0x000000001eea0000)]
  0x000000001a7c0800 JavaThread "Exec Stream Pumper" daemon [_thread_in_native, id=27180, stack(0x000000001eca0000,0x000000001eda0000)]
  0x000000001a7bf800 JavaThread "UrlChecker-2" daemon [_thread_blocked, id=23280, stack(0x000000001e800000,0x000000001e900000)]
  0x000000001c5b5000 JavaThread "Exec Default Executor" daemon [_thread_in_native, id=26348, stack(0x000000001e700000,0x000000001e800000)]
  0x0000000019425800 JavaThread "Service Thread" daemon [_thread_blocked, id=26340, stack(0x00000000199a0000,0x0000000019aa0000)]
  0x00000000193e1000 JavaThread "C1 CompilerThread2" daemon [_thread_blocked, id=10868, stack(0x00000000198a0000,0x00000000199a0000)]
=>0x00000000193dd800 JavaThread "C2 CompilerThread1" daemon [_thread_in_native, id=13552, stack(0x00000000197a0000,0x00000000198a0000)]
  0x00000000193da800 JavaThread "C2 CompilerThread0" daemon [_thread_in_vm, id=24644, stack(0x00000000196a0000,0x00000000197a0000)]
  0x0000000019360000 JavaThread "Attach Listener" daemon [_thread_blocked, id=25596, stack(0x00000000195a0000,0x00000000196a0000)]
  0x00000000193ce800 JavaThread "Signal Dispatcher" daemon [_thread_blocked, id=6172, stack(0x00000000194a0000,0x00000000195a0000)]
  0x0000000017c2b000 JavaThread "Finalizer" daemon [_thread_blocked, id=3432, stack(0x0000000018ea0000,0x0000000018fa0000)]
  0x0000000017c23800 JavaThread "Reference Handler" daemon [_thread_blocked, id=25832, stack(0x0000000018da0000,0x0000000018ea0000)]
  0x0000000002f25000 JavaThread "main" [_thread_in_native, id=6580, stack(0x0000000002e10000,0x0000000002f10000)]

Other Threads:
  0x0000000017bf8000 VMThread [stack: 0x0000000018ca0000,0x0000000018da0000] [id=26064]
  0x0000000019426800 WatcherThread [stack: 0x0000000019aa0000,0x0000000019ba0000] [id=7344]

VM state:not at safepoint (normal execution)

VM Mutex/Monitor currently owned by a thread: None

heap address: 0x0000000080000000, size: 2048 MB, Compressed Oops mode: 32-bit
Narrow klass base: 0x0000000000000000, Narrow klass shift: 3
Compressed class space size: 1073741824 Address: 0x0000000100000000

Heap:
 PSYoungGen      total 199168K, used 79102K [0x00000000d5580000, 0x00000000e3b80000, 0x0000000100000000)
  eden space 187904K, 36% used [0x00000000d5580000,0x00000000d98f8e60,0x00000000e0d00000)
  from space 11264K, 88% used [0x00000000e0d00000,0x00000000e16c6c30,0x00000000e1800000)
  to   space 12288K, 0% used [0x00000000e2f80000,0x00000000e2f80000,0x00000000e3b80000)
 ParOldGen       total 85504K, used 9857K [0x0000000080000000, 0x0000000085380000, 0x00000000d5580000)
  object space 85504K, 11% used [0x0000000080000000,0x00000000809a0500,0x0000000085380000)
 Metaspace       used 30340K, capacity 31244K, committed 31360K, reserved 1077248K
  class space    used 3617K, capacity 3869K, committed 3968K, reserved 1048576K

Card table byte_map: [0x00000000123d0000,0x00000000127e0000] byte_map_base: 0x0000000011fd0000

Marking Bits: (ParMarkBitMap*) 0x0000000073b81f00
 Begin Bits: [0x0000000012e90000, 0x0000000014e90000)
 End Bits:   [0x0000000014e90000, 0x0000000016e90000)

Polling page: 0x0000000002b80000

CodeCache: size=245760Kb used=11848Kb max_used=11848Kb free=233911Kb
 bounds [0x0000000003010000, 0x0000000003bb0000, 0x0000000012010000]
 total_blobs=3558 nmethods=2867 adapters=601
 compilation: enabled

Compilation events (10 events):
Event: 9.501 Thread 0x00000000193e1000 2943       3       java.util.LinkedList$ListItr::<init> (47 bytes)
Event: 9.501 Thread 0x00000000193e1000 nmethod 2943 0x0000000003b9f510 code [0x0000000003b9f680, 0x0000000003b9f9a8]
Event: 9.504 Thread 0x00000000193e1000 2944       3       sun.misc.CompoundEnumeration::hasMoreElements (5 bytes)
Event: 9.504 Thread 0x00000000193e1000 nmethod 2944 0x0000000003b9fad0 code [0x0000000003b9fc40, 0x0000000003b9fdc8]
Event: 9.505 Thread 0x00000000193e1000 2945       1       java.nio.Buffer::capacity (5 bytes)
Event: 9.505 Thread 0x00000000193e1000 nmethod 2945 0x0000000003b96d90 code [0x0000000003b96ee0, 0x0000000003b96ff0]
Event: 9.506 Thread 0x00000000193e1000 2946       3       org.codehaus.groovy.control.ResolveVisitor::resolveNestedClass (438 bytes)
Event: 9.508 Thread 0x00000000193dd800 2947       4       java.net.URLClassLoader$1::run (5 bytes)
Event: 9.508 Thread 0x00000000193da800 2948   !   4       java.net.URLClassLoader$1::run (63 bytes)
Event: 9.511 Thread 0x00000000193e1000 nmethod 2946 0x0000000003b9fe50 code [0x0000000003ba0580, 0x0000000003ba52b8]

GC Heap History (10 events):
Event: 2.542 GC heap before
{Heap before GC invocations=4 (full 0):
 PSYoungGen      total 57344K, used 55120K [0x00000000d5580000, 0x00000000dc580000, 0x0000000100000000)
  eden space 49152K, 100% used [0x00000000d5580000,0x00000000d8580000,0x00000000d8580000)
  from space 8192K, 72% used [0x00000000d8580000,0x00000000d8b54258,0x00000000d8d80000)
  to   space 8192K, 0% used [0x00000000dbd80000,0x00000000dbd80000,0x00000000dc580000)
 ParOldGen       total 131072K, used 24K [0x0000000080000000, 0x0000000088000000, 0x00000000d5580000)
  object space 131072K, 0% used [0x0000000080000000,0x0000000080006000,0x0000000088000000)
 Metaspace       used 17560K, capacity 17824K, committed 18176K, reserved 1064960K
  class space    used 1902K, capacity 2004K, committed 2048K, reserved 1048576K
Event: 2.551 GC heap after
Heap after GC invocations=4 (full 0):
 PSYoungGen      total 106496K, used 8184K [0x00000000d5580000, 0x00000000dc580000, 0x0000000100000000)
  eden space 98304K, 0% used [0x00000000d5580000,0x00000000d5580000,0x00000000db580000)
  from space 8192K, 99% used [0x00000000dbd80000,0x00000000dc57e1c0,0x00000000dc580000)
  to   space 8192K, 0% used [0x00000000db580000,0x00000000db580000,0x00000000dbd80000)
 ParOldGen       total 131072K, used 485K [0x0000000080000000, 0x0000000088000000, 0x00000000d5580000)
  object space 131072K, 0% used [0x0000000080000000,0x0000000080079700,0x0000000088000000)
 Metaspace       used 17560K, capacity 17824K, committed 18176K, reserved 1064960K
  class space    used 1902K, capacity 2004K, committed 2048K, reserved 1048576K
}
Event: 3.180 GC heap before
{Heap before GC invocations=5 (full 0):
 PSYoungGen      total 106496K, used 64759K [0x00000000d5580000, 0x00000000dc580000, 0x0000000100000000)
  eden space 98304K, 57% used [0x00000000d5580000,0x00000000d8cbfc00,0x00000000db580000)
  from space 8192K, 99% used [0x00000000dbd80000,0x00000000dc57e1c0,0x00000000dc580000)
  to   space 8192K, 0% used [0x00000000db580000,0x00000000db580000,0x00000000dbd80000)
 ParOldGen       total 131072K, used 485K [0x0000000080000000, 0x0000000088000000, 0x00000000d5580000)
  object space 131072K, 0% used [0x0000000080000000,0x0000000080079700,0x0000000088000000)
 Metaspace       used 20782K, capacity 21004K, committed 21296K, reserved 1069056K
  class space    used 2313K, capacity 2422K, committed 2432K, reserved 1048576K
Event: 3.193 GC heap after
Heap after GC invocations=5 (full 0):
 PSYoungGen      total 106496K, used 8182K [0x00000000d5580000, 0x00000000e2a80000, 0x0000000100000000)
  eden space 98304K, 0% used [0x00000000d5580000,0x00000000d5580000,0x00000000db580000)
  from space 8192K, 99% used [0x00000000db580000,0x00000000dbd7d9a0,0x00000000dbd80000)
  to   space 10752K, 0% used [0x00000000e2000000,0x00000000e2000000,0x00000000e2a80000)
 ParOldGen       total 131072K, used 2203K [0x0000000080000000, 0x0000000088000000, 0x00000000d5580000)
  object space 131072K, 1% used [0x0000000080000000,0x0000000080226f58,0x0000000088000000)
 Metaspace       used 20782K, capacity 21004K, committed 21296K, reserved 1069056K
  class space    used 2313K, capacity 2422K, committed 2432K, reserved 1048576K
}
Event: 3.193 GC heap before
{Heap before GC invocations=6 (full 1):
 PSYoungGen      total 106496K, used 8182K [0x00000000d5580000, 0x00000000e2a80000, 0x0000000100000000)
  eden space 98304K, 0% used [0x00000000d5580000,0x00000000d5580000,0x00000000db580000)
  from space 8192K, 99% used [0x00000000db580000,0x00000000dbd7d9a0,0x00000000dbd80000)
  to   space 10752K, 0% used [0x00000000e2000000,0x00000000e2000000,0x00000000e2a80000)
 ParOldGen       total 131072K, used 2203K [0x0000000080000000, 0x0000000088000000, 0x00000000d5580000)
  object space 131072K, 1% used [0x0000000080000000,0x0000000080226f58,0x0000000088000000)
 Metaspace       used 20782K, capacity 21004K, committed 21296K, reserved 1069056K
  class space    used 2313K, capacity 2422K, committed 2432K, reserved 1048576K
Event: 3.240 GC heap after
Heap after GC invocations=6 (full 1):
 PSYoungGen      total 106496K, used 0K [0x00000000d5580000, 0x00000000e2a80000, 0x0000000100000000)
  eden space 98304K, 0% used [0x00000000d5580000,0x00000000d5580000,0x00000000db580000)
  from space 8192K, 0% used [0x00000000db580000,0x00000000db580000,0x00000000dbd80000)
  to   space 10752K, 0% used [0x00000000e2000000,0x00000000e2000000,0x00000000e2a80000)
 ParOldGen       total 85504K, used 9849K [0x0000000080000000, 0x0000000085380000, 0x00000000d5580000)
  object space 85504K, 11% used [0x0000000080000000,0x000000008099e500,0x0000000085380000)
 Metaspace       used 20782K, capacity 21004K, committed 21296K, reserved 1069056K
  class space    used 2313K, capacity 2422K, committed 2432K, reserved 1048576K
}
Event: 3.925 GC heap before
{Heap before GC invocations=7 (full 1):
 PSYoungGen      total 106496K, used 98304K [0x00000000d5580000, 0x00000000e2a80000, 0x0000000100000000)
  eden space 98304K, 100% used [0x00000000d5580000,0x00000000db580000,0x00000000db580000)
  from space 8192K, 0% used [0x00000000db580000,0x00000000db580000,0x00000000dbd80000)
  to   space 10752K, 0% used [0x00000000e2000000,0x00000000e2000000,0x00000000e2a80000)
 ParOldGen       total 85504K, used 9849K [0x0000000080000000, 0x0000000085380000, 0x00000000d5580000)
  object space 85504K, 11% used [0x0000000080000000,0x000000008099e500,0x0000000085380000)
 Metaspace       used 22029K, capacity 22346K, committed 22704K, reserved 1069056K
  class space    used 2438K, capacity 2547K, committed 2560K, reserved 1048576K
Event: 3.931 GC heap after
Heap after GC invocations=7 (full 1):
 PSYoungGen      total 147456K, used 2592K [0x00000000d5580000, 0x00000000e2300000, 0x0000000100000000)
  eden space 144384K, 0% used [0x00000000d5580000,0x00000000d5580000,0x00000000de280000)
  from space 3072K, 84% used [0x00000000e2000000,0x00000000e2288150,0x00000000e2300000)
  to   space 11264K, 0% used [0x00000000e0d00000,0x00000000e0d00000,0x00000000e1800000)
 ParOldGen       total 85504K, used 9857K [0x0000000080000000, 0x0000000085380000, 0x00000000d5580000)
  object space 85504K, 11% used [0x0000000080000000,0x00000000809a0500,0x0000000085380000)
 Metaspace       used 22029K, capacity 22346K, committed 22704K, reserved 1069056K
  class space    used 2438K, capacity 2547K, committed 2560K, reserved 1048576K
}
Event: 4.965 GC heap before
{Heap before GC invocations=8 (full 1):
 PSYoungGen      total 147456K, used 146976K [0x00000000d5580000, 0x00000000e2300000, 0x0000000100000000)
  eden space 144384K, 100% used [0x00000000d5580000,0x00000000de280000,0x00000000de280000)
  from space 3072K, 84% used [0x00000000e2000000,0x00000000e2288150,0x00000000e2300000)
  to   space 11264K, 0% used [0x00000000e0d00000,0x00000000e0d00000,0x00000000e1800000)
 ParOldGen       total 85504K, used 9857K [0x0000000080000000, 0x0000000085380000, 0x00000000d5580000)
  object space 85504K, 11% used [0x0000000080000000,0x00000000809a0500,0x0000000085380000)
 Metaspace       used 25561K, capacity 25966K, committed 26240K, reserved 1073152K
  class space    used 2941K, capacity 3084K, committed 3200K, reserved 1048576K
Event: 4.978 GC heap after
Heap after GC invocations=8 (full 1):
 PSYoungGen      total 199168K, used 10011K [0x00000000d5580000, 0x00000000e3b80000, 0x0000000100000000)
  eden space 187904K, 0% used [0x00000000d5580000,0x00000000d5580000,0x00000000e0d00000)
  from space 11264K, 88% used [0x00000000e0d00000,0x00000000e16c6c30,0x00000000e1800000)
  to   space 12288K, 0% used [0x00000000e2f80000,0x00000000e2f80000,0x00000000e3b80000)
 ParOldGen       total 85504K, used 9857K [0x0000000080000000, 0x0000000085380000, 0x00000000d5580000)
  object space 85504K, 11% used [0x0000000080000000,0x00000000809a0500,0x0000000085380000)
 Metaspace       used 25561K, capacity 25966K, committed 26240K, reserved 1073152K
  class space    used 2941K, capacity 3084K, committed 3200K, reserved 1048576K
}

Deoptimization events (10 events):
Event: 6.456 Thread 0x0000000002f25000 Uncommon trap: reason=class_check action=maybe_recompile pc=0x000000000385dedc method=java.util.HashSet.contains(Ljava/lang/Object;)Z @ 5
Event: 6.456 Thread 0x0000000002f25000 Uncommon trap: reason=class_check action=maybe_recompile pc=0x000000000385dedc method=java.util.HashSet.contains(Ljava/lang/Object;)Z @ 5
Event: 7.350 Thread 0x0000000002f25000 Uncommon trap: reason=class_check action=maybe_recompile pc=0x0000000003b3ae84 method=org.openqa.selenium.json.Input.init()V @ 18
Event: 7.350 Thread 0x0000000002f25000 Uncommon trap: reason=class_check action=maybe_recompile pc=0x0000000003b3ae84 method=org.openqa.selenium.json.Input.init()V @ 18
Event: 7.351 Thread 0x0000000002f25000 Uncommon trap: reason=class_check action=maybe_recompile pc=0x0000000003b3ae84 method=org.openqa.selenium.json.Input.init()V @ 18
Event: 7.351 Thread 0x0000000002f25000 Uncommon trap: reason=class_check action=maybe_recompile pc=0x0000000003b3ae84 method=org.openqa.selenium.json.Input.init()V @ 18
Event: 7.422 Thread 0x0000000002f25000 Uncommon trap: reason=bimorphic action=maybe_recompile pc=0x000000000353b55c method=java.util.HashMap.putVal(ILjava/lang/Object;Ljava/lang/Object;ZZ)Ljava/lang/Object; @ 203
Event: 7.427 Thread 0x0000000002f25000 Uncommon trap: reason=bimorphic action=maybe_recompile pc=0x000000000353b55c method=java.util.HashMap.putVal(ILjava/lang/Object;Ljava/lang/Object;ZZ)Ljava/lang/Object; @ 203
Event: 7.428 Thread 0x0000000002f25000 Uncommon trap: reason=bimorphic action=maybe_recompile pc=0x000000000353b55c method=java.util.HashMap.putVal(ILjava/lang/Object;Ljava/lang/Object;ZZ)Ljava/lang/Object; @ 203
Event: 7.578 Thread 0x0000000002f25000 Uncommon trap: reason=bimorphic action=maybe_recompile pc=0x000000000363b1f4 method=java.net.URL.<init>(Ljava/net/URL;Ljava/lang/String;Ljava/net/URLStreamHandler;)V @ 504

Classes redefined (0 events):
No events

Internal exceptions (10 events):
Event: 9.454 Thread 0x0000000002f25000 Exception <a 'java/lang/ClassNotFoundException': com/kms/katalon/core/testobject/ObjectRepositoryBeanInfo> (0x00000000d8fbea80) thrown at [C:\jenkins\workspace\zulu8-silver-build-win64\zulu-src\hotspot\src\share\vm\classfile\systemDictionary.cpp, line 220
Event: 9.459 Thread 0x0000000002f25000 Exception <a 'java/lang/ClassNotFoundException': com/kms/katalon/core/testobject/ObjectRepositoryCustomizer> (0x00000000d907ccc8) thrown at [C:\jenkins\workspace\zulu8-silver-build-win64\zulu-src\hotspot\src\share\vm\classfile\systemDictionary.cpp, line 2
Event: 9.519 Thread 0x0000000002f25000 Exception <a 'java/security/PrivilegedActionException'> (0x00000000d9429fd8) thrown at [C:\jenkins\workspace\zulu8-silver-build-win64\zulu-src\hotspot\src\share\vm\prims\jvm.cpp, line 1529]
Event: 9.519 Thread 0x0000000002f25000 Exception <a 'java/security/PrivilegedActionException'> (0x00000000d942a5b8) thrown at [C:\jenkins\workspace\zulu8-silver-build-win64\zulu-src\hotspot\src\share\vm\prims\jvm.cpp, line 1529]
Event: 9.520 Thread 0x0000000002f25000 Exception <a 'java/security/PrivilegedActionException'> (0x00000000d943d720) thrown at [C:\jenkins\workspace\zulu8-silver-build-win64\zulu-src\hotspot\src\share\vm\prims\jvm.cpp, line 1529]
Event: 9.520 Thread 0x0000000002f25000 Exception <a 'java/security/PrivilegedActionException'> (0x00000000d943dd00) thrown at [C:\jenkins\workspace\zulu8-silver-build-win64\zulu-src\hotspot\src\share\vm\prims\jvm.cpp, line 1529]
Event: 9.539 Thread 0x0000000002f25000 Exception <a 'java/security/PrivilegedActionException'> (0x00000000d9635490) thrown at [C:\jenkins\workspace\zulu8-silver-build-win64\zulu-src\hotspot\src\share\vm\prims\jvm.cpp, line 1529]
Event: 9.539 Thread 0x0000000002f25000 Exception <a 'java/security/PrivilegedActionException'> (0x00000000d9635a70) thrown at [C:\jenkins\workspace\zulu8-silver-build-win64\zulu-src\hotspot\src\share\vm\prims\jvm.cpp, line 1529]
Event: 9.540 Thread 0x0000000002f25000 Exception <a 'java/security/PrivilegedActionException'> (0x00000000d9647648) thrown at [C:\jenkins\workspace\zulu8-silver-build-win64\zulu-src\hotspot\src\share\vm\prims\jvm.cpp, line 1529]
Event: 9.540 Thread 0x0000000002f25000 Exception <a 'java/security/PrivilegedActionException'> (0x00000000d9647c28) thrown at [C:\jenkins\workspace\zulu8-silver-build-win64\zulu-src\hotspot\src\share\vm\prims\jvm.cpp, line 1529]

Events (10 events):
Event: 9.538 loading class com$kms$katalon$core$testcase$TestCaseFactory
Event: 9.538 loading class com$kms$katalon$core$testcase$TestCaseFactory done
Event: 9.539 loading class com/kms$katalon$core$testcase$TestCaseFactory
Event: 9.539 loading class com/kms$katalon$core$testcase$TestCaseFactory done
Event: 9.540 loading class com/kms/katalon$core$testcase$TestCaseFactory
Event: 9.540 loading class com/kms/katalon$core$testcase$TestCaseFactory done
Event: 9.541 loading class com/kms/katalon/core$testcase$TestCaseFactory
Event: 9.541 loading class com/kms/katalon/core$testcase$TestCaseFactory done
Event: 9.542 loading class com/kms/katalon/core/testcase$TestCaseFactory
Event: 9.542 loading class com/kms/katalon/core/testcase$TestCaseFactory done


Dynamic libraries:
0x00007ff7f7ef0000 - 0x00007ff7f7f25000 	D:\Programs\Katalon_Studio_Windows_64-8.2.0_4\Katalon_Studio_Windows_64-8.2.0\jre\bin\javaw.exe
0x00007ff95d650000 - 0x00007ff95d848000 	C:\Windows\SYSTEM32\ntdll.dll
0x00007ff95d100000 - 0x00007ff95d1bf000 	C:\Windows\System32\KERNEL32.DLL
0x00007ff95ad40000 - 0x00007ff95b012000 	C:\Windows\System32\KERNELBASE.dll
0x00007ff95c740000 - 0x00007ff95c7ee000 	C:\Windows\System32\ADVAPI32.dll
0x00007ff95d2a0000 - 0x00007ff95d33e000 	C:\Windows\System32\msvcrt.dll
0x00007ff95d060000 - 0x00007ff95d0fc000 	C:\Windows\System32\sechost.dll
0x00007ff95bf20000 - 0x00007ff95c045000 	C:\Windows\System32\RPCRT4.dll
0x00007ff95c7f0000 - 0x00007ff95c991000 	C:\Windows\System32\USER32.dll
0x00007ff95b4b0000 - 0x00007ff95b4d2000 	C:\Windows\System32\win32u.dll
0x00007ff95d3b0000 - 0x00007ff95d3db000 	C:\Windows\System32\GDI32.dll
0x00007ff95b150000 - 0x00007ff95b25f000 	C:\Windows\System32\gdi32full.dll
0x00007ff95b260000 - 0x00007ff95b2fd000 	C:\Windows\System32\msvcp_win.dll
0x00007ff95b050000 - 0x00007ff95b150000 	C:\Windows\System32\ucrtbase.dll
0x00007ff944550000 - 0x00007ff9447ea000 	C:\Windows\WinSxS\amd64_microsoft.windows.common-controls_6595b64144ccf1df_6.0.19041.1110_none_60b5254171f9507e\COMCTL32.dll
0x00007ff95d020000 - 0x00007ff95d052000 	C:\Windows\System32\IMM32.DLL
0x0000000074db0000 - 0x0000000074e82000 	D:\Programs\Katalon_Studio_Windows_64-8.2.0_4\Katalon_Studio_Windows_64-8.2.0\jre\bin\msvcr100.dll
0x0000000073340000 - 0x0000000073c05000 	D:\Programs\Katalon_Studio_Windows_64-8.2.0_4\Katalon_Studio_Windows_64-8.2.0\jre\bin\server\jvm.dll
0x00007ff95cf40000 - 0x00007ff95cf48000 	C:\Windows\System32\PSAPI.DLL
0x00007ff9535f0000 - 0x00007ff9535f9000 	C:\Windows\SYSTEM32\WSOCK32.dll
0x00007ff95d340000 - 0x00007ff95d3ab000 	C:\Windows\System32\WS2_32.dll
0x00007ff945d50000 - 0x00007ff945d77000 	C:\Windows\SYSTEM32\WINMM.dll
0x00007ff9508b0000 - 0x00007ff9508ba000 	C:\Windows\SYSTEM32\VERSION.dll
0x00007ff955df0000 - 0x00007ff955dff000 	D:\Programs\Katalon_Studio_Windows_64-8.2.0_4\Katalon_Studio_Windows_64-8.2.0\jre\bin\verify.dll
0x00007ff94e970000 - 0x00007ff94e999000 	D:\Programs\Katalon_Studio_Windows_64-8.2.0_4\Katalon_Studio_Windows_64-8.2.0\jre\bin\java.dll
0x00007ff955880000 - 0x00007ff955896000 	D:\Programs\Katalon_Studio_Windows_64-8.2.0_4\Katalon_Studio_Windows_64-8.2.0\jre\bin\zip.dll
0x00007ff95b7d0000 - 0x00007ff95bf14000 	C:\Windows\System32\SHELL32.dll
0x00007ff958e00000 - 0x00007ff959592000 	C:\Windows\SYSTEM32\windows.storage.dll
0x00007ff95c380000 - 0x00007ff95c6d5000 	C:\Windows\System32\combase.dll
0x00007ff95a7a0000 - 0x00007ff95a7d0000 	C:\Windows\SYSTEM32\Wldp.dll
0x00007ff95ce90000 - 0x00007ff95cf3d000 	C:\Windows\System32\SHCORE.dll
0x00007ff95d400000 - 0x00007ff95d455000 	C:\Windows\System32\shlwapi.dll
0x00007ff95ac80000 - 0x00007ff95ac9f000 	C:\Windows\SYSTEM32\profapi.dll
0x00007ff9539e0000 - 0x00007ff9539fb000 	D:\Programs\Katalon_Studio_Windows_64-8.2.0_4\Katalon_Studio_Windows_64-8.2.0\jre\bin\net.dll
0x00007ff95a500000 - 0x00007ff95a56a000 	C:\Windows\system32\mswsock.dll
0x00007ff950220000 - 0x00007ff950231000 	D:\Programs\Katalon_Studio_Windows_64-8.2.0_4\Katalon_Studio_Windows_64-8.2.0\jre\bin\nio.dll
0x00007ff95a1f0000 - 0x00007ff95a2ba000 	C:\Windows\SYSTEM32\DNSAPI.dll
0x00007ff95a1a0000 - 0x00007ff95a1db000 	C:\Windows\SYSTEM32\IPHLPAPI.DLL
0x00007ff95c9a0000 - 0x00007ff95c9a8000 	C:\Windows\System32\NSI.dll
0x0000000074ba0000 - 0x0000000074bc6000 	C:\Program Files\Bonjour\mdnsNSP.dll
0x00007ff94c3b0000 - 0x00007ff94c3ba000 	C:\Windows\System32\rasadhlp.dll
0x00007ff948cf0000 - 0x00007ff948d70000 	C:\Windows\System32\fwpuclnt.dll
0x00007ff95b020000 - 0x00007ff95b047000 	C:\Windows\System32\bcrypt.dll
0x00007ff94e170000 - 0x00007ff94e194000 	D:\Programs\Katalon_Studio_Windows_64-8.2.0_4\Katalon_Studio_Windows_64-8.2.0\jre\bin\sunec.dll
0x00007ff953910000 - 0x00007ff95391c000 	D:\Programs\Katalon_Studio_Windows_64-8.2.0_4\Katalon_Studio_Windows_64-8.2.0\jre\bin\sunmscapi.dll
0x00007ff95b530000 - 0x00007ff95b686000 	C:\Windows\System32\CRYPT32.dll
0x00007ff95a810000 - 0x00007ff95a837000 	C:\Windows\SYSTEM32\ncrypt.dll
0x00007ff95a7d0000 - 0x00007ff95a80b000 	C:\Windows\SYSTEM32\NTASN1.dll
0x00007ff95a6f0000 - 0x00007ff95a708000 	C:\Windows\SYSTEM32\CRYPTSP.dll
0x00007ff959db0000 - 0x00007ff959de4000 	C:\Windows\system32\rsaenh.dll
0x00007ff95ac00000 - 0x00007ff95ac2e000 	C:\Windows\SYSTEM32\USERENV.dll
0x00007ff95b300000 - 0x00007ff95b382000 	C:\Windows\System32\bcryptprimitives.dll
0x00007ff95a710000 - 0x00007ff95a71c000 	C:\Windows\SYSTEM32\CRYPTBASE.dll
0x00007ff9527a0000 - 0x00007ff9527b7000 	C:\Windows\SYSTEM32\dhcpcsvc6.DLL
0x00007ff9521f0000 - 0x00007ff95220d000 	C:\Windows\SYSTEM32\dhcpcsvc.DLL

VM Arguments:
jvm_args: -Dgroovy.home=C:\Users\asus/.groovy -Djava.system.class.loader=groovy.lang.GroovyClassLoader -Xmx2048m -Dfile.encoding=UTF-8 
java_command: org.codehaus.groovy.tools.GroovyStarter --classpath D:\Automation\Katalon Studio\QuotaFlow\bin\keyword;D:\Automation\Katalon Studio\QuotaFlow\Keywords;D:\Automation\Katalon Studio\QuotaFlow\bin\listener;D:\Automation\Katalon Studio\QuotaFlow\Test Listeners;D:\Automation\Katalon Studio\QuotaFlow\bin\lib;D:\Automation\Katalon Studio\QuotaFlow\Libs;D:\Automation\Katalon Studio\QuotaFlow\bin\groovy;D:\Automation\Katalon Studio\QuotaFlow\Include\scripts\groovy;D:\Programs\Katalon_Studio_Windows_64-8.2.0_4\Katalon_Studio_Windows_64-8.2.0\plugins\com.kms.katalon.core_1.0.0.202111170230.jar;D:\Programs\Katalon_Studio_Windows_64-8.2.0_4\Katalon_Studio_Windows_64-8.2.0\configuration\resources\lib\aalto-xml-1.0.0.jar;D:\Programs\Katalon_Studio_Windows_64-8.2.0_4\Katalon_Studio_Windows_64-8.2.0\configuration\resources\lib\aspectjweaver-1.9.1.jar;D:\Programs\Katalon_Studio_Windows_64-8.2.0_4\Katalon_Studio_Windows_64-8.2.0\configuration\resources\lib\bcpkix-jdk15on-1.64.jar;D:\Programs\Katalon_Studio_Windows_64-8.2.0_4\Katalon_Studio_Windows_64-8.2.0\configuration\resources\lib\bcprov-jdk15on-1.64.jar;D:\Programs\Katalon_Studio_Windows_64-8.2.0_4\Katalon_Studio_Windows_64-8.2.0\configuration\resources\lib\browsermob-core-2.1.5.jar;D:\Programs\Katalon_Studio_Windows_64-8.2.0_4\Katalon_Studio_Windows_64-8.2.0\configuration\resources\lib\cglib-3.2.10.jar;D:\Programs\Katalon_Studio_Windows_64-8.2.0_4\Katalon_Studio_Windows_64-8.2.0\configuration\resources\lib\commons-codec-1.10.jar;D:\Programs\Katalon_Studio_Windows_64-8.2.0_4\Katalon_Studio_Windows_64-8.2.0\configuration\resources\lib\commons-collections4-4.1.jar;D:\Programs\Katalon_Studio_Windows_64-8.2.0_4\Katalon_Studio_Windows_64-8.2.0\configuration\resources\lib\commons-validator-1.6.jar;D:\Programs\Katalon_Studio_Windows_64-8.2.0_4\Katalon_Studio_Windows_64-8.2.0\configuration\resources\lib\curvesapi-1.04.jar;D:\Programs\Katalon_Studio_Windows_64-8.2.0_4\Katalon_Studio_Windows_64-8.2.0\configuration\resources\
java_class_path (initial): D:\Automation\Katalon Studio\QuotaFlow\bin\keyword;D:\Automation\Katalon Studio\QuotaFlow\bin\listener;D:\Automation\Katalon Studio\QuotaFlow\bin\lib;D:\Automation\Katalon Studio\QuotaFlow\bin\groovy;D:\Automation\Katalon Studio\QuotaFlow\bin;D:\Programs\Katalon_Studio_Windows_64-8.2.0_4\Katalon_Studio_Windows_64-8.2.0\plugins\com.kms.katalon.core_1.0.0.202111170230.jar;D:\Programs\Katalon_Studio_Windows_64-8.2.0_4\Katalon_Studio_Windows_64-8.2.0\configuration\resources\lib\aalto-xml-1.0.0.jar;D:\Programs\Katalon_Studio_Windows_64-8.2.0_4\Katalon_Studio_Windows_64-8.2.0\configuration\resources\lib\aspectjweaver-1.9.1.jar;D:\Programs\Katalon_Studio_Windows_64-8.2.0_4\Katalon_Studio_Windows_64-8.2.0\configuration\resources\lib\bcpkix-jdk15on-1.64.jar;D:\Programs\Katalon_Studio_Windows_64-8.2.0_4\Katalon_Studio_Windows_64-8.2.0\configuration\resources\lib\bcprov-jdk15on-1.64.jar;D:\Programs\Katalon_Studio_Windows_64-8.2.0_4\Katalon_Studio_Windows_64-8.2.0\configuration\resources\lib\browsermob-core-2.1.5.jar;D:\Programs\Katalon_Studio_Windows_64-8.2.0_4\Katalon_Studio_Windows_64-8.2.0\configuration\resources\lib\cglib-3.2.10.jar;D:\Programs\Katalon_Studio_Windows_64-8.2.0_4\Katalon_Studio_Windows_64-8.2.0\configuration\resources\lib\commons-codec-1.10.jar;D:\Programs\Katalon_Studio_Windows_64-8.2.0_4\Katalon_Studio_Windows_64-8.2.0\configuration\resources\lib\commons-collections4-4.1.jar;D:\Programs\Katalon_Studio_Windows_64-8.2.0_4\Katalon_Studio_Windows_64-8.2.0\configuration\resources\lib\commons-validator-1.6.jar;D:\Programs\Katalon_Studio_Windows_64-8.2.0_4\Katalon_Studio_Windows_64-8.2.0\configuration\resources\lib\curvesapi-1.04.jar;D:\Programs\Katalon_Studio_Windows_64-8.2.0_4\Katalon_Studio_Windows_64-8.2.0\configuration\resources\lib\dnsjava-2.1.8.jar;D:\Programs\Katalon_Studio_Windows_64-8.2.0_4\Katalon_Studio_Windows_64-8.2.0\configuration\resources\lib\java-client-7.0.0.jar;D:\Programs\Katalon_Studio_Windows_64-8.2.0_4\Katalon_
Launcher Type: SUN_STANDARD

Environment Variables:
JAVA_HOME=C:\Program Files\Java\jdk-16.0.2
PATH=D:/Programs/Katalon_Studio_Windows_64-8.2.0_4/Katalon_Studio_Windows_64-8.2.0/jre/bin/server;D:/Programs/Katalon_Studio_Windows_64-8.2.0_4/Katalon_Studio_Windows_64-8.2.0/jre/bin;D:/Programs/Katalon_Studio_Windows_64-8.2.0_4/Katalon_Studio_Windows_64-8.2.0/jre/lib/amd64;G:\Application\Common Files\Oracle\Java\javapath;C:\Windows\system32;C:\Windows;C:\Windows\System32\Wbem;C:\Windows\System32\WindowsPowerShell\v1.0\;C:\Windows\System32\OpenSSH\;C:\Program Files (x86)\NVIDIA Corporation\PhysX\Common;C:\xampp\php;C:\ProgramData\ComposerSetup\bin;D:\Programs\MikTex 2.9\miktex\bin\x64\;D:\Git\cmd;C:\Program Files\Java\jdk-16.0.2\bin;D:\Programs\Nodejs\;C:\Users\asus\AppData\Local\Programs\Python\Python310\Scripts\;C:\Users\asus\AppData\Local\Programs\Python\Python310\;C:\Users\asus\AppData\Local\Microsoft\WindowsApps;D:\Programs\Visual Studio\Microsoft VS Code\bin;C:\Users\asus\AppData\Roaming\Composer\vendor\bin;D:\Programs\heroku\bin;C:\Users\asus\AppData\Roaming\npm;D:\Programs\Intellij IDEA CE\IntelliJ IDEA Community Edition 2022.2.3\bin;;D:\Programs\Katalon_Studio_Windows_64-8.2.0_4\Katalon_Studio_Windows_64-8.2.0;
USERNAME=asus
OS=Windows_NT
PROCESSOR_IDENTIFIER=Intel64 Family 6 Model 142 Stepping 9, GenuineIntel



---------------  S Y S T E M  ---------------

OS: Windows 10.0 , 64 bit Build 19041 (10.0.19041.2364)

CPU:total 4 (initial active 4) (2 cores per cpu, 2 threads per core) family 6 model 142 stepping 9, cmov, cx8, fxsr, mmx, sse, sse2, sse3, ssse3, sse4.1, sse4.2, popcnt, avx, avx2, aes, clmul, erms, 3dnowpref, lzcnt, ht, tsc, tscinvbit, bmi1, bmi2, adx

Memory: 4k page, physical 12460568k(1633328k free), swap 14557720k(5324k free)

vm_info: OpenJDK 64-Bit Server VM (25.282-b08) for windows-amd64 JRE (Zulu 8.52.0.23-CA-win64) (1.8.0_282-b08), built on Jan 12 2021 07:45:49 by "tester" with MS VC++ 10.0 (VS2010)

time: Wed Feb 15 10:13:17 2023
timezone: SE Asia Standard Time
elapsed time: 9.553186 seconds (0d 0h 0m 9s)

