#
# There is insufficient memory for the Java Runtime Environment to continue.
# Native memory allocation (malloc) failed to allocate 2093184 bytes for Chunk::new
# Possible reasons:
#   The system is out of physical RAM or swap space
#   The process is running with CompressedOops enabled, and the Java Heap may be blocking the growth of the native heap
# Possible solutions:
#   Reduce memory load on the system
#   Increase physical memory or swap space
#   Check if swap backing store is full
#   Decrease Java heap size (-Xmx/-Xms)
#   Decrease number of Java threads
#   Decrease Java thread stack sizes (-Xss)
#   Set larger code cache with -XX:ReservedCodeCacheSize=
#   JVM is running with Unscaled Compressed Oops mode in which the Java heap is
#     placed in the first 4GB address space. The Java Heap base address is the
#     maximum limit for the native heap growth. Please use -XX:HeapBaseMinAddress
#     to set the Java Heap base and to place the Java Heap above 4GB virtual address.
# This output file may be truncated or incomplete.
#
#  Out of Memory Error (allocation.cpp:389), pid=27084, tid=0x0000000000006654
#
# JRE version: OpenJDK Runtime Environment (Zulu 8.52.0.23-CA-win64) (8.0_282-b08) (build 1.8.0_282-b08)
# Java VM: OpenJDK 64-Bit Server VM (25.282-b08 mixed mode windows-amd64 compressed oops)
# Failed to write core dump. Minidumps are not enabled by default on client versions of Windows
#

---------------  T H R E A D  ---------------

Current thread (0x0000000018bae800):  JavaThread "C2 CompilerThread1" daemon [_thread_in_native, id=26196, stack(0x0000000018f60000,0x0000000019060000)]

Stack: [0x0000000018f60000,0x0000000019060000]
[error occurred during error reporting (printing stack bounds), id 0xc0000005]

Native frames: (J=compiled Java code, j=interpreted, Vv=VM code, C=native code)


Current CompileTask:
C2:   9785 2816   !   4       java.net.URLClassLoader$1::run (63 bytes)


---------------  P R O C E S S  ---------------

Java Threads: ( => current thread )
  0x000000001b90d000 JavaThread "Okio Watchdog" daemon [_thread_blocked, id=3800, stack(0x000000001f030000,0x000000001f130000)]
  0x000000001bd98800 JavaThread "OkHttp ConnectionPool" daemon [_thread_blocked, id=26748, stack(0x000000001ef30000,0x000000001f030000)]
  0x000000001ca59800 JavaThread "ForkJoinPool.commonPool-worker-3" daemon [_thread_blocked, id=13536, stack(0x000000001ec30000,0x000000001ed30000)]
  0x000000001ba2b800 JavaThread "ForkJoinPool.commonPool-worker-2" daemon [_thread_blocked, id=25552, stack(0x000000001eb30000,0x000000001ec30000)]
  0x000000001c505000 JavaThread "ForkJoinPool.commonPool-worker-1" daemon [_thread_blocked, id=2496, stack(0x000000001ea30000,0x000000001eb30000)]
  0x000000001d59e000 JavaThread "Keep-Alive-Timer" daemon [_thread_blocked, id=896, stack(0x000000001e730000,0x000000001e830000)]
  0x000000001d59d800 JavaThread "Exec Stream Pumper" daemon [_thread_in_native, id=26588, stack(0x000000001e630000,0x000000001e730000)]
  0x000000001d0e8000 JavaThread "Exec Stream Pumper" daemon [_thread_in_native, id=8908, stack(0x000000001e530000,0x000000001e630000)]
  0x000000001c315800 JavaThread "UrlChecker-2" daemon [_thread_blocked, id=13484, stack(0x000000001db10000,0x000000001dc10000)]
  0x000000001be37800 JavaThread "Exec Default Executor" daemon [_thread_in_native, id=3608, stack(0x000000001da10000,0x000000001db10000)]
  0x0000000018c25000 JavaThread "Service Thread" daemon [_thread_blocked, id=13624, stack(0x0000000019160000,0x0000000019260000)]
  0x0000000018bb2000 JavaThread "C1 CompilerThread2" daemon [_thread_blocked, id=26472, stack(0x0000000019060000,0x0000000019160000)]
=>0x0000000018bae800 JavaThread "C2 CompilerThread1" daemon [_thread_in_native, id=26196, stack(0x0000000018f60000,0x0000000019060000)]
  0x0000000018bab800 JavaThread "C2 CompilerThread0" daemon [_thread_blocked, id=12972, stack(0x0000000018e60000,0x0000000018f60000)]
  0x0000000018b9b800 JavaThread "Attach Listener" daemon [_thread_blocked, id=26140, stack(0x0000000018d60000,0x0000000018e60000)]
  0x0000000018b2a000 JavaThread "Signal Dispatcher" daemon [_thread_blocked, id=13172, stack(0x0000000018c60000,0x0000000018d60000)]
  0x000000001740b000 JavaThread "Finalizer" daemon [_thread_blocked, id=12704, stack(0x0000000018660000,0x0000000018760000)]
  0x0000000017403800 JavaThread "Reference Handler" daemon [_thread_blocked, id=10372, stack(0x0000000018560000,0x0000000018660000)]
  0x0000000002705000 JavaThread "Forwarding get on session 7e1d55e7bcc80e2f52d8c254ff149e1f to remote" [_thread_in_native, id=2976, stack(0x00000000025f0000,0x00000000026f0000)]

Other Threads:
  0x00000000173d8000 VMThread [stack: 0x0000000018460000,0x0000000018560000] [id=19904]
  0x0000000018c43800 WatcherThread [stack: 0x0000000019260000,0x0000000019360000] [id=7384]

VM state:not at safepoint (normal execution)

VM Mutex/Monitor currently owned by a thread: None

heap address: 0x0000000080000000, size: 2048 MB, Compressed Oops mode: 32-bit
Narrow klass base: 0x0000000000000000, Narrow klass shift: 3
Compressed class space size: 1073741824 Address: 0x0000000100000000

Heap:
 PSYoungGen      total 199168K, used 74664K [0x00000000d5580000, 0x00000000e3700000, 0x0000000100000000)
  eden space 187904K, 34% used [0x00000000d5580000,0x00000000d953fe88,0x00000000e0d00000)
  from space 11264K, 83% used [0x00000000e0d00000,0x00000000e162a428,0x00000000e1800000)
  to   space 12288K, 0% used [0x00000000e2b00000,0x00000000e2b00000,0x00000000e3700000)
 ParOldGen       total 87040K, used 9892K [0x0000000080000000, 0x0000000085500000, 0x00000000d5580000)
  object space 87040K, 11% used [0x0000000080000000,0x00000000809a9298,0x0000000085500000)
 Metaspace       used 30315K, capacity 31234K, committed 31360K, reserved 1077248K
  class space    used 3612K, capacity 3867K, committed 3968K, reserved 1048576K

Card table byte_map: [0x0000000011bb0000,0x0000000011fc0000] byte_map_base: 0x00000000117b0000

Marking Bits: (ParMarkBitMap*) 0x0000000073b81f00
 Begin Bits: [0x0000000012670000, 0x0000000014670000)
 End Bits:   [0x0000000014670000, 0x0000000016670000)

Polling page: 0x0000000000820000

CodeCache: size=245760Kb used=11625Kb max_used=11636Kb free=234134Kb
 bounds [0x00000000027f0000, 0x0000000003360000, 0x00000000117f0000]
 total_blobs=3519 nmethods=2828 adapters=601
 compilation: enabled

Compilation events (10 events):
Event: 9.395 Thread 0x0000000018bab800 2893       4       java.lang.AbstractStringBuilder::append (144 bytes)
Event: 9.411 Thread 0x0000000018bab800 nmethod 2893 0x000000000334f690 code [0x000000000334f800, 0x000000000334fe58]
Event: 9.411 Thread 0x0000000018bab800 2894       4       java.util.regex.Pattern$Slice::match (79 bytes)
Event: 9.423 Thread 0x0000000018bab800 nmethod 2894 0x000000000334a050 code [0x000000000334a1a0, 0x000000000334a618]
Event: 9.423 Thread 0x0000000018bab800 2898       4       java.util.regex.Pattern$Curly::match0 (174 bytes)
Event: 9.443 Thread 0x0000000018bab800 nmethod 2898 0x000000000334a9d0 code [0x000000000334ab80, 0x000000000334b718]
Event: 9.443 Thread 0x0000000018bab800 2892       4       java.util.regex.Pattern$CharProperty::match (56 bytes)
Event: 9.454 Thread 0x0000000018bab800 nmethod 2892 0x00000000033525d0 code [0x0000000003352760, 0x0000000003352cd8]
Event: 9.454 Thread 0x0000000018bab800 2888       4       java.util.jar.JarFile$JarEntryIterator::hasMoreElements (5 bytes)
Event: 9.459 Thread 0x0000000018bab800 nmethod 2888 0x0000000003350490 code [0x00000000033505e0, 0x00000000033508d8]

GC Heap History (10 events):
Event: 2.979 GC heap before
{Heap before GC invocations=4 (full 0):
 PSYoungGen      total 57344K, used 54948K [0x00000000d5580000, 0x00000000dc580000, 0x0000000100000000)
  eden space 49152K, 100% used [0x00000000d5580000,0x00000000d8580000,0x00000000d8580000)
  from space 8192K, 70% used [0x00000000d8580000,0x00000000d8b29238,0x00000000d8d80000)
  to   space 8192K, 0% used [0x00000000dbd80000,0x00000000dbd80000,0x00000000dc580000)
 ParOldGen       total 131072K, used 24K [0x0000000080000000, 0x0000000088000000, 0x00000000d5580000)
  object space 131072K, 0% used [0x0000000080000000,0x0000000080006000,0x0000000088000000)
 Metaspace       used 17541K, capacity 17728K, committed 18176K, reserved 1064960K
  class space    used 1887K, capacity 1972K, committed 2048K, reserved 1048576K
Event: 2.990 GC heap after
Heap after GC invocations=4 (full 0):
 PSYoungGen      total 106496K, used 8171K [0x00000000d5580000, 0x00000000dc580000, 0x0000000100000000)
  eden space 98304K, 0% used [0x00000000d5580000,0x00000000d5580000,0x00000000db580000)
  from space 8192K, 99% used [0x00000000dbd80000,0x00000000dc57ae08,0x00000000dc580000)
  to   space 8192K, 0% used [0x00000000db580000,0x00000000db580000,0x00000000dbd80000)
 ParOldGen       total 131072K, used 482K [0x0000000080000000, 0x0000000088000000, 0x00000000d5580000)
  object space 131072K, 0% used [0x0000000080000000,0x0000000080078918,0x0000000088000000)
 Metaspace       used 17541K, capacity 17728K, committed 18176K, reserved 1064960K
  class space    used 1887K, capacity 1972K, committed 2048K, reserved 1048576K
}
Event: 3.772 GC heap before
{Heap before GC invocations=5 (full 0):
 PSYoungGen      total 106496K, used 64347K [0x00000000d5580000, 0x00000000dc580000, 0x0000000100000000)
  eden space 98304K, 57% used [0x00000000d5580000,0x00000000d8c5bf80,0x00000000db580000)
  from space 8192K, 99% used [0x00000000dbd80000,0x00000000dc57ae08,0x00000000dc580000)
  to   space 8192K, 0% used [0x00000000db580000,0x00000000db580000,0x00000000dbd80000)
 ParOldGen       total 131072K, used 482K [0x0000000080000000, 0x0000000088000000, 0x00000000d5580000)
  object space 131072K, 0% used [0x0000000080000000,0x0000000080078918,0x0000000088000000)
 Metaspace       used 20792K, capacity 21068K, committed 21296K, reserved 1069056K
  class space    used 2308K, capacity 2422K, committed 2432K, reserved 1048576K
Event: 3.782 GC heap after
Heap after GC invocations=5 (full 0):
 PSYoungGen      total 106496K, used 8183K [0x00000000d5580000, 0x00000000e2a80000, 0x0000000100000000)
  eden space 98304K, 0% used [0x00000000d5580000,0x00000000d5580000,0x00000000db580000)
  from space 8192K, 99% used [0x00000000db580000,0x00000000dbd7dc68,0x00000000dbd80000)
  to   space 10752K, 0% used [0x00000000e2000000,0x00000000e2000000,0x00000000e2a80000)
 ParOldGen       total 131072K, used 2237K [0x0000000080000000, 0x0000000088000000, 0x00000000d5580000)
  object space 131072K, 1% used [0x0000000080000000,0x000000008022f5e0,0x0000000088000000)
 Metaspace       used 20792K, capacity 21068K, committed 21296K, reserved 1069056K
  class space    used 2308K, capacity 2422K, committed 2432K, reserved 1048576K
}
Event: 3.783 GC heap before
{Heap before GC invocations=6 (full 1):
 PSYoungGen      total 106496K, used 8183K [0x00000000d5580000, 0x00000000e2a80000, 0x0000000100000000)
  eden space 98304K, 0% used [0x00000000d5580000,0x00000000d5580000,0x00000000db580000)
  from space 8192K, 99% used [0x00000000db580000,0x00000000dbd7dc68,0x00000000dbd80000)
  to   space 10752K, 0% used [0x00000000e2000000,0x00000000e2000000,0x00000000e2a80000)
 ParOldGen       total 131072K, used 2237K [0x0000000080000000, 0x0000000088000000, 0x00000000d5580000)
  object space 131072K, 1% used [0x0000000080000000,0x000000008022f5e0,0x0000000088000000)
 Metaspace       used 20792K, capacity 21068K, committed 21296K, reserved 1069056K
  class space    used 2308K, capacity 2422K, committed 2432K, reserved 1048576K
Event: 3.834 GC heap after
Heap after GC invocations=6 (full 1):
 PSYoungGen      total 106496K, used 0K [0x00000000d5580000, 0x00000000e2a80000, 0x0000000100000000)
  eden space 98304K, 0% used [0x00000000d5580000,0x00000000d5580000,0x00000000db580000)
  from space 8192K, 0% used [0x00000000db580000,0x00000000db580000,0x00000000dbd80000)
  to   space 10752K, 0% used [0x00000000e2000000,0x00000000e2000000,0x00000000e2a80000)
 ParOldGen       total 87040K, used 9884K [0x0000000080000000, 0x0000000085500000, 0x00000000d5580000)
  object space 87040K, 11% used [0x0000000080000000,0x00000000809a7298,0x0000000085500000)
 Metaspace       used 20792K, capacity 21068K, committed 21296K, reserved 1069056K
  class space    used 2308K, capacity 2422K, committed 2432K, reserved 1048576K
}
Event: 4.574 GC heap before
{Heap before GC invocations=7 (full 1):
 PSYoungGen      total 106496K, used 98304K [0x00000000d5580000, 0x00000000e2a80000, 0x0000000100000000)
  eden space 98304K, 100% used [0x00000000d5580000,0x00000000db580000,0x00000000db580000)
  from space 8192K, 0% used [0x00000000db580000,0x00000000db580000,0x00000000dbd80000)
  to   space 10752K, 0% used [0x00000000e2000000,0x00000000e2000000,0x00000000e2a80000)
 ParOldGen       total 87040K, used 9884K [0x0000000080000000, 0x0000000085500000, 0x00000000d5580000)
  object space 87040K, 11% used [0x0000000080000000,0x00000000809a7298,0x0000000085500000)
 Metaspace       used 22045K, capacity 22410K, committed 22704K, reserved 1069056K
  class space    used 2435K, capacity 2547K, committed 2560K, reserved 1048576K
Event: 4.578 GC heap after
Heap after GC invocations=7 (full 1):
 PSYoungGen      total 144384K, used 2637K [0x00000000d5580000, 0x00000000e2300000, 0x0000000100000000)
  eden space 141312K, 0% used [0x00000000d5580000,0x00000000d5580000,0x00000000ddf80000)
  from space 3072K, 85% used [0x00000000e2000000,0x00000000e22935d8,0x00000000e2300000)
  to   space 11264K, 0% used [0x00000000e0d00000,0x00000000e0d00000,0x00000000e1800000)
 ParOldGen       total 87040K, used 9892K [0x0000000080000000, 0x0000000085500000, 0x00000000d5580000)
  object space 87040K, 11% used [0x0000000080000000,0x00000000809a9298,0x0000000085500000)
 Metaspace       used 22045K, capacity 22410K, committed 22704K, reserved 1069056K
  class space    used 2435K, capacity 2547K, committed 2560K, reserved 1048576K
}
Event: 5.704 GC heap before
{Heap before GC invocations=8 (full 1):
 PSYoungGen      total 144384K, used 143949K [0x00000000d5580000, 0x00000000e2300000, 0x0000000100000000)
  eden space 141312K, 100% used [0x00000000d5580000,0x00000000ddf80000,0x00000000ddf80000)
  from space 3072K, 85% used [0x00000000e2000000,0x00000000e22935d8,0x00000000e2300000)
  to   space 11264K, 0% used [0x00000000e0d00000,0x00000000e0d00000,0x00000000e1800000)
 ParOldGen       total 87040K, used 9892K [0x0000000080000000, 0x0000000085500000, 0x00000000d5580000)
  object space 87040K, 11% used [0x0000000080000000,0x00000000809a9298,0x0000000085500000)
 Metaspace       used 25051K, capacity 25466K, committed 25856K, reserved 1073152K
  class space    used 2865K, capacity 3010K, committed 3072K, reserved 1048576K
Event: 5.721 GC heap after
Heap after GC invocations=8 (full 1):
 PSYoungGen      total 199168K, used 9385K [0x00000000d5580000, 0x00000000e3700000, 0x0000000100000000)
  eden space 187904K, 0% used [0x00000000d5580000,0x00000000d5580000,0x00000000e0d00000)
  from space 11264K, 83% used [0x00000000e0d00000,0x00000000e162a428,0x00000000e1800000)
  to   space 12288K, 0% used [0x00000000e2b00000,0x00000000e2b00000,0x00000000e3700000)
 ParOldGen       total 87040K, used 9892K [0x0000000080000000, 0x0000000085500000, 0x00000000d5580000)
  object space 87040K, 11% used [0x0000000080000000,0x00000000809a9298,0x0000000085500000)
 Metaspace       used 25051K, capacity 25466K, committed 25856K, reserved 1073152K
  class space    used 2865K, capacity 3010K, committed 3072K, reserved 1048576K
}

Deoptimization events (10 events):
Event: 7.947 Thread 0x0000000002705000 Uncommon trap: reason=class_check action=maybe_recompile pc=0x000000000304b8dc method=java.util.HashSet.contains(Ljava/lang/Object;)Z @ 5
Event: 7.947 Thread 0x0000000002705000 Uncommon trap: reason=class_check action=maybe_recompile pc=0x000000000304b8dc method=java.util.HashSet.contains(Ljava/lang/Object;)Z @ 5
Event: 8.960 Thread 0x0000000002705000 Uncommon trap: reason=class_check action=maybe_recompile pc=0x00000000033088c4 method=org.openqa.selenium.json.Input.init()V @ 18
Event: 8.960 Thread 0x0000000002705000 Uncommon trap: reason=class_check action=maybe_recompile pc=0x00000000033088c4 method=org.openqa.selenium.json.Input.init()V @ 18
Event: 8.960 Thread 0x0000000002705000 Uncommon trap: reason=class_check action=maybe_recompile pc=0x00000000033088c4 method=org.openqa.selenium.json.Input.init()V @ 18
Event: 8.960 Thread 0x0000000002705000 Uncommon trap: reason=class_check action=maybe_recompile pc=0x00000000033088c4 method=org.openqa.selenium.json.Input.init()V @ 18
Event: 9.091 Thread 0x0000000002705000 Uncommon trap: reason=bimorphic action=maybe_recompile pc=0x0000000002d1a3dc method=java.util.HashMap.putVal(ILjava/lang/Object;Ljava/lang/Object;ZZ)Ljava/lang/Object; @ 203
Event: 9.092 Thread 0x0000000002705000 Uncommon trap: reason=bimorphic action=maybe_recompile pc=0x0000000002d1a3dc method=java.util.HashMap.putVal(ILjava/lang/Object;Ljava/lang/Object;ZZ)Ljava/lang/Object; @ 203
Event: 9.092 Thread 0x0000000002705000 Uncommon trap: reason=bimorphic action=maybe_recompile pc=0x0000000002d1a3dc method=java.util.HashMap.putVal(ILjava/lang/Object;Ljava/lang/Object;ZZ)Ljava/lang/Object; @ 203
Event: 9.387 Thread 0x0000000002705000 Uncommon trap: reason=bimorphic action=maybe_recompile pc=0x0000000002e32954 method=java.net.URL.<init>(Ljava/net/URL;Ljava/lang/String;Ljava/net/URLStreamHandler;)V @ 504

Classes redefined (0 events):
No events

Internal exceptions (10 events):
Event: 7.645 Thread 0x0000000002705000 Exception <a 'java/lang/NoSuchMethodError': java.lang.Object.lambda$chars$0()Ljava/util/Spliterator$OfInt;> (0x00000000d73990f8) thrown at [C:\jenkins\workspace\zulu8-silver-build-win64\zulu-src\hotspot\src\share\vm\interpreter\linkResolver.cpp, line 620]
Event: 8.973 Thread 0x0000000002705000 Exception <a 'java/lang/NoSuchMethodError': java.lang.Object.lambda$getResponseFunction$0(Lorg/openqa/selenium/remote/InitialHandshakeResponse;)Lorg/openqa/selenium/remote/ProtocolHandshake$Result;> (0x00000000d897a7e8) thrown at [C:\jenkins\workspace\zul
Event: 9.233 Thread 0x0000000002705000 Exception <a 'java/net/SocketTimeoutException': Read timed out> (0x00000000d8d5bd68) thrown at [C:\jenkins\workspace\zulu8-silver-build-win64\zulu-src\hotspot\src\share\vm\prims\jni.cpp, line 738]
Event: 9.262 Thread 0x0000000002705000 Exception <a 'java/net/SocketTimeoutException': Read timed out> (0x00000000d8d75f70) thrown at [C:\jenkins\workspace\zulu8-silver-build-win64\zulu-src\hotspot\src\share\vm\prims\jni.cpp, line 738]
Event: 9.294 Thread 0x0000000002705000 Exception <a 'java/net/SocketTimeoutException': Read timed out> (0x00000000d8dfc440) thrown at [C:\jenkins\workspace\zulu8-silver-build-win64\zulu-src\hotspot\src\share\vm\prims\jni.cpp, line 738]
Event: 9.325 Thread 0x0000000002705000 Exception <a 'java/net/SocketTimeoutException': Read timed out> (0x00000000d8e30160) thrown at [C:\jenkins\workspace\zulu8-silver-build-win64\zulu-src\hotspot\src\share\vm\prims\jni.cpp, line 738]
Event: 9.340 Thread 0x0000000002705000 Exception <a 'java/net/SocketTimeoutException': Read timed out> (0x00000000d8e46050) thrown at [C:\jenkins\workspace\zulu8-silver-build-win64\zulu-src\hotspot\src\share\vm\prims\jni.cpp, line 738]
Event: 9.370 Thread 0x0000000002705000 Exception <a 'java/lang/ClassNotFoundException': com/kms/katalon/core/webui/keyword/builtin/NavigateToUrlKeywordBeanInfo> (0x00000000d90c3cd8) thrown at [C:\jenkins\workspace\zulu8-silver-build-win64\zulu-src\hotspot\src\share\vm\classfile\systemDictionar
Event: 9.374 Thread 0x0000000002705000 Exception <a 'java/lang/ClassNotFoundException': com/kms/katalon/core/webui/keyword/builtin/NavigateToUrlKeywordCustomizer> (0x00000000d919fc90) thrown at [C:\jenkins\workspace\zulu8-silver-build-win64\zulu-src\hotspot\src\share\vm\classfile\systemDiction
Event: 9.402 Thread 0x0000000002705000 Exception <a 'java/net/SocketTimeoutException': Read timed out> (0x00000000d9319838) thrown at [C:\jenkins\workspace\zulu8-silver-build-win64\zulu-src\hotspot\src\share\vm\prims\jni.cpp, line 738]

Events (10 events):
Event: 9.374 loading class com/kms/katalon/core/webui/keyword/builtin/NavigateToUrlKeywordCustomizer done
Event: 9.383 loading class groovy/runtime/metaclass/com/kms/katalon/core/webui/keyword/builtin/NavigateToUrlKeyword$_navigateToUrl_closure1MetaClass
Event: 9.383 loading class groovy/runtime/metaclass/com/kms/katalon/core/webui/keyword/builtin/NavigateToUrlKeyword$_navigateToUrl_closure1MetaClass done
Event: 9.386 loading class java/nio/file/InvalidPathException
Event: 9.386 loading class java/nio/file/InvalidPathException done
Event: 9.386 loading class sun/net/www/protocol/https/Handler
Event: 9.386 loading class sun/net/www/protocol/https/Handler done
Event: 9.387 Thread 0x0000000002705000 Uncommon trap: trap_request=0xffffffc6 fr.pc=0x0000000002e32954
Event: 9.387 Thread 0x0000000002705000 DEOPT PACKING pc=0x0000000002e32954 sp=0x00000000026edb50
Event: 9.387 Thread 0x0000000002705000 DEOPT UNPACKING pc=0x000000000283567b sp=0x00000000026edad8 mode 2


Dynamic libraries:
0x00007ff7f7ef0000 - 0x00007ff7f7f25000 	D:\Programs\Katalon_Studio_Windows_64-8.2.0_4\Katalon_Studio_Windows_64-8.2.0\jre\bin\javaw.exe
0x00007ff95d650000 - 0x00007ff95d848000 	C:\Windows\SYSTEM32\ntdll.dll
0x00007ff95d100000 - 0x00007ff95d1bf000 	C:\Windows\System32\KERNEL32.DLL
0x00007ff95ad40000 - 0x00007ff95b012000 	C:\Windows\System32\KERNELBASE.dll
0x00007ff95c740000 - 0x00007ff95c7ee000 	C:\Windows\System32\ADVAPI32.dll
0x00007ff95d2a0000 - 0x00007ff95d33e000 	C:\Windows\System32\msvcrt.dll
0x00007ff95d060000 - 0x00007ff95d0fc000 	C:\Windows\System32\sechost.dll
0x00007ff95bf20000 - 0x00007ff95c045000 	C:\Windows\System32\RPCRT4.dll
0x00007ff95c7f0000 - 0x00007ff95c991000 	C:\Windows\System32\USER32.dll
0x00007ff95b4b0000 - 0x00007ff95b4d2000 	C:\Windows\System32\win32u.dll
0x00007ff95d3b0000 - 0x00007ff95d3db000 	C:\Windows\System32\GDI32.dll
0x00007ff95b150000 - 0x00007ff95b25f000 	C:\Windows\System32\gdi32full.dll
0x00007ff95b260000 - 0x00007ff95b2fd000 	C:\Windows\System32\msvcp_win.dll
0x00007ff95b050000 - 0x00007ff95b150000 	C:\Windows\System32\ucrtbase.dll
0x00007ff944550000 - 0x00007ff9447ea000 	C:\Windows\WinSxS\amd64_microsoft.windows.common-controls_6595b64144ccf1df_6.0.19041.1110_none_60b5254171f9507e\COMCTL32.dll
0x00007ff95d020000 - 0x00007ff95d052000 	C:\Windows\System32\IMM32.DLL
0x0000000074db0000 - 0x0000000074e82000 	D:\Programs\Katalon_Studio_Windows_64-8.2.0_4\Katalon_Studio_Windows_64-8.2.0\jre\bin\msvcr100.dll
0x0000000073340000 - 0x0000000073c05000 	D:\Programs\Katalon_Studio_Windows_64-8.2.0_4\Katalon_Studio_Windows_64-8.2.0\jre\bin\server\jvm.dll
0x00007ff95cf40000 - 0x00007ff95cf48000 	C:\Windows\System32\PSAPI.DLL
0x00007ff9535f0000 - 0x00007ff9535f9000 	C:\Windows\SYSTEM32\WSOCK32.dll
0x00007ff945d50000 - 0x00007ff945d77000 	C:\Windows\SYSTEM32\WINMM.dll
0x00007ff95d340000 - 0x00007ff95d3ab000 	C:\Windows\System32\WS2_32.dll
0x00007ff9508b0000 - 0x00007ff9508ba000 	C:\Windows\SYSTEM32\VERSION.dll
0x00007ff955df0000 - 0x00007ff955dff000 	D:\Programs\Katalon_Studio_Windows_64-8.2.0_4\Katalon_Studio_Windows_64-8.2.0\jre\bin\verify.dll
0x00007ff94e970000 - 0x00007ff94e999000 	D:\Programs\Katalon_Studio_Windows_64-8.2.0_4\Katalon_Studio_Windows_64-8.2.0\jre\bin\java.dll
0x00007ff955880000 - 0x00007ff955896000 	D:\Programs\Katalon_Studio_Windows_64-8.2.0_4\Katalon_Studio_Windows_64-8.2.0\jre\bin\zip.dll
0x00007ff95b7d0000 - 0x00007ff95bf14000 	C:\Windows\System32\SHELL32.dll
0x00007ff958e00000 - 0x00007ff959592000 	C:\Windows\SYSTEM32\windows.storage.dll
0x00007ff95c380000 - 0x00007ff95c6d5000 	C:\Windows\System32\combase.dll
0x00007ff95a7a0000 - 0x00007ff95a7d0000 	C:\Windows\SYSTEM32\Wldp.dll
0x00007ff95ce90000 - 0x00007ff95cf3d000 	C:\Windows\System32\SHCORE.dll
0x00007ff95d400000 - 0x00007ff95d455000 	C:\Windows\System32\shlwapi.dll
0x00007ff95ac80000 - 0x00007ff95ac9f000 	C:\Windows\SYSTEM32\profapi.dll
0x00007ff9539e0000 - 0x00007ff9539fb000 	D:\Programs\Katalon_Studio_Windows_64-8.2.0_4\Katalon_Studio_Windows_64-8.2.0\jre\bin\net.dll
0x00007ff95a500000 - 0x00007ff95a56a000 	C:\Windows\system32\mswsock.dll
0x00007ff950220000 - 0x00007ff950231000 	D:\Programs\Katalon_Studio_Windows_64-8.2.0_4\Katalon_Studio_Windows_64-8.2.0\jre\bin\nio.dll
0x00007ff95a1f0000 - 0x00007ff95a2ba000 	C:\Windows\SYSTEM32\DNSAPI.dll
0x00007ff95a1a0000 - 0x00007ff95a1db000 	C:\Windows\SYSTEM32\IPHLPAPI.DLL
0x00007ff95c9a0000 - 0x00007ff95c9a8000 	C:\Windows\System32\NSI.dll
0x0000000074ba0000 - 0x0000000074bc6000 	C:\Program Files\Bonjour\mdnsNSP.dll
0x00007ff94c3b0000 - 0x00007ff94c3ba000 	C:\Windows\System32\rasadhlp.dll
0x00007ff948cf0000 - 0x00007ff948d70000 	C:\Windows\System32\fwpuclnt.dll
0x00007ff95b020000 - 0x00007ff95b047000 	C:\Windows\System32\bcrypt.dll
0x00007ff94e170000 - 0x00007ff94e194000 	D:\Programs\Katalon_Studio_Windows_64-8.2.0_4\Katalon_Studio_Windows_64-8.2.0\jre\bin\sunec.dll
0x00007ff953910000 - 0x00007ff95391c000 	D:\Programs\Katalon_Studio_Windows_64-8.2.0_4\Katalon_Studio_Windows_64-8.2.0\jre\bin\sunmscapi.dll
0x00007ff95b530000 - 0x00007ff95b686000 	C:\Windows\System32\CRYPT32.dll
0x00007ff95a810000 - 0x00007ff95a837000 	C:\Windows\SYSTEM32\ncrypt.dll
0x00007ff95a7d0000 - 0x00007ff95a80b000 	C:\Windows\SYSTEM32\NTASN1.dll
0x00007ff95a6f0000 - 0x00007ff95a708000 	C:\Windows\SYSTEM32\CRYPTSP.dll
0x00007ff959db0000 - 0x00007ff959de4000 	C:\Windows\system32\rsaenh.dll
0x00007ff95ac00000 - 0x00007ff95ac2e000 	C:\Windows\SYSTEM32\USERENV.dll
0x00007ff95b300000 - 0x00007ff95b382000 	C:\Windows\System32\bcryptprimitives.dll
0x00007ff95a710000 - 0x00007ff95a71c000 	C:\Windows\SYSTEM32\CRYPTBASE.dll
0x00007ff9527a0000 - 0x00007ff9527b7000 	C:\Windows\SYSTEM32\dhcpcsvc6.DLL
0x00007ff9521f0000 - 0x00007ff95220d000 	C:\Windows\SYSTEM32\dhcpcsvc.DLL

VM Arguments:
jvm_args: -Dgroovy.home=C:\Users\asus/.groovy -Djava.system.class.loader=groovy.lang.GroovyClassLoader -Xmx2048m -Dfile.encoding=UTF-8 
java_command: org.codehaus.groovy.tools.GroovyStarter --classpath D:\Automation\Katalon Studio\QuotaFlow\bin\keyword;D:\Automation\Katalon Studio\QuotaFlow\Keywords;D:\Automation\Katalon Studio\QuotaFlow\bin\listener;D:\Automation\Katalon Studio\QuotaFlow\Test Listeners;D:\Automation\Katalon Studio\QuotaFlow\bin\lib;D:\Automation\Katalon Studio\QuotaFlow\Libs;D:\Automation\Katalon Studio\QuotaFlow\bin\groovy;D:\Automation\Katalon Studio\QuotaFlow\Include\scripts\groovy;D:\Programs\Katalon_Studio_Windows_64-8.2.0_4\Katalon_Studio_Windows_64-8.2.0\plugins\com.kms.katalon.core_1.0.0.202111170230.jar;D:\Programs\Katalon_Studio_Windows_64-8.2.0_4\Katalon_Studio_Windows_64-8.2.0\configuration\resources\lib\aalto-xml-1.0.0.jar;D:\Programs\Katalon_Studio_Windows_64-8.2.0_4\Katalon_Studio_Windows_64-8.2.0\configuration\resources\lib\aspectjweaver-1.9.1.jar;D:\Programs\Katalon_Studio_Windows_64-8.2.0_4\Katalon_Studio_Windows_64-8.2.0\configuration\resources\lib\bcpkix-jdk15on-1.64.jar;D:\Programs\Katalon_Studio_Windows_64-8.2.0_4\Katalon_Studio_Windows_64-8.2.0\configuration\resources\lib\bcprov-jdk15on-1.64.jar;D:\Programs\Katalon_Studio_Windows_64-8.2.0_4\Katalon_Studio_Windows_64-8.2.0\configuration\resources\lib\browsermob-core-2.1.5.jar;D:\Programs\Katalon_Studio_Windows_64-8.2.0_4\Katalon_Studio_Windows_64-8.2.0\configuration\resources\lib\cglib-3.2.10.jar;D:\Programs\Katalon_Studio_Windows_64-8.2.0_4\Katalon_Studio_Windows_64-8.2.0\configuration\resources\lib\commons-codec-1.10.jar;D:\Programs\Katalon_Studio_Windows_64-8.2.0_4\Katalon_Studio_Windows_64-8.2.0\configuration\resources\lib\commons-collections4-4.1.jar;D:\Programs\Katalon_Studio_Windows_64-8.2.0_4\Katalon_Studio_Windows_64-8.2.0\configuration\resources\lib\commons-validator-1.6.jar;D:\Programs\Katalon_Studio_Windows_64-8.2.0_4\Katalon_Studio_Windows_64-8.2.0\configuration\resources\lib\curvesapi-1.04.jar;D:\Programs\Katalon_Studio_Windows_64-8.2.0_4\Katalon_Studio_Windows_64-8.2.0\configuration\resources\
java_class_path (initial): D:\Automation\Katalon Studio\QuotaFlow\bin\keyword;D:\Automation\Katalon Studio\QuotaFlow\bin\listener;D:\Automation\Katalon Studio\QuotaFlow\bin\lib;D:\Automation\Katalon Studio\QuotaFlow\bin\groovy;D:\Automation\Katalon Studio\QuotaFlow\bin;D:\Programs\Katalon_Studio_Windows_64-8.2.0_4\Katalon_Studio_Windows_64-8.2.0\plugins\com.kms.katalon.core_1.0.0.202111170230.jar;D:\Programs\Katalon_Studio_Windows_64-8.2.0_4\Katalon_Studio_Windows_64-8.2.0\configuration\resources\lib\aalto-xml-1.0.0.jar;D:\Programs\Katalon_Studio_Windows_64-8.2.0_4\Katalon_Studio_Windows_64-8.2.0\configuration\resources\lib\aspectjweaver-1.9.1.jar;D:\Programs\Katalon_Studio_Windows_64-8.2.0_4\Katalon_Studio_Windows_64-8.2.0\configuration\resources\lib\bcpkix-jdk15on-1.64.jar;D:\Programs\Katalon_Studio_Windows_64-8.2.0_4\Katalon_Studio_Windows_64-8.2.0\configuration\resources\lib\bcprov-jdk15on-1.64.jar;D:\Programs\Katalon_Studio_Windows_64-8.2.0_4\Katalon_Studio_Windows_64-8.2.0\configuration\resources\lib\browsermob-core-2.1.5.jar;D:\Programs\Katalon_Studio_Windows_64-8.2.0_4\Katalon_Studio_Windows_64-8.2.0\configuration\resources\lib\cglib-3.2.10.jar;D:\Programs\Katalon_Studio_Windows_64-8.2.0_4\Katalon_Studio_Windows_64-8.2.0\configuration\resources\lib\commons-codec-1.10.jar;D:\Programs\Katalon_Studio_Windows_64-8.2.0_4\Katalon_Studio_Windows_64-8.2.0\configuration\resources\lib\commons-collections4-4.1.jar;D:\Programs\Katalon_Studio_Windows_64-8.2.0_4\Katalon_Studio_Windows_64-8.2.0\configuration\resources\lib\commons-validator-1.6.jar;D:\Programs\Katalon_Studio_Windows_64-8.2.0_4\Katalon_Studio_Windows_64-8.2.0\configuration\resources\lib\curvesapi-1.04.jar;D:\Programs\Katalon_Studio_Windows_64-8.2.0_4\Katalon_Studio_Windows_64-8.2.0\configuration\resources\lib\dnsjava-2.1.8.jar;D:\Programs\Katalon_Studio_Windows_64-8.2.0_4\Katalon_Studio_Windows_64-8.2.0\configuration\resources\lib\java-client-7.0.0.jar;D:\Programs\Katalon_Studio_Windows_64-8.2.0_4\Katalon_
Launcher Type: SUN_STANDARD

Environment Variables:
JAVA_HOME=C:\Program Files\Java\jdk-16.0.2
PATH=D:/Programs/Katalon_Studio_Windows_64-8.2.0_4/Katalon_Studio_Windows_64-8.2.0/jre/bin/server;D:/Programs/Katalon_Studio_Windows_64-8.2.0_4/Katalon_Studio_Windows_64-8.2.0/jre/bin;D:/Programs/Katalon_Studio_Windows_64-8.2.0_4/Katalon_Studio_Windows_64-8.2.0/jre/lib/amd64;G:\Application\Common Files\Oracle\Java\javapath;C:\Windows\system32;C:\Windows;C:\Windows\System32\Wbem;C:\Windows\System32\WindowsPowerShell\v1.0\;C:\Windows\System32\OpenSSH\;C:\Program Files (x86)\NVIDIA Corporation\PhysX\Common;C:\xampp\php;C:\ProgramData\ComposerSetup\bin;D:\Programs\MikTex 2.9\miktex\bin\x64\;D:\Git\cmd;C:\Program Files\Java\jdk-16.0.2\bin;D:\Programs\Nodejs\;C:\Users\asus\AppData\Local\Programs\Python\Python310\Scripts\;C:\Users\asus\AppData\Local\Programs\Python\Python310\;C:\Users\asus\AppData\Local\Microsoft\WindowsApps;D:\Programs\Visual Studio\Microsoft VS Code\bin;C:\Users\asus\AppData\Roaming\Composer\vendor\bin;D:\Programs\heroku\bin;C:\Users\asus\AppData\Roaming\npm;D:\Programs\Intellij IDEA CE\IntelliJ IDEA Community Edition 2022.2.3\bin;;D:\Programs\Katalon_Studio_Windows_64-8.2.0_4\Katalon_Studio_Windows_64-8.2.0;
USERNAME=asus
OS=Windows_NT
PROCESSOR_IDENTIFIER=Intel64 Family 6 Model 142 Stepping 9, GenuineIntel



---------------  S Y S T E M  ---------------

OS: Windows 10.0 , 64 bit Build 19041 (10.0.19041.2364)

CPU:total 4 (initial active 4) (2 cores per cpu, 2 threads per core) family 6 model 142 stepping 9, cmov, cx8, fxsr, mmx, sse, sse2, sse3, ssse3, sse4.1, sse4.2, popcnt, avx, avx2, aes, clmul, erms, 3dnowpref, lzcnt, ht, tsc, tscinvbit, bmi1, bmi2, adx

Memory: 4k page, physical 12460568k(1631512k free), swap 14557720k(5264k free)

vm_info: OpenJDK 64-Bit Server VM (25.282-b08) for windows-amd64 JRE (Zulu 8.52.0.23-CA-win64) (1.8.0_282-b08), built on Jan 12 2021 07:45:49 by "tester" with MS VC++ 10.0 (VS2010)

time: Wed Feb 15 10:08:50 2023
timezone: SE Asia Standard Time
elapsed time: 9.795293 seconds (0d 0h 0m 9s)

