#
# There is insufficient memory for the Java Runtime Environment to continue.
# Native memory allocation (malloc) failed to allocate 722496 bytes for Chunk::new
# Possible reasons:
#   The system is out of physical RAM or swap space
#   The process is running with CompressedOops enabled, and the Java Heap may be blocking the growth of the native heap
# Possible solutions:
#   Reduce memory load on the system
#   Increase physical memory or swap space
#   Check if swap backing store is full
#   Decrease Java heap size (-Xmx/-Xms)
#   Decrease number of Java threads
#   Decrease Java thread stack sizes (-Xss)
#   Set larger code cache with -XX:ReservedCodeCacheSize=
#   JVM is running with Unscaled Compressed Oops mode in which the Java heap is
#     placed in the first 4GB address space. The Java Heap base address is the
#     maximum limit for the native heap growth. Please use -XX:HeapBaseMinAddress
#     to set the Java Heap base and to place the Java Heap above 4GB virtual address.
# This output file may be truncated or incomplete.
#
#  Out of Memory Error (allocation.cpp:389), pid=1012, tid=0x0000000000000448
#
# JRE version: OpenJDK Runtime Environment (Zulu 8.52.0.23-CA-win64) (8.0_282-b08) (build 1.8.0_282-b08)
# Java VM: OpenJDK 64-Bit Server VM (25.282-b08 mixed mode windows-amd64 compressed oops)
# Failed to write core dump. Minidumps are not enabled by default on client versions of Windows
#

---------------  T H R E A D  ---------------

Current thread (0x00000000194fb800):  JavaThread "C2 CompilerThread1" daemon [_thread_in_native, id=1096, stack(0x00000000198c0000,0x00000000199c0000)]

Stack: [0x00000000198c0000,0x00000000199c0000]
[error occurred during error reporting (printing stack bounds), id 0xc0000005]

Native frames: (J=compiled Java code, j=interpreted, Vv=VM code, C=native code)


Current CompileTask:
C2:  14607 3308       4       org.codehaus.groovy.antlr.parser.GroovyLexer::mLETTER (985 bytes)


---------------  P R O C E S S  ---------------

Java Threads: ( => current thread )
  0x000000001d73e800 JavaThread "Okio Watchdog" daemon [_thread_blocked, id=3972, stack(0x0000000021a40000,0x0000000021b40000)]
  0x00000000204b2800 JavaThread "OkHttp ConnectionPool" daemon [_thread_blocked, id=11648, stack(0x0000000021940000,0x0000000021a40000)]
  0x000000001e13d000 JavaThread "ForkJoinPool.commonPool-worker-3" daemon [_thread_blocked, id=9852, stack(0x0000000021640000,0x0000000021740000)]
  0x000000001f97f800 JavaThread "Exec Stream Pumper" daemon [_thread_in_native, id=584, stack(0x0000000021440000,0x0000000021540000)]
  0x000000001db8e800 JavaThread "Exec Stream Pumper" daemon [_thread_in_native, id=16376, stack(0x0000000021340000,0x0000000021440000)]
  0x000000001efd0800 JavaThread "UrlChecker-2" daemon [_thread_blocked, id=1860, stack(0x0000000021140000,0x0000000021240000)]
  0x000000001f001000 JavaThread "Exec Default Executor" daemon [_thread_in_native, id=8456, stack(0x000000001edd0000,0x000000001eed0000)]
  0x0000000019517000 JavaThread "Service Thread" daemon [_thread_blocked, id=7432, stack(0x0000000019ac0000,0x0000000019bc0000)]
  0x00000000194ff000 JavaThread "C1 CompilerThread2" daemon [_thread_blocked, id=11956, stack(0x00000000199c0000,0x0000000019ac0000)]
=>0x00000000194fb800 JavaThread "C2 CompilerThread1" daemon [_thread_in_native, id=1096, stack(0x00000000198c0000,0x00000000199c0000)]
  0x00000000194f9000 JavaThread "C2 CompilerThread0" daemon [_thread_blocked, id=9008, stack(0x00000000197c0000,0x00000000198c0000)]
  0x00000000194e8800 JavaThread "Attach Listener" daemon [_thread_blocked, id=15944, stack(0x00000000196c0000,0x00000000197c0000)]
  0x0000000019476000 JavaThread "Signal Dispatcher" daemon [_thread_blocked, id=15856, stack(0x00000000195c0000,0x00000000196c0000)]
  0x0000000017d6b000 JavaThread "Finalizer" daemon [_thread_blocked, id=8120, stack(0x0000000018fc0000,0x00000000190c0000)]
  0x0000000017d63800 JavaThread "Reference Handler" daemon [_thread_blocked, id=3420, stack(0x0000000018ec0000,0x0000000018fc0000)]
  0x0000000003065000 JavaThread "main" [_thread_in_native, id=556, stack(0x0000000002e50000,0x0000000002f50000)]

Other Threads:
  0x0000000017d38000 VMThread [stack: 0x0000000018dc0000,0x0000000018ec0000] [id=3088]
  0x0000000019582000 WatcherThread [stack: 0x0000000019bc0000,0x0000000019cc0000] [id=14656]

VM state:not at safepoint (normal execution)

VM Mutex/Monitor currently owned by a thread: None

heap address: 0x0000000080000000, size: 2048 MB, Compressed Oops mode: 32-bit
Narrow klass base: 0x0000000000000000, Narrow klass shift: 3
Compressed class space size: 1073741824 Address: 0x0000000100000000

Heap:
 PSYoungGen      total 218112K, used 30789K [0x00000000d5580000, 0x00000000e7580000, 0x0000000100000000)
  eden space 207360K, 9% used [0x00000000d5580000,0x00000000d69133d8,0x00000000e2000000)
  from space 10752K, 99% used [0x00000000e2d80000,0x00000000e37fe108,0x00000000e3800000)
  to   space 13824K, 0% used [0x00000000e2000000,0x00000000e2000000,0x00000000e2d80000)
 ParOldGen       total 86528K, used 14267K [0x0000000080000000, 0x0000000085480000, 0x00000000d5580000)
  object space 86528K, 16% used [0x0000000080000000,0x0000000080deed30,0x0000000085480000)
 Metaspace       used 31300K, capacity 32268K, committed 32512K, reserved 1077248K
  class space    used 3712K, capacity 3993K, committed 4096K, reserved 1048576K

Card table byte_map: [0x0000000012510000,0x0000000012920000] byte_map_base: 0x0000000012110000

Marking Bits: (ParMarkBitMap*) 0x0000000050cc1f00
 Begin Bits: [0x0000000012fd0000, 0x0000000014fd0000)
 End Bits:   [0x0000000014fd0000, 0x0000000016fd0000)

Polling page: 0x0000000001140000

CodeCache: size=245760Kb used=12108Kb max_used=13096Kb free=233651Kb
 bounds [0x0000000003150000, 0x0000000003e30000, 0x0000000012150000]
 total_blobs=3694 nmethods=2999 adapters=605
 compilation: enabled

Compilation events (10 events):
Event: 14.507 Thread 0x00000000194ff000 nmethod 3305 0x00000000037c9050 code [0x00000000037c91c0, 0x00000000037c93b0]
Event: 14.507 Thread 0x00000000194ff000 3309       3       org.codehaus.groovy.ast.expr.VariableExpression::visit (8 bytes)
Event: 14.507 Thread 0x00000000194ff000 nmethod 3309 0x0000000003484a50 code [0x0000000003484bc0, 0x0000000003484de8]
Event: 14.507 Thread 0x00000000194ff000 3310       3       org.codehaus.groovy.ast.VariableScope::setInStaticContext (6 bytes)
Event: 14.507 Thread 0x00000000194ff000 nmethod 3310 0x000000000368f190 code [0x000000000368f2e0, 0x000000000368f430]
Event: 14.565 Thread 0x00000000194f9000 nmethod 3307 0x0000000003356b90 code [0x0000000003356e40, 0x00000000033584c8]
Event: 14.565 Thread 0x00000000194f9000 3311       4       java.lang.String::indexOf (7 bytes)
Event: 14.576 Thread 0x00000000194f9000 nmethod 3311 0x00000000032a1350 code [0x00000000032a14a0, 0x00000000032a1918]
Event: 14.591 Thread 0x00000000194f9000 3312       4       java.util.LinkedHashMap::newNode (23 bytes)
Event: 14.593 Thread 0x00000000194f9000 nmethod 3312 0x000000000372a290 code [0x000000000372a3e0, 0x000000000372a538]

GC Heap History (10 events):
Event: 3.495 GC heap before
{Heap before GC invocations=5 (full 0):
 PSYoungGen      total 106496K, used 64518K [0x00000000d5580000, 0x00000000dc580000, 0x0000000100000000)
  eden space 98304K, 57% used [0x00000000d5580000,0x00000000d8c86980,0x00000000db580000)
  from space 8192K, 99% used [0x00000000dbd80000,0x00000000dc57af40,0x00000000dc580000)
  to   space 8192K, 0% used [0x00000000db580000,0x00000000db580000,0x00000000dbd80000)
 ParOldGen       total 131072K, used 473K [0x0000000080000000, 0x0000000088000000, 0x00000000d5580000)
  object space 131072K, 0% used [0x0000000080000000,0x00000000800766c0,0x0000000088000000)
 Metaspace       used 20792K, capacity 21068K, committed 21296K, reserved 1069056K
  class space    used 2309K, capacity 2422K, committed 2432K, reserved 1048576K
Event: 3.506 GC heap after
Heap after GC invocations=5 (full 0):
 PSYoungGen      total 106496K, used 8171K [0x00000000d5580000, 0x00000000e2a80000, 0x0000000100000000)
  eden space 98304K, 0% used [0x00000000d5580000,0x00000000d5580000,0x00000000db580000)
  from space 8192K, 99% used [0x00000000db580000,0x00000000dbd7afb0,0x00000000dbd80000)
  to   space 10752K, 0% used [0x00000000e2000000,0x00000000e2000000,0x00000000e2a80000)
 ParOldGen       total 131072K, used 2236K [0x0000000080000000, 0x0000000088000000, 0x00000000d5580000)
  object space 131072K, 1% used [0x0000000080000000,0x000000008022f238,0x0000000088000000)
 Metaspace       used 20792K, capacity 21068K, committed 21296K, reserved 1069056K
  class space    used 2309K, capacity 2422K, committed 2432K, reserved 1048576K
}
Event: 3.506 GC heap before
{Heap before GC invocations=6 (full 1):
 PSYoungGen      total 106496K, used 8171K [0x00000000d5580000, 0x00000000e2a80000, 0x0000000100000000)
  eden space 98304K, 0% used [0x00000000d5580000,0x00000000d5580000,0x00000000db580000)
  from space 8192K, 99% used [0x00000000db580000,0x00000000dbd7afb0,0x00000000dbd80000)
  to   space 10752K, 0% used [0x00000000e2000000,0x00000000e2000000,0x00000000e2a80000)
 ParOldGen       total 131072K, used 2236K [0x0000000080000000, 0x0000000088000000, 0x00000000d5580000)
  object space 131072K, 1% used [0x0000000080000000,0x000000008022f238,0x0000000088000000)
 Metaspace       used 20792K, capacity 21068K, committed 21296K, reserved 1069056K
  class space    used 2309K, capacity 2422K, committed 2432K, reserved 1048576K
Event: 3.555 GC heap after
Heap after GC invocations=6 (full 1):
 PSYoungGen      total 106496K, used 0K [0x00000000d5580000, 0x00000000e2a80000, 0x0000000100000000)
  eden space 98304K, 0% used [0x00000000d5580000,0x00000000d5580000,0x00000000db580000)
  from space 8192K, 0% used [0x00000000db580000,0x00000000db580000,0x00000000dbd80000)
  to   space 10752K, 0% used [0x00000000e2000000,0x00000000e2000000,0x00000000e2a80000)
 ParOldGen       total 86528K, used 9872K [0x0000000080000000, 0x0000000085480000, 0x00000000d5580000)
  object space 86528K, 11% used [0x0000000080000000,0x00000000809a42a0,0x0000000085480000)
 Metaspace       used 20792K, capacity 21068K, committed 21296K, reserved 1069056K
  class space    used 2309K, capacity 2422K, committed 2432K, reserved 1048576K
}
Event: 4.196 GC heap before
{Heap before GC invocations=7 (full 1):
 PSYoungGen      total 106496K, used 98304K [0x00000000d5580000, 0x00000000e2a80000, 0x0000000100000000)
  eden space 98304K, 100% used [0x00000000d5580000,0x00000000db580000,0x00000000db580000)
  from space 8192K, 0% used [0x00000000db580000,0x00000000db580000,0x00000000dbd80000)
  to   space 10752K, 0% used [0x00000000e2000000,0x00000000e2000000,0x00000000e2a80000)
 ParOldGen       total 86528K, used 9872K [0x0000000080000000, 0x0000000085480000, 0x00000000d5580000)
  object space 86528K, 11% used [0x0000000080000000,0x00000000809a42a0,0x0000000085480000)
 Metaspace       used 22136K, capacity 22456K, committed 22704K, reserved 1069056K
  class space    used 2428K, capacity 2541K, committed 2560K, reserved 1048576K
Event: 4.199 GC heap after
Heap after GC invocations=7 (full 1):
 PSYoungGen      total 144384K, used 2558K [0x00000000d5580000, 0x00000000e2280000, 0x0000000100000000)
  eden space 141824K, 0% used [0x00000000d5580000,0x00000000d5580000,0x00000000de000000)
  from space 2560K, 99% used [0x00000000e2000000,0x00000000e227f850,0x00000000e2280000)
  to   space 11264K, 0% used [0x00000000e0c80000,0x00000000e0c80000,0x00000000e1780000)
 ParOldGen       total 86528K, used 9880K [0x0000000080000000, 0x0000000085480000, 0x00000000d5580000)
  object space 86528K, 11% used [0x0000000080000000,0x00000000809a62a0,0x0000000085480000)
 Metaspace       used 22136K, capacity 22456K, committed 22704K, reserved 1069056K
  class space    used 2428K, capacity 2541K, committed 2560K, reserved 1048576K
}
Event: 5.099 GC heap before
{Heap before GC invocations=8 (full 1):
 PSYoungGen      total 144384K, used 144382K [0x00000000d5580000, 0x00000000e2280000, 0x0000000100000000)
  eden space 141824K, 100% used [0x00000000d5580000,0x00000000de000000,0x00000000de000000)
  from space 2560K, 99% used [0x00000000e2000000,0x00000000e227f850,0x00000000e2280000)
  to   space 11264K, 0% used [0x00000000e0c80000,0x00000000e0c80000,0x00000000e1780000)
 ParOldGen       total 86528K, used 9880K [0x0000000080000000, 0x0000000085480000, 0x00000000d5580000)
  object space 86528K, 11% used [0x0000000080000000,0x00000000809a62a0,0x0000000085480000)
 Metaspace       used 22621K, capacity 22938K, committed 23168K, reserved 1069056K
  class space    used 2487K, capacity 2615K, committed 2688K, reserved 1048576K
Event: 5.116 GC heap after
Heap after GC invocations=8 (full 1):
 PSYoungGen      total 198656K, used 6320K [0x00000000d5580000, 0x00000000e3800000, 0x0000000100000000)
  eden space 187392K, 0% used [0x00000000d5580000,0x00000000d5580000,0x00000000e0c80000)
  from space 11264K, 56% used [0x00000000e0c80000,0x00000000e12ac010,0x00000000e1780000)
  to   space 10752K, 0% used [0x00000000e2d80000,0x00000000e2d80000,0x00000000e3800000)
 ParOldGen       total 86528K, used 9880K [0x0000000080000000, 0x0000000085480000, 0x00000000d5580000)
  object space 86528K, 11% used [0x0000000080000000,0x00000000809a62a0,0x0000000085480000)
 Metaspace       used 22621K, capacity 22938K, committed 23168K, reserved 1069056K
  class space    used 2487K, capacity 2615K, committed 2688K, reserved 1048576K
}
Event: 13.871 GC heap before
{Heap before GC invocations=9 (full 1):
 PSYoungGen      total 198656K, used 193712K [0x00000000d5580000, 0x00000000e3800000, 0x0000000100000000)
  eden space 187392K, 100% used [0x00000000d5580000,0x00000000e0c80000,0x00000000e0c80000)
  from space 11264K, 56% used [0x00000000e0c80000,0x00000000e12ac010,0x00000000e1780000)
  to   space 10752K, 0% used [0x00000000e2d80000,0x00000000e2d80000,0x00000000e3800000)
 ParOldGen       total 86528K, used 9880K [0x0000000080000000, 0x0000000085480000, 0x00000000d5580000)
  object space 86528K, 11% used [0x0000000080000000,0x00000000809a62a0,0x0000000085480000)
 Metaspace       used 30907K, capacity 31838K, committed 31872K, reserved 1077248K
  class space    used 3677K, capacity 3957K, committed 3968K, reserved 1048576K
Event: 13.887 GC heap after
Heap after GC invocations=9 (full 1):
 PSYoungGen      total 218112K, used 10744K [0x00000000d5580000, 0x00000000e7580000, 0x0000000100000000)
  eden space 207360K, 0% used [0x00000000d5580000,0x00000000d5580000,0x00000000e2000000)
  from space 10752K, 99% used [0x00000000e2d80000,0x00000000e37fe108,0x00000000e3800000)
  to   space 13824K, 0% used [0x00000000e2000000,0x00000000e2000000,0x00000000e2d80000)
 ParOldGen       total 86528K, used 14267K [0x0000000080000000, 0x0000000085480000, 0x00000000d5580000)
  object space 86528K, 16% used [0x0000000080000000,0x0000000080deed30,0x0000000085480000)
 Metaspace       used 30907K, capacity 31838K, committed 31872K, reserved 1077248K
  class space    used 3677K, capacity 3957K, committed 3968K, reserved 1048576K
}

Deoptimization events (10 events):
Event: 7.579 Thread 0x0000000003065000 Uncommon trap: reason=class_check action=maybe_recompile pc=0x000000000396f59c method=java.util.HashSet.contains(Ljava/lang/Object;)Z @ 5
Event: 8.555 Thread 0x0000000003065000 Uncommon trap: reason=class_check action=maybe_recompile pc=0x0000000003ce5184 method=org.openqa.selenium.json.Input.init()V @ 18
Event: 8.555 Thread 0x0000000003065000 Uncommon trap: reason=class_check action=maybe_recompile pc=0x0000000003ce5184 method=org.openqa.selenium.json.Input.init()V @ 18
Event: 8.556 Thread 0x0000000003065000 Uncommon trap: reason=class_check action=maybe_recompile pc=0x0000000003ce5184 method=org.openqa.selenium.json.Input.init()V @ 18
Event: 8.556 Thread 0x0000000003065000 Uncommon trap: reason=class_check action=maybe_recompile pc=0x0000000003ce5184 method=org.openqa.selenium.json.Input.init()V @ 18
Event: 8.614 Thread 0x0000000003065000 Uncommon trap: reason=bimorphic action=maybe_recompile pc=0x000000000367ef5c method=java.util.HashMap.putVal(ILjava/lang/Object;Ljava/lang/Object;ZZ)Ljava/lang/Object; @ 203
Event: 8.615 Thread 0x0000000003065000 Uncommon trap: reason=bimorphic action=maybe_recompile pc=0x000000000367ef5c method=java.util.HashMap.putVal(ILjava/lang/Object;Ljava/lang/Object;ZZ)Ljava/lang/Object; @ 203
Event: 8.615 Thread 0x0000000003065000 Uncommon trap: reason=bimorphic action=maybe_recompile pc=0x000000000367ef5c method=java.util.HashMap.putVal(ILjava/lang/Object;Ljava/lang/Object;ZZ)Ljava/lang/Object; @ 203
Event: 12.685 Thread 0x0000000003065000 Uncommon trap: reason=unstable_if action=reinterpret pc=0x00000000032c28d4 method=java.lang.String.isEmpty()Z @ 5
Event: 13.592 Thread 0x0000000003065000 Uncommon trap: reason=unstable_if action=reinterpret pc=0x0000000003d62070 method=java.lang.Character.isHighSurrogate(C)Z @ 3

Classes redefined (0 events):
No events

Internal exceptions (10 events):
Event: 14.535 Thread 0x0000000003065000 Exception <a 'java/security/PrivilegedActionException'> (0x00000000d60f1400) thrown at [C:\jenkins\workspace\zulu8-silver-build-win64\zulu-src\hotspot\src\share\vm\prims\jvm.cpp, line 1529]
Event: 14.535 Thread 0x0000000003065000 Exception <a 'java/security/PrivilegedActionException'> (0x00000000d60f1bc8) thrown at [C:\jenkins\workspace\zulu8-silver-build-win64\zulu-src\hotspot\src\share\vm\prims\jvm.cpp, line 1529]
Event: 14.559 Thread 0x0000000003065000 Exception <a 'java/security/PrivilegedActionException'> (0x00000000d62ed468) thrown at [C:\jenkins\workspace\zulu8-silver-build-win64\zulu-src\hotspot\src\share\vm\prims\jvm.cpp, line 1529]
Event: 14.559 Thread 0x0000000003065000 Exception <a 'java/security/PrivilegedActionException'> (0x00000000d62edc30) thrown at [C:\jenkins\workspace\zulu8-silver-build-win64\zulu-src\hotspot\src\share\vm\prims\jvm.cpp, line 1529]
Event: 14.560 Thread 0x0000000003065000 Exception <a 'java/security/PrivilegedActionException'> (0x00000000d62ffbd8) thrown at [C:\jenkins\workspace\zulu8-silver-build-win64\zulu-src\hotspot\src\share\vm\prims\jvm.cpp, line 1529]
Event: 14.560 Thread 0x0000000003065000 Exception <a 'java/security/PrivilegedActionException'> (0x00000000d63003a0) thrown at [C:\jenkins\workspace\zulu8-silver-build-win64\zulu-src\hotspot\src\share\vm\prims\jvm.cpp, line 1529]
Event: 14.579 Thread 0x0000000003065000 Exception <a 'java/security/PrivilegedActionException'> (0x00000000d64ee228) thrown at [C:\jenkins\workspace\zulu8-silver-build-win64\zulu-src\hotspot\src\share\vm\prims\jvm.cpp, line 1529]
Event: 14.579 Thread 0x0000000003065000 Exception <a 'java/security/PrivilegedActionException'> (0x00000000d64ee9f0) thrown at [C:\jenkins\workspace\zulu8-silver-build-win64\zulu-src\hotspot\src\share\vm\prims\jvm.cpp, line 1529]
Event: 14.580 Thread 0x0000000003065000 Exception <a 'java/security/PrivilegedActionException'> (0x00000000d6500998) thrown at [C:\jenkins\workspace\zulu8-silver-build-win64\zulu-src\hotspot\src\share\vm\prims\jvm.cpp, line 1529]
Event: 14.580 Thread 0x0000000003065000 Exception <a 'java/security/PrivilegedActionException'> (0x00000000d6501160) thrown at [C:\jenkins\workspace\zulu8-silver-build-win64\zulu-src\hotspot\src\share\vm\prims\jvm.cpp, line 1529]

Events (10 events):
Event: 14.590 loading class groovy/lang/GroovyObject$com$kms$katalon$core$testobject$ObjectRepository
Event: 14.590 loading class groovy/lang/GroovyObject$com$kms$katalon$core$testobject$ObjectRepository done
Event: 14.596 loading class java/lang/com$kms$katalon$core$testobject$ObjectRepository
Event: 14.596 loading class java/lang/com$kms$katalon$core$testobject$ObjectRepository done
Event: 14.597 loading class java/io/com$kms$katalon$core$testobject$ObjectRepository
Event: 14.597 loading class java/io/com$kms$katalon$core$testobject$ObjectRepository done
Event: 14.605 loading class java/net/com$kms$katalon$core$testobject$ObjectRepository
Event: 14.605 loading class java/net/com$kms$katalon$core$testobject$ObjectRepository done
Event: 14.606 loading class java/util/com$kms$katalon$core$testobject$ObjectRepository
Event: 14.606 loading class java/util/com$kms$katalon$core$testobject$ObjectRepository done


Dynamic libraries:
0x00007ff7f99a0000 - 0x00007ff7f99d5000 	D:\Programs\Katalon_Studio_Windows_64-8.2.0_4\Katalon_Studio_Windows_64-8.2.0\jre\bin\javaw.exe
0x00007fffa6390000 - 0x00007fffa6588000 	C:\Windows\SYSTEM32\ntdll.dll
0x00007fffa5810000 - 0x00007fffa58cf000 	C:\Windows\System32\KERNEL32.DLL
0x00007fffa3ed0000 - 0x00007fffa41a2000 	C:\Windows\System32\KERNELBASE.dll
0x00007fffa5ec0000 - 0x00007fffa5f6e000 	C:\Windows\System32\ADVAPI32.dll
0x00007fffa4530000 - 0x00007fffa45ce000 	C:\Windows\System32\msvcrt.dll
0x00007fffa4460000 - 0x00007fffa44fc000 	C:\Windows\System32\sechost.dll
0x00007fffa5d80000 - 0x00007fffa5ea5000 	C:\Windows\System32\RPCRT4.dll
0x00007fffa4a40000 - 0x00007fffa4be1000 	C:\Windows\System32\USER32.dll
0x00007fffa3d90000 - 0x00007fffa3db2000 	C:\Windows\System32\win32u.dll
0x00007fffa4500000 - 0x00007fffa452b000 	C:\Windows\System32\GDI32.dll
0x00007fffa3dc0000 - 0x00007fffa3ecf000 	C:\Windows\System32\gdi32full.dll
0x00007fffa3c80000 - 0x00007fffa3d1d000 	C:\Windows\System32\msvcp_win.dll
0x00007fffa3b80000 - 0x00007fffa3c80000 	C:\Windows\System32\ucrtbase.dll
0x00007fff8e690000 - 0x00007fff8e92a000 	C:\Windows\WinSxS\amd64_microsoft.windows.common-controls_6595b64144ccf1df_6.0.19041.1110_none_60b5254171f9507e\COMCTL32.dll
0x00007fffa5950000 - 0x00007fffa5982000 	C:\Windows\System32\IMM32.DLL
0x00000000502c0000 - 0x0000000050392000 	D:\Programs\Katalon_Studio_Windows_64-8.2.0_4\Katalon_Studio_Windows_64-8.2.0\jre\bin\msvcr100.dll
0x0000000050480000 - 0x0000000050d45000 	D:\Programs\Katalon_Studio_Windows_64-8.2.0_4\Katalon_Studio_Windows_64-8.2.0\jre\bin\server\jvm.dll
0x00007fffa4f80000 - 0x00007fffa4f88000 	C:\Windows\System32\PSAPI.DLL
0x00007fff827a0000 - 0x00007fff827a9000 	C:\Windows\SYSTEM32\WSOCK32.dll
0x00007fffa4e60000 - 0x00007fffa4ecb000 	C:\Windows\System32\WS2_32.dll
0x00007fff8eae0000 - 0x00007fff8eb07000 	C:\Windows\SYSTEM32\WINMM.dll
0x00007fff9d4a0000 - 0x00007fff9d4aa000 	C:\Windows\SYSTEM32\VERSION.dll
0x00007fff9ec10000 - 0x00007fff9ec1f000 	D:\Programs\Katalon_Studio_Windows_64-8.2.0_4\Katalon_Studio_Windows_64-8.2.0\jre\bin\verify.dll
0x00007fff6d430000 - 0x00007fff6d459000 	D:\Programs\Katalon_Studio_Windows_64-8.2.0_4\Katalon_Studio_Windows_64-8.2.0\jre\bin\java.dll
0x00007fff6f890000 - 0x00007fff6f8a6000 	D:\Programs\Katalon_Studio_Windows_64-8.2.0_4\Katalon_Studio_Windows_64-8.2.0\jre\bin\zip.dll
0x00007fffa4f90000 - 0x00007fffa56d4000 	C:\Windows\System32\SHELL32.dll
0x00007fffa1b20000 - 0x00007fffa22b2000 	C:\Windows\SYSTEM32\windows.storage.dll
0x00007fffa5990000 - 0x00007fffa5ce5000 	C:\Windows\System32\combase.dll
0x00007fffa34e0000 - 0x00007fffa3510000 	C:\Windows\SYSTEM32\Wldp.dll
0x00007fffa6180000 - 0x00007fffa622d000 	C:\Windows\System32\SHCORE.dll
0x00007fffa58d0000 - 0x00007fffa5925000 	C:\Windows\System32\shlwapi.dll
0x00007fffa39c0000 - 0x00007fffa39df000 	C:\Windows\SYSTEM32\profapi.dll
0x00007fff6b3e0000 - 0x00007fff6b3fb000 	D:\Programs\Katalon_Studio_Windows_64-8.2.0_4\Katalon_Studio_Windows_64-8.2.0\jre\bin\net.dll
0x00007fffa3240000 - 0x00007fffa32aa000 	C:\Windows\system32\mswsock.dll
0x00007fff6a750000 - 0x00007fff6a761000 	D:\Programs\Katalon_Studio_Windows_64-8.2.0_4\Katalon_Studio_Windows_64-8.2.0\jre\bin\nio.dll
0x00007fffa2f30000 - 0x00007fffa2ffa000 	C:\Windows\SYSTEM32\DNSAPI.dll
0x00007fffa2ee0000 - 0x00007fffa2f1b000 	C:\Windows\SYSTEM32\IPHLPAPI.DLL
0x00007fffa5eb0000 - 0x00007fffa5eb8000 	C:\Windows\System32\NSI.dll
0x0000000051b60000 - 0x0000000051b86000 	C:\Program Files\Bonjour\mdnsNSP.dll
0x00007fff91a50000 - 0x00007fff91a5a000 	C:\Windows\System32\rasadhlp.dll
0x00007fff91cd0000 - 0x00007fff91d50000 	C:\Windows\System32\fwpuclnt.dll
0x00007fffa43a0000 - 0x00007fffa43c7000 	C:\Windows\System32\bcrypt.dll
0x00007fff5d0b0000 - 0x00007fff5d0d4000 	D:\Programs\Katalon_Studio_Windows_64-8.2.0_4\Katalon_Studio_Windows_64-8.2.0\jre\bin\sunec.dll
0x00007fff9cc40000 - 0x00007fff9cc4c000 	D:\Programs\Katalon_Studio_Windows_64-8.2.0_4\Katalon_Studio_Windows_64-8.2.0\jre\bin\sunmscapi.dll
0x00007fffa4240000 - 0x00007fffa4396000 	C:\Windows\System32\CRYPT32.dll
0x00007fffa3550000 - 0x00007fffa3577000 	C:\Windows\SYSTEM32\ncrypt.dll
0x00007fffa3510000 - 0x00007fffa354b000 	C:\Windows\SYSTEM32\NTASN1.dll
0x00007fffa3430000 - 0x00007fffa3448000 	C:\Windows\SYSTEM32\CRYPTSP.dll
0x00007fffa2a80000 - 0x00007fffa2ab4000 	C:\Windows\system32\rsaenh.dll
0x00007fffa3980000 - 0x00007fffa39ae000 	C:\Windows\SYSTEM32\USERENV.dll
0x00007fffa41b0000 - 0x00007fffa4232000 	C:\Windows\System32\bcryptprimitives.dll
0x00007fffa3450000 - 0x00007fffa345c000 	C:\Windows\SYSTEM32\CRYPTBASE.dll
0x00007fff9c530000 - 0x00007fff9c547000 	C:\Windows\SYSTEM32\dhcpcsvc6.DLL
0x00007fff9c280000 - 0x00007fff9c29d000 	C:\Windows\SYSTEM32\dhcpcsvc.DLL

VM Arguments:
jvm_args: -Dgroovy.home=C:\Users\asus/.groovy -Djava.system.class.loader=groovy.lang.GroovyClassLoader -Xmx2048m -Dfile.encoding=UTF-8 
java_command: org.codehaus.groovy.tools.GroovyStarter --classpath D:\Automation\Katalon Studio\QuotaFlow\bin\keyword;D:\Automation\Katalon Studio\QuotaFlow\Keywords;D:\Automation\Katalon Studio\QuotaFlow\bin\listener;D:\Automation\Katalon Studio\QuotaFlow\Test Listeners;D:\Automation\Katalon Studio\QuotaFlow\bin\lib;D:\Automation\Katalon Studio\QuotaFlow\Libs;D:\Automation\Katalon Studio\QuotaFlow\bin\groovy;D:\Automation\Katalon Studio\QuotaFlow\Include\scripts\groovy;D:\Programs\Katalon_Studio_Windows_64-8.2.0_4\Katalon_Studio_Windows_64-8.2.0\plugins\com.kms.katalon.core_1.0.0.202111170230.jar;D:\Programs\Katalon_Studio_Windows_64-8.2.0_4\Katalon_Studio_Windows_64-8.2.0\configuration\resources\lib\aalto-xml-1.0.0.jar;D:\Programs\Katalon_Studio_Windows_64-8.2.0_4\Katalon_Studio_Windows_64-8.2.0\configuration\resources\lib\aspectjweaver-1.9.1.jar;D:\Programs\Katalon_Studio_Windows_64-8.2.0_4\Katalon_Studio_Windows_64-8.2.0\configuration\resources\lib\bcpkix-jdk15on-1.64.jar;D:\Programs\Katalon_Studio_Windows_64-8.2.0_4\Katalon_Studio_Windows_64-8.2.0\configuration\resources\lib\bcprov-jdk15on-1.64.jar;D:\Programs\Katalon_Studio_Windows_64-8.2.0_4\Katalon_Studio_Windows_64-8.2.0\configuration\resources\lib\browsermob-core-2.1.5.jar;D:\Programs\Katalon_Studio_Windows_64-8.2.0_4\Katalon_Studio_Windows_64-8.2.0\configuration\resources\lib\cglib-3.2.10.jar;D:\Programs\Katalon_Studio_Windows_64-8.2.0_4\Katalon_Studio_Windows_64-8.2.0\configuration\resources\lib\commons-codec-1.10.jar;D:\Programs\Katalon_Studio_Windows_64-8.2.0_4\Katalon_Studio_Windows_64-8.2.0\configuration\resources\lib\commons-collections4-4.1.jar;D:\Programs\Katalon_Studio_Windows_64-8.2.0_4\Katalon_Studio_Windows_64-8.2.0\configuration\resources\lib\commons-validator-1.6.jar;D:\Programs\Katalon_Studio_Windows_64-8.2.0_4\Katalon_Studio_Windows_64-8.2.0\configuration\resources\lib\curvesapi-1.04.jar;D:\Programs\Katalon_Studio_Windows_64-8.2.0_4\Katalon_Studio_Windows_64-8.2.0\configuration\resources\
java_class_path (initial): D:\Automation\Katalon Studio\QuotaFlow\bin\keyword;D:\Automation\Katalon Studio\QuotaFlow\bin\listener;D:\Automation\Katalon Studio\QuotaFlow\bin\lib;D:\Automation\Katalon Studio\QuotaFlow\bin\groovy;D:\Automation\Katalon Studio\QuotaFlow\bin;D:\Programs\Katalon_Studio_Windows_64-8.2.0_4\Katalon_Studio_Windows_64-8.2.0\plugins\com.kms.katalon.core_1.0.0.202111170230.jar;D:\Programs\Katalon_Studio_Windows_64-8.2.0_4\Katalon_Studio_Windows_64-8.2.0\configuration\resources\lib\aalto-xml-1.0.0.jar;D:\Programs\Katalon_Studio_Windows_64-8.2.0_4\Katalon_Studio_Windows_64-8.2.0\configuration\resources\lib\aspectjweaver-1.9.1.jar;D:\Programs\Katalon_Studio_Windows_64-8.2.0_4\Katalon_Studio_Windows_64-8.2.0\configuration\resources\lib\bcpkix-jdk15on-1.64.jar;D:\Programs\Katalon_Studio_Windows_64-8.2.0_4\Katalon_Studio_Windows_64-8.2.0\configuration\resources\lib\bcprov-jdk15on-1.64.jar;D:\Programs\Katalon_Studio_Windows_64-8.2.0_4\Katalon_Studio_Windows_64-8.2.0\configuration\resources\lib\browsermob-core-2.1.5.jar;D:\Programs\Katalon_Studio_Windows_64-8.2.0_4\Katalon_Studio_Windows_64-8.2.0\configuration\resources\lib\cglib-3.2.10.jar;D:\Programs\Katalon_Studio_Windows_64-8.2.0_4\Katalon_Studio_Windows_64-8.2.0\configuration\resources\lib\commons-codec-1.10.jar;D:\Programs\Katalon_Studio_Windows_64-8.2.0_4\Katalon_Studio_Windows_64-8.2.0\configuration\resources\lib\commons-collections4-4.1.jar;D:\Programs\Katalon_Studio_Windows_64-8.2.0_4\Katalon_Studio_Windows_64-8.2.0\configuration\resources\lib\commons-validator-1.6.jar;D:\Programs\Katalon_Studio_Windows_64-8.2.0_4\Katalon_Studio_Windows_64-8.2.0\configuration\resources\lib\curvesapi-1.04.jar;D:\Programs\Katalon_Studio_Windows_64-8.2.0_4\Katalon_Studio_Windows_64-8.2.0\configuration\resources\lib\dnsjava-2.1.8.jar;D:\Programs\Katalon_Studio_Windows_64-8.2.0_4\Katalon_Studio_Windows_64-8.2.0\configuration\resources\lib\java-client-7.0.0.jar;D:\Programs\Katalon_Studio_Windows_64-8.2.0_4\Katalon_
Launcher Type: SUN_STANDARD

Environment Variables:
JAVA_HOME=C:\Program Files\Java\jdk-16.0.2
PATH=D:/Programs/Katalon_Studio_Windows_64-8.2.0_4/Katalon_Studio_Windows_64-8.2.0/jre/bin/server;D:/Programs/Katalon_Studio_Windows_64-8.2.0_4/Katalon_Studio_Windows_64-8.2.0/jre/bin;D:/Programs/Katalon_Studio_Windows_64-8.2.0_4/Katalon_Studio_Windows_64-8.2.0/jre/lib/amd64;G:\Application\Common Files\Oracle\Java\javapath;C:\Windows\system32;C:\Windows;C:\Windows\System32\Wbem;C:\Windows\System32\WindowsPowerShell\v1.0\;C:\Windows\System32\OpenSSH\;C:\Program Files (x86)\NVIDIA Corporation\PhysX\Common;C:\xampp\php;C:\ProgramData\ComposerSetup\bin;D:\Programs\MikTex 2.9\miktex\bin\x64\;D:\Git\cmd;C:\Program Files\Java\jdk-16.0.2\bin;D:\Programs\Nodejs\;C:\Users\asus\AppData\Local\Programs\Python\Python310\Scripts\;C:\Users\asus\AppData\Local\Programs\Python\Python310\;C:\Users\asus\AppData\Local\Microsoft\WindowsApps;D:\Programs\Visual Studio\Microsoft VS Code\bin;C:\Users\asus\AppData\Roaming\Composer\vendor\bin;D:\Programs\heroku\bin;C:\Users\asus\AppData\Roaming\npm;D:\Programs\Intellij IDEA CE\IntelliJ IDEA Community Edition 2022.2.3\bin;;D:\Programs\Katalon_Studio_Windows_64-8.2.0_4\Katalon_Studio_Windows_64-8.2.0;
USERNAME=asus
OS=Windows_NT
PROCESSOR_IDENTIFIER=Intel64 Family 6 Model 142 Stepping 9, GenuineIntel



---------------  S Y S T E M  ---------------

OS: Windows 10.0 , 64 bit Build 19041 (10.0.19041.2364)

CPU:total 4 (initial active 4) (2 cores per cpu, 2 threads per core) family 6 model 142 stepping 9, cmov, cx8, fxsr, mmx, sse, sse2, sse3, ssse3, sse4.1, sse4.2, popcnt, avx, avx2, aes, clmul, erms, 3dnowpref, lzcnt, ht, tsc, tscinvbit, bmi1, bmi2, adx

Memory: 4k page, physical 12460568k(2501356k free), swap 14557720k(5556k free)

vm_info: OpenJDK 64-Bit Server VM (25.282-b08) for windows-amd64 JRE (Zulu 8.52.0.23-CA-win64) (1.8.0_282-b08), built on Jan 12 2021 07:45:49 by "tester" with MS VC++ 10.0 (VS2010)

time: Wed Feb 01 16:07:30 2023
timezone: SE Asia Standard Time
elapsed time: 14.616673 seconds (0d 0h 0m 14s)

