#
# There is insufficient memory for the Java Runtime Environment to continue.
# Native memory allocation (malloc) failed to allocate 32744 bytes for ChunkPool::allocate
# Possible reasons:
#   The system is out of physical RAM or swap space
#   The process is running with CompressedOops enabled, and the Java Heap may be blocking the growth of the native heap
# Possible solutions:
#   Reduce memory load on the system
#   Increase physical memory or swap space
#   Check if swap backing store is full
#   Decrease Java heap size (-Xmx/-Xms)
#   Decrease number of Java threads
#   Decrease Java thread stack sizes (-Xss)
#   Set larger code cache with -XX:ReservedCodeCacheSize=
#   JVM is running with Unscaled Compressed Oops mode in which the Java heap is
#     placed in the first 4GB address space. The Java Heap base address is the
#     maximum limit for the native heap growth. Please use -XX:HeapBaseMinAddress
#     to set the Java Heap base and to place the Java Heap above 4GB virtual address.
# This output file may be truncated or incomplete.
#
#  Out of Memory Error (allocation.cpp:272), pid=9800, tid=0x0000000000002ca8
#
# JRE version: OpenJDK Runtime Environment (Zulu 8.52.0.23-CA-win64) (8.0_282-b08) (build 1.8.0_282-b08)
# Java VM: OpenJDK 64-Bit Server VM (25.282-b08 mixed mode windows-amd64 compressed oops)
# Failed to write core dump. Minidumps are not enabled by default on client versions of Windows
#

---------------  T H R E A D  ---------------

Current thread (0x00000000194e9000):  JavaThread "C2 CompilerThread0" daemon [_thread_in_native, id=11432, stack(0x00000000197b0000,0x00000000198b0000)]

Stack: [0x00000000197b0000,0x00000000198b0000]
[error occurred during error reporting (printing stack bounds), id 0xc0000005]

Native frames: (J=compiled Java code, j=interpreted, Vv=VM code, C=native code)


Current CompileTask:
C2:  11262 3022       4       java.net.URLClassLoader$1::run (5 bytes)


---------------  P R O C E S S  ---------------

Java Threads: ( => current thread )
  0x000000001d55d000 JavaThread "Okio Watchdog" daemon [_thread_blocked, id=1764, stack(0x00000000209a0000,0x0000000020aa0000)]
  0x000000001958e000 JavaThread "OkHttp ConnectionPool" daemon [_thread_blocked, id=2000, stack(0x00000000208a0000,0x00000000209a0000)]
  0x000000001c064800 JavaThread "ForkJoinPool.commonPool-worker-3" daemon [_thread_blocked, id=16352, stack(0x00000000205a0000,0x00000000206a0000)]
  0x000000001d538000 JavaThread "ForkJoinPool.commonPool-worker-2" daemon [_thread_blocked, id=13492, stack(0x000000001ff60000,0x0000000020060000)]
  0x000000001ca98800 JavaThread "Keep-Alive-Timer" daemon [_thread_blocked, id=10260, stack(0x000000001fb60000,0x000000001fc60000)]
  0x000000001cb9b000 JavaThread "Exec Stream Pumper" daemon [_thread_in_native, id=14804, stack(0x00000000202a0000,0x00000000203a0000)]
  0x000000001cb9a000 JavaThread "Exec Stream Pumper" daemon [_thread_in_native, id=11144, stack(0x00000000201a0000,0x00000000202a0000)]
  0x000000001b0a7800 JavaThread "UrlChecker-2" daemon [_thread_blocked, id=16272, stack(0x00000000200a0000,0x00000000201a0000)]
  0x000000001edae800 JavaThread "Exec Default Executor" daemon [_thread_in_native, id=12504, stack(0x000000001cf90000,0x000000001d090000)]
  0x0000000019506800 JavaThread "Service Thread" daemon [_thread_blocked, id=4472, stack(0x0000000019ab0000,0x0000000019bb0000)]
  0x00000000194f0800 JavaThread "C1 CompilerThread2" daemon [_thread_blocked, id=4484, stack(0x00000000199b0000,0x0000000019ab0000)]
  0x00000000194eb800 JavaThread "C2 CompilerThread1" daemon [_thread_in_native, id=10804, stack(0x00000000198b0000,0x00000000199b0000)]
=>0x00000000194e9000 JavaThread "C2 CompilerThread0" daemon [_thread_in_native, id=11432, stack(0x00000000197b0000,0x00000000198b0000)]
  0x00000000194d8800 JavaThread "Attach Listener" daemon [_thread_blocked, id=12916, stack(0x00000000196b0000,0x00000000197b0000)]
  0x0000000019466000 JavaThread "Signal Dispatcher" daemon [_thread_blocked, id=15868, stack(0x00000000195b0000,0x00000000196b0000)]
  0x0000000017cfb000 JavaThread "Finalizer" daemon [_thread_blocked, id=11596, stack(0x0000000018fb0000,0x00000000190b0000)]
  0x0000000017cf3800 JavaThread "Reference Handler" daemon [_thread_blocked, id=588, stack(0x0000000018eb0000,0x0000000018fb0000)]
  0x0000000002ff5000 JavaThread "Forwarding executeAsyncScript on session ed731ac2570bf1284349b8695cf37db0 to remote" [_thread_in_native, id=13164, stack(0x0000000002ee0000,0x0000000002fe0000)]

Other Threads:
  0x0000000017cc8000 VMThread [stack: 0x0000000018db0000,0x0000000018eb0000] [id=15012]
  0x000000001952c000 WatcherThread [stack: 0x0000000019bb0000,0x0000000019cb0000] [id=11524]

VM state:not at safepoint (normal execution)

VM Mutex/Monitor currently owned by a thread: None

heap address: 0x0000000080000000, size: 2048 MB, Compressed Oops mode: 32-bit
Narrow klass base: 0x0000000000000000, Narrow klass shift: 3
Compressed class space size: 1073741824 Address: 0x0000000100000000

Heap:
 PSYoungGen      total 199168K, used 179308K [0x00000000d5580000, 0x00000000e3e80000, 0x0000000100000000)
  eden space 187904K, 92% used [0x00000000d5580000,0x00000000dfe6b270,0x00000000e0d00000)
  from space 11264K, 56% used [0x00000000e0d00000,0x00000000e1330000,0x00000000e1800000)
  to   space 10752K, 0% used [0x00000000e3400000,0x00000000e3400000,0x00000000e3e80000)
 ParOldGen       total 83968K, used 9925K [0x0000000080000000, 0x0000000085200000, 0x00000000d5580000)
  object space 83968K, 11% used [0x0000000080000000,0x00000000809b1510,0x0000000085200000)
 Metaspace       used 30778K, capacity 31726K, committed 31872K, reserved 1077248K
  class space    used 3661K, capacity 3941K, committed 3968K, reserved 1048576K

Card table byte_map: [0x00000000124a0000,0x00000000128b0000] byte_map_base: 0x00000000120a0000

Marking Bits: (ParMarkBitMap*) 0x0000000050cc1f00
 Begin Bits: [0x0000000012f60000, 0x0000000014f60000)
 End Bits:   [0x0000000014f60000, 0x0000000016f60000)

Polling page: 0x0000000001560000

CodeCache: size=245760Kb used=12430Kb max_used=12430Kb free=233329Kb
 bounds [0x00000000030e0000, 0x0000000003d10000, 0x00000000120e0000]
 total_blobs=3723 nmethods=3032 adapters=601
 compilation: enabled

Compilation events (10 events):
Event: 11.240 Thread 0x00000000194f0800 3119       3       java.util.concurrent.CopyOnWriteArrayList::get (4 bytes)
Event: 11.241 Thread 0x00000000194f0800 nmethod 3119 0x0000000003d07590 code [0x0000000003d076e0, 0x0000000003d07850]
Event: 11.245 Thread 0x00000000194f0800 3120       3       org.codehaus.groovy.reflection.ClassInfo::getVersion (8 bytes)
Event: 11.246 Thread 0x00000000194f0800 nmethod 3120 0x0000000003d07950 code [0x0000000003d07aa0, 0x0000000003d07c90]
Event: 11.248 Thread 0x00000000194f0800 3122       3       java.util.stream.AbstractPipeline::wrapSink (37 bytes)
Event: 11.248 Thread 0x00000000194f0800 nmethod 3122 0x0000000003d07d50 code [0x0000000003d07ee0, 0x0000000003d08318]
Event: 11.248 Thread 0x00000000194f0800 3121       3       java.util.stream.AbstractPipeline::wrapAndCopyInto (18 bytes)
Event: 11.249 Thread 0x00000000194f0800 nmethod 3121 0x0000000003d084d0 code [0x0000000003d08660, 0x0000000003d08a88]
Event: 11.249 Thread 0x00000000194f0800 3123       3       java.util.stream.Sink::end (1 bytes)
Event: 11.249 Thread 0x00000000194f0800 nmethod 3123 0x0000000003d08c10 code [0x0000000003d08d60, 0x0000000003d08eb0]

GC Heap History (10 events):
Event: 2.752 GC heap before
{Heap before GC invocations=4 (full 0):
 PSYoungGen      total 57344K, used 55457K [0x00000000d5580000, 0x00000000dc580000, 0x0000000100000000)
  eden space 49152K, 100% used [0x00000000d5580000,0x00000000d8580000,0x00000000d8580000)
  from space 8192K, 76% used [0x00000000d8580000,0x00000000d8ba8548,0x00000000d8d80000)
  to   space 8192K, 0% used [0x00000000dbd80000,0x00000000dbd80000,0x00000000dc580000)
 ParOldGen       total 131072K, used 24K [0x0000000080000000, 0x0000000088000000, 0x00000000d5580000)
  object space 131072K, 0% used [0x0000000080000000,0x0000000080006000,0x0000000088000000)
 Metaspace       used 17589K, capacity 17824K, committed 18176K, reserved 1064960K
  class space    used 1902K, capacity 2004K, committed 2048K, reserved 1048576K
Event: 2.761 GC heap after
Heap after GC invocations=4 (full 0):
 PSYoungGen      total 106496K, used 8166K [0x00000000d5580000, 0x00000000dc580000, 0x0000000100000000)
  eden space 98304K, 0% used [0x00000000d5580000,0x00000000d5580000,0x00000000db580000)
  from space 8192K, 99% used [0x00000000dbd80000,0x00000000dc579b00,0x00000000dc580000)
  to   space 8192K, 0% used [0x00000000db580000,0x00000000db580000,0x00000000dbd80000)
 ParOldGen       total 131072K, used 557K [0x0000000080000000, 0x0000000088000000, 0x00000000d5580000)
  object space 131072K, 0% used [0x0000000080000000,0x000000008008b5a8,0x0000000088000000)
 Metaspace       used 17589K, capacity 17824K, committed 18176K, reserved 1064960K
  class space    used 1902K, capacity 2004K, committed 2048K, reserved 1048576K
}
Event: 3.452 GC heap before
{Heap before GC invocations=5 (full 0):
 PSYoungGen      total 106496K, used 64648K [0x00000000d5580000, 0x00000000dc580000, 0x0000000100000000)
  eden space 98304K, 57% used [0x00000000d5580000,0x00000000d8ca85f8,0x00000000db580000)
  from space 8192K, 99% used [0x00000000dbd80000,0x00000000dc579b00,0x00000000dc580000)
  to   space 8192K, 0% used [0x00000000db580000,0x00000000db580000,0x00000000dbd80000)
 ParOldGen       total 131072K, used 557K [0x0000000080000000, 0x0000000088000000, 0x00000000d5580000)
  object space 131072K, 0% used [0x0000000080000000,0x000000008008b5a8,0x0000000088000000)
 Metaspace       used 20797K, capacity 21068K, committed 21296K, reserved 1069056K
  class space    used 2311K, capacity 2422K, committed 2432K, reserved 1048576K
Event: 3.467 GC heap after
Heap after GC invocations=5 (full 0):
 PSYoungGen      total 106496K, used 8187K [0x00000000d5580000, 0x00000000e2a80000, 0x0000000100000000)
  eden space 98304K, 0% used [0x00000000d5580000,0x00000000d5580000,0x00000000db580000)
  from space 8192K, 99% used [0x00000000db580000,0x00000000dbd7ecd8,0x00000000dbd80000)
  to   space 10752K, 0% used [0x00000000e2000000,0x00000000e2000000,0x00000000e2a80000)
 ParOldGen       total 131072K, used 2332K [0x0000000080000000, 0x0000000088000000, 0x00000000d5580000)
  object space 131072K, 1% used [0x0000000080000000,0x00000000802471b0,0x0000000088000000)
 Metaspace       used 20797K, capacity 21068K, committed 21296K, reserved 1069056K
  class space    used 2311K, capacity 2422K, committed 2432K, reserved 1048576K
}
Event: 3.467 GC heap before
{Heap before GC invocations=6 (full 1):
 PSYoungGen      total 106496K, used 8187K [0x00000000d5580000, 0x00000000e2a80000, 0x0000000100000000)
  eden space 98304K, 0% used [0x00000000d5580000,0x00000000d5580000,0x00000000db580000)
  from space 8192K, 99% used [0x00000000db580000,0x00000000dbd7ecd8,0x00000000dbd80000)
  to   space 10752K, 0% used [0x00000000e2000000,0x00000000e2000000,0x00000000e2a80000)
 ParOldGen       total 131072K, used 2332K [0x0000000080000000, 0x0000000088000000, 0x00000000d5580000)
  object space 131072K, 1% used [0x0000000080000000,0x00000000802471b0,0x0000000088000000)
 Metaspace       used 20797K, capacity 21068K, committed 21296K, reserved 1069056K
  class space    used 2311K, capacity 2422K, committed 2432K, reserved 1048576K
Event: 3.513 GC heap after
Heap after GC invocations=6 (full 1):
 PSYoungGen      total 106496K, used 0K [0x00000000d5580000, 0x00000000e2a80000, 0x0000000100000000)
  eden space 98304K, 0% used [0x00000000d5580000,0x00000000d5580000,0x00000000db580000)
  from space 8192K, 0% used [0x00000000db580000,0x00000000db580000,0x00000000dbd80000)
  to   space 10752K, 0% used [0x00000000e2000000,0x00000000e2000000,0x00000000e2a80000)
 ParOldGen       total 83968K, used 9917K [0x0000000080000000, 0x0000000085200000, 0x00000000d5580000)
  object space 83968K, 11% used [0x0000000080000000,0x00000000809af510,0x0000000085200000)
 Metaspace       used 20797K, capacity 21068K, committed 21296K, reserved 1069056K
  class space    used 2311K, capacity 2422K, committed 2432K, reserved 1048576K
}
Event: 4.241 GC heap before
{Heap before GC invocations=7 (full 1):
 PSYoungGen      total 106496K, used 98304K [0x00000000d5580000, 0x00000000e2a80000, 0x0000000100000000)
  eden space 98304K, 100% used [0x00000000d5580000,0x00000000db580000,0x00000000db580000)
  from space 8192K, 0% used [0x00000000db580000,0x00000000db580000,0x00000000dbd80000)
  to   space 10752K, 0% used [0x00000000e2000000,0x00000000e2000000,0x00000000e2a80000)
 ParOldGen       total 83968K, used 9917K [0x0000000080000000, 0x0000000085200000, 0x00000000d5580000)
  object space 83968K, 11% used [0x0000000080000000,0x00000000809af510,0x0000000085200000)
 Metaspace       used 22133K, capacity 22456K, committed 22704K, reserved 1069056K
  class space    used 2431K, capacity 2541K, committed 2560K, reserved 1048576K
Event: 4.245 GC heap after
Heap after GC invocations=7 (full 1):
 PSYoungGen      total 148992K, used 2616K [0x00000000d5580000, 0x00000000e2300000, 0x0000000100000000)
  eden space 145920K, 0% used [0x00000000d5580000,0x00000000d5580000,0x00000000de400000)
  from space 3072K, 85% used [0x00000000e2000000,0x00000000e228e350,0x00000000e2300000)
  to   space 11264K, 0% used [0x00000000e0d00000,0x00000000e0d00000,0x00000000e1800000)
 ParOldGen       total 83968K, used 9925K [0x0000000080000000, 0x0000000085200000, 0x00000000d5580000)
  object space 83968K, 11% used [0x0000000080000000,0x00000000809b1510,0x0000000085200000)
 Metaspace       used 22133K, capacity 22456K, committed 22704K, reserved 1069056K
  class space    used 2431K, capacity 2541K, committed 2560K, reserved 1048576K
}
Event: 5.220 GC heap before
{Heap before GC invocations=8 (full 1):
 PSYoungGen      total 148992K, used 148536K [0x00000000d5580000, 0x00000000e2300000, 0x0000000100000000)
  eden space 145920K, 100% used [0x00000000d5580000,0x00000000de400000,0x00000000de400000)
  from space 3072K, 85% used [0x00000000e2000000,0x00000000e228e350,0x00000000e2300000)
  to   space 11264K, 0% used [0x00000000e0d00000,0x00000000e0d00000,0x00000000e1800000)
 ParOldGen       total 83968K, used 9925K [0x0000000080000000, 0x0000000085200000, 0x00000000d5580000)
  object space 83968K, 11% used [0x0000000080000000,0x00000000809b1510,0x0000000085200000)
 Metaspace       used 22623K, capacity 22938K, committed 23168K, reserved 1069056K
  class space    used 2490K, capacity 2615K, committed 2688K, reserved 1048576K
Event: 5.233 GC heap after
Heap after GC invocations=8 (full 1):
 PSYoungGen      total 199168K, used 6336K [0x00000000d5580000, 0x00000000e3e80000, 0x0000000100000000)
  eden space 187904K, 0% used [0x00000000d5580000,0x00000000d5580000,0x00000000e0d00000)
  from space 11264K, 56% used [0x00000000e0d00000,0x00000000e1330000,0x00000000e1800000)
  to   space 10752K, 0% used [0x00000000e3400000,0x00000000e3400000,0x00000000e3e80000)
 ParOldGen       total 83968K, used 9925K [0x0000000080000000, 0x0000000085200000, 0x00000000d5580000)
  object space 83968K, 11% used [0x0000000080000000,0x00000000809b1510,0x0000000085200000)
 Metaspace       used 22623K, capacity 22938K, committed 23168K, reserved 1069056K
  class space    used 2490K, capacity 2615K, committed 2688K, reserved 1048576K
}

Deoptimization events (10 events):
Event: 7.583 Thread 0x0000000002ff5000 Uncommon trap: reason=unstable_if action=reinterpret pc=0x0000000003a63790 method=java.util.regex.Pattern$CharProperty.match(Ljava/util/regex/Matcher;ILjava/lang/CharSequence;)Z @ 21
Event: 7.735 Thread 0x0000000002ff5000 Uncommon trap: reason=class_check action=maybe_recompile pc=0x00000000039e951c method=java.util.HashSet.contains(Ljava/lang/Object;)Z @ 5
Event: 7.735 Thread 0x0000000002ff5000 Uncommon trap: reason=class_check action=maybe_recompile pc=0x00000000039e951c method=java.util.HashSet.contains(Ljava/lang/Object;)Z @ 5
Event: 8.713 Thread 0x0000000002ff5000 Uncommon trap: reason=class_check action=maybe_recompile pc=0x0000000003c4d1c4 method=org.openqa.selenium.json.Input.init()V @ 18
Event: 8.713 Thread 0x0000000002ff5000 Uncommon trap: reason=class_check action=maybe_recompile pc=0x0000000003c4d1c4 method=org.openqa.selenium.json.Input.init()V @ 18
Event: 8.713 Thread 0x0000000002ff5000 Uncommon trap: reason=class_check action=maybe_recompile pc=0x0000000003c4d1c4 method=org.openqa.selenium.json.Input.init()V @ 18
Event: 8.713 Thread 0x0000000002ff5000 Uncommon trap: reason=class_check action=maybe_recompile pc=0x0000000003c4d1c4 method=org.openqa.selenium.json.Input.init()V @ 18
Event: 8.789 Thread 0x0000000002ff5000 Uncommon trap: reason=bimorphic action=maybe_recompile pc=0x000000000361e41c method=java.util.HashMap.putVal(ILjava/lang/Object;Ljava/lang/Object;ZZ)Ljava/lang/Object; @ 203
Event: 8.790 Thread 0x0000000002ff5000 Uncommon trap: reason=bimorphic action=maybe_recompile pc=0x000000000361e41c method=java.util.HashMap.putVal(ILjava/lang/Object;Ljava/lang/Object;ZZ)Ljava/lang/Object; @ 203
Event: 8.790 Thread 0x0000000002ff5000 Uncommon trap: reason=bimorphic action=maybe_recompile pc=0x000000000361e41c method=java.util.HashMap.putVal(ILjava/lang/Object;Ljava/lang/Object;ZZ)Ljava/lang/Object; @ 203

Classes redefined (0 events):
No events

Internal exceptions (10 events):
Event: 11.181 Thread 0x0000000002ff5000 Exception <a 'java/security/PrivilegedActionException'> (0x00000000df599ee0) thrown at [C:\jenkins\workspace\zulu8-silver-build-win64\zulu-src\hotspot\src\share\vm\prims\jvm.cpp, line 1529]
Event: 11.193 Thread 0x0000000002ff5000 Exception <a 'java/security/PrivilegedActionException'> (0x00000000df791560) thrown at [C:\jenkins\workspace\zulu8-silver-build-win64\zulu-src\hotspot\src\share\vm\prims\jvm.cpp, line 1529]
Event: 11.193 Thread 0x0000000002ff5000 Exception <a 'java/security/PrivilegedActionException'> (0x00000000df791d28) thrown at [C:\jenkins\workspace\zulu8-silver-build-win64\zulu-src\hotspot\src\share\vm\prims\jvm.cpp, line 1529]
Event: 11.193 Thread 0x0000000002ff5000 Exception <a 'java/security/PrivilegedActionException'> (0x00000000df7a4568) thrown at [C:\jenkins\workspace\zulu8-silver-build-win64\zulu-src\hotspot\src\share\vm\prims\jvm.cpp, line 1529]
Event: 11.193 Thread 0x0000000002ff5000 Exception <a 'java/security/PrivilegedActionException'> (0x00000000df7a4d30) thrown at [C:\jenkins\workspace\zulu8-silver-build-win64\zulu-src\hotspot\src\share\vm\prims\jvm.cpp, line 1529]
Event: 11.217 Thread 0x0000000002ff5000 Exception <a 'java/lang/ClassNotFoundException': Script1BeanInfo> (0x00000000df954d10) thrown at [C:\jenkins\workspace\zulu8-silver-build-win64\zulu-src\hotspot\src\share\vm\classfile\systemDictionary.cpp, line 220]
Event: 11.223 Thread 0x0000000002ff5000 Exception <a 'java/lang/ClassNotFoundException': Script1Customizer> (0x00000000df9d6688) thrown at [C:\jenkins\workspace\zulu8-silver-build-win64\zulu-src\hotspot\src\share\vm\classfile\systemDictionary.cpp, line 220]
Event: 11.233 Thread 0x0000000002ff5000 Exception <a 'java/lang/ClassNotFoundException': com/kms/katalon/core/webui/keyword/builtin/SetTextKeywordBeanInfo> (0x00000000dfbf0458) thrown at [C:\jenkins\workspace\zulu8-silver-build-win64\zulu-src\hotspot\src\share\vm\classfile\systemDictionary.cpp,
Event: 11.240 Thread 0x0000000002ff5000 Exception <a 'java/lang/ClassNotFoundException': com/kms/katalon/core/webui/keyword/builtin/SetTextKeywordCustomizer> (0x00000000dfcc4560) thrown at [C:\jenkins\workspace\zulu8-silver-build-win64\zulu-src\hotspot\src\share\vm\classfile\systemDictionary.cp
Event: 11.251 Thread 0x0000000002ff5000 Exception <a 'java/net/SocketTimeoutException': Read timed out> (0x00000000dfe10c68) thrown at [C:\jenkins\workspace\zulu8-silver-build-win64\zulu-src\hotspot\src\share\vm\prims\jni.cpp, line 738]

Events (10 events):
Event: 11.233 loading class com/kms/katalon/core/webui/keyword/builtin/SetTextKeywordBeanInfo
Event: 11.233 loading class com/kms/katalon/core/webui/keyword/builtin/SetTextKeywordBeanInfo done
Event: 11.234 loading class com/kms/katalon/core/webui/keyword/builtin/SetTextKeywordCustomizer
Event: 11.234 loading class com/kms/katalon/core/webui/keyword/builtin/SetTextKeywordCustomizer done
Event: 11.235 loading class com/kms/katalon/core/webui/keyword/builtin/SetTextKeywordCustomizer
Event: 11.235 loading class com/kms/katalon/core/webui/keyword/builtin/SetTextKeywordCustomizer done
Event: 11.239 loading class com/kms/katalon/core/webui/keyword/builtin/SetTextKeywordCustomizer
Event: 11.239 loading class com/kms/katalon/core/webui/keyword/builtin/SetTextKeywordCustomizer done
Event: 11.247 loading class groovy/runtime/metaclass/com/kms/katalon/core/webui/keyword/builtin/SetTextKeyword$_setText_closure1MetaClass
Event: 11.247 loading class groovy/runtime/metaclass/com/kms/katalon/core/webui/keyword/builtin/SetTextKeyword$_setText_closure1MetaClass done


Dynamic libraries:
0x00007ff7f99a0000 - 0x00007ff7f99d5000 	D:\Programs\Katalon_Studio_Windows_64-8.2.0_4\Katalon_Studio_Windows_64-8.2.0\jre\bin\javaw.exe
0x00007fffa6390000 - 0x00007fffa6588000 	C:\Windows\SYSTEM32\ntdll.dll
0x00007fffa5810000 - 0x00007fffa58cf000 	C:\Windows\System32\KERNEL32.DLL
0x00007fffa3ed0000 - 0x00007fffa41a2000 	C:\Windows\System32\KERNELBASE.dll
0x00007fffa5ec0000 - 0x00007fffa5f6e000 	C:\Windows\System32\ADVAPI32.dll
0x00007fffa4530000 - 0x00007fffa45ce000 	C:\Windows\System32\msvcrt.dll
0x00007fffa4460000 - 0x00007fffa44fc000 	C:\Windows\System32\sechost.dll
0x00007fffa5d80000 - 0x00007fffa5ea5000 	C:\Windows\System32\RPCRT4.dll
0x00007fffa4a40000 - 0x00007fffa4be1000 	C:\Windows\System32\USER32.dll
0x00007fffa3d90000 - 0x00007fffa3db2000 	C:\Windows\System32\win32u.dll
0x00007fffa4500000 - 0x00007fffa452b000 	C:\Windows\System32\GDI32.dll
0x00007fffa3dc0000 - 0x00007fffa3ecf000 	C:\Windows\System32\gdi32full.dll
0x00007fffa3c80000 - 0x00007fffa3d1d000 	C:\Windows\System32\msvcp_win.dll
0x00007fffa3b80000 - 0x00007fffa3c80000 	C:\Windows\System32\ucrtbase.dll
0x00007fff8e690000 - 0x00007fff8e92a000 	C:\Windows\WinSxS\amd64_microsoft.windows.common-controls_6595b64144ccf1df_6.0.19041.1110_none_60b5254171f9507e\COMCTL32.dll
0x00007fffa5950000 - 0x00007fffa5982000 	C:\Windows\System32\IMM32.DLL
0x00000000502c0000 - 0x0000000050392000 	D:\Programs\Katalon_Studio_Windows_64-8.2.0_4\Katalon_Studio_Windows_64-8.2.0\jre\bin\msvcr100.dll
0x0000000050480000 - 0x0000000050d45000 	D:\Programs\Katalon_Studio_Windows_64-8.2.0_4\Katalon_Studio_Windows_64-8.2.0\jre\bin\server\jvm.dll
0x00007fffa4f80000 - 0x00007fffa4f88000 	C:\Windows\System32\PSAPI.DLL
0x00007fff827a0000 - 0x00007fff827a9000 	C:\Windows\SYSTEM32\WSOCK32.dll
0x00007fffa4e60000 - 0x00007fffa4ecb000 	C:\Windows\System32\WS2_32.dll
0x00007fff8eae0000 - 0x00007fff8eb07000 	C:\Windows\SYSTEM32\WINMM.dll
0x00007fff9d4a0000 - 0x00007fff9d4aa000 	C:\Windows\SYSTEM32\VERSION.dll
0x00007fff9ec10000 - 0x00007fff9ec1f000 	D:\Programs\Katalon_Studio_Windows_64-8.2.0_4\Katalon_Studio_Windows_64-8.2.0\jre\bin\verify.dll
0x00007fff6d430000 - 0x00007fff6d459000 	D:\Programs\Katalon_Studio_Windows_64-8.2.0_4\Katalon_Studio_Windows_64-8.2.0\jre\bin\java.dll
0x00007fff6f890000 - 0x00007fff6f8a6000 	D:\Programs\Katalon_Studio_Windows_64-8.2.0_4\Katalon_Studio_Windows_64-8.2.0\jre\bin\zip.dll
0x00007fffa4f90000 - 0x00007fffa56d4000 	C:\Windows\System32\SHELL32.dll
0x00007fffa1b20000 - 0x00007fffa22b2000 	C:\Windows\SYSTEM32\windows.storage.dll
0x00007fffa5990000 - 0x00007fffa5ce5000 	C:\Windows\System32\combase.dll
0x00007fffa34e0000 - 0x00007fffa3510000 	C:\Windows\SYSTEM32\Wldp.dll
0x00007fffa6180000 - 0x00007fffa622d000 	C:\Windows\System32\SHCORE.dll
0x00007fffa58d0000 - 0x00007fffa5925000 	C:\Windows\System32\shlwapi.dll
0x00007fffa39c0000 - 0x00007fffa39df000 	C:\Windows\SYSTEM32\profapi.dll
0x00007fff6b3e0000 - 0x00007fff6b3fb000 	D:\Programs\Katalon_Studio_Windows_64-8.2.0_4\Katalon_Studio_Windows_64-8.2.0\jre\bin\net.dll
0x00007fffa3240000 - 0x00007fffa32aa000 	C:\Windows\system32\mswsock.dll
0x00007fff6a750000 - 0x00007fff6a761000 	D:\Programs\Katalon_Studio_Windows_64-8.2.0_4\Katalon_Studio_Windows_64-8.2.0\jre\bin\nio.dll
0x00007fffa2f30000 - 0x00007fffa2ffa000 	C:\Windows\SYSTEM32\DNSAPI.dll
0x00007fffa2ee0000 - 0x00007fffa2f1b000 	C:\Windows\SYSTEM32\IPHLPAPI.DLL
0x00007fffa5eb0000 - 0x00007fffa5eb8000 	C:\Windows\System32\NSI.dll
0x0000000051b60000 - 0x0000000051b86000 	C:\Program Files\Bonjour\mdnsNSP.dll
0x00007fff91a50000 - 0x00007fff91a5a000 	C:\Windows\System32\rasadhlp.dll
0x00007fff91cd0000 - 0x00007fff91d50000 	C:\Windows\System32\fwpuclnt.dll
0x00007fffa43a0000 - 0x00007fffa43c7000 	C:\Windows\System32\bcrypt.dll
0x00007fff5d0b0000 - 0x00007fff5d0d4000 	D:\Programs\Katalon_Studio_Windows_64-8.2.0_4\Katalon_Studio_Windows_64-8.2.0\jre\bin\sunec.dll
0x00007fff9cc40000 - 0x00007fff9cc4c000 	D:\Programs\Katalon_Studio_Windows_64-8.2.0_4\Katalon_Studio_Windows_64-8.2.0\jre\bin\sunmscapi.dll
0x00007fffa4240000 - 0x00007fffa4396000 	C:\Windows\System32\CRYPT32.dll
0x00007fffa3550000 - 0x00007fffa3577000 	C:\Windows\SYSTEM32\ncrypt.dll
0x00007fffa3510000 - 0x00007fffa354b000 	C:\Windows\SYSTEM32\NTASN1.dll
0x00007fffa3430000 - 0x00007fffa3448000 	C:\Windows\SYSTEM32\CRYPTSP.dll
0x00007fffa2a80000 - 0x00007fffa2ab4000 	C:\Windows\system32\rsaenh.dll
0x00007fffa3980000 - 0x00007fffa39ae000 	C:\Windows\SYSTEM32\USERENV.dll
0x00007fffa41b0000 - 0x00007fffa4232000 	C:\Windows\System32\bcryptprimitives.dll
0x00007fffa3450000 - 0x00007fffa345c000 	C:\Windows\SYSTEM32\CRYPTBASE.dll
0x00007fff9c530000 - 0x00007fff9c547000 	C:\Windows\SYSTEM32\dhcpcsvc6.DLL
0x00007fff9c280000 - 0x00007fff9c29d000 	C:\Windows\SYSTEM32\dhcpcsvc.DLL

VM Arguments:
jvm_args: -Dgroovy.home=C:\Users\asus/.groovy -Djava.system.class.loader=groovy.lang.GroovyClassLoader -Xmx2048m -Dfile.encoding=UTF-8 
java_command: org.codehaus.groovy.tools.GroovyStarter --classpath D:\Automation\Katalon Studio\QuotaFlow\bin\keyword;D:\Automation\Katalon Studio\QuotaFlow\Keywords;D:\Automation\Katalon Studio\QuotaFlow\bin\listener;D:\Automation\Katalon Studio\QuotaFlow\Test Listeners;D:\Automation\Katalon Studio\QuotaFlow\bin\lib;D:\Automation\Katalon Studio\QuotaFlow\Libs;D:\Automation\Katalon Studio\QuotaFlow\bin\groovy;D:\Automation\Katalon Studio\QuotaFlow\Include\scripts\groovy;D:\Programs\Katalon_Studio_Windows_64-8.2.0_4\Katalon_Studio_Windows_64-8.2.0\plugins\com.kms.katalon.core_1.0.0.202111170230.jar;D:\Programs\Katalon_Studio_Windows_64-8.2.0_4\Katalon_Studio_Windows_64-8.2.0\configuration\resources\lib\aalto-xml-1.0.0.jar;D:\Programs\Katalon_Studio_Windows_64-8.2.0_4\Katalon_Studio_Windows_64-8.2.0\configuration\resources\lib\aspectjweaver-1.9.1.jar;D:\Programs\Katalon_Studio_Windows_64-8.2.0_4\Katalon_Studio_Windows_64-8.2.0\configuration\resources\lib\bcpkix-jdk15on-1.64.jar;D:\Programs\Katalon_Studio_Windows_64-8.2.0_4\Katalon_Studio_Windows_64-8.2.0\configuration\resources\lib\bcprov-jdk15on-1.64.jar;D:\Programs\Katalon_Studio_Windows_64-8.2.0_4\Katalon_Studio_Windows_64-8.2.0\configuration\resources\lib\browsermob-core-2.1.5.jar;D:\Programs\Katalon_Studio_Windows_64-8.2.0_4\Katalon_Studio_Windows_64-8.2.0\configuration\resources\lib\cglib-3.2.10.jar;D:\Programs\Katalon_Studio_Windows_64-8.2.0_4\Katalon_Studio_Windows_64-8.2.0\configuration\resources\lib\commons-codec-1.10.jar;D:\Programs\Katalon_Studio_Windows_64-8.2.0_4\Katalon_Studio_Windows_64-8.2.0\configuration\resources\lib\commons-collections4-4.1.jar;D:\Programs\Katalon_Studio_Windows_64-8.2.0_4\Katalon_Studio_Windows_64-8.2.0\configuration\resources\lib\commons-validator-1.6.jar;D:\Programs\Katalon_Studio_Windows_64-8.2.0_4\Katalon_Studio_Windows_64-8.2.0\configuration\resources\lib\curvesapi-1.04.jar;D:\Programs\Katalon_Studio_Windows_64-8.2.0_4\Katalon_Studio_Windows_64-8.2.0\configuration\resources\
java_class_path (initial): D:\Automation\Katalon Studio\QuotaFlow\bin\keyword;D:\Automation\Katalon Studio\QuotaFlow\bin\listener;D:\Automation\Katalon Studio\QuotaFlow\bin\lib;D:\Automation\Katalon Studio\QuotaFlow\bin\groovy;D:\Automation\Katalon Studio\QuotaFlow\bin;D:\Programs\Katalon_Studio_Windows_64-8.2.0_4\Katalon_Studio_Windows_64-8.2.0\plugins\com.kms.katalon.core_1.0.0.202111170230.jar;D:\Programs\Katalon_Studio_Windows_64-8.2.0_4\Katalon_Studio_Windows_64-8.2.0\configuration\resources\lib\aalto-xml-1.0.0.jar;D:\Programs\Katalon_Studio_Windows_64-8.2.0_4\Katalon_Studio_Windows_64-8.2.0\configuration\resources\lib\aspectjweaver-1.9.1.jar;D:\Programs\Katalon_Studio_Windows_64-8.2.0_4\Katalon_Studio_Windows_64-8.2.0\configuration\resources\lib\bcpkix-jdk15on-1.64.jar;D:\Programs\Katalon_Studio_Windows_64-8.2.0_4\Katalon_Studio_Windows_64-8.2.0\configuration\resources\lib\bcprov-jdk15on-1.64.jar;D:\Programs\Katalon_Studio_Windows_64-8.2.0_4\Katalon_Studio_Windows_64-8.2.0\configuration\resources\lib\browsermob-core-2.1.5.jar;D:\Programs\Katalon_Studio_Windows_64-8.2.0_4\Katalon_Studio_Windows_64-8.2.0\configuration\resources\lib\cglib-3.2.10.jar;D:\Programs\Katalon_Studio_Windows_64-8.2.0_4\Katalon_Studio_Windows_64-8.2.0\configuration\resources\lib\commons-codec-1.10.jar;D:\Programs\Katalon_Studio_Windows_64-8.2.0_4\Katalon_Studio_Windows_64-8.2.0\configuration\resources\lib\commons-collections4-4.1.jar;D:\Programs\Katalon_Studio_Windows_64-8.2.0_4\Katalon_Studio_Windows_64-8.2.0\configuration\resources\lib\commons-validator-1.6.jar;D:\Programs\Katalon_Studio_Windows_64-8.2.0_4\Katalon_Studio_Windows_64-8.2.0\configuration\resources\lib\curvesapi-1.04.jar;D:\Programs\Katalon_Studio_Windows_64-8.2.0_4\Katalon_Studio_Windows_64-8.2.0\configuration\resources\lib\dnsjava-2.1.8.jar;D:\Programs\Katalon_Studio_Windows_64-8.2.0_4\Katalon_Studio_Windows_64-8.2.0\configuration\resources\lib\java-client-7.0.0.jar;D:\Programs\Katalon_Studio_Windows_64-8.2.0_4\Katalon_
Launcher Type: SUN_STANDARD

Environment Variables:
JAVA_HOME=C:\Program Files\Java\jdk-16.0.2
PATH=D:/Programs/Katalon_Studio_Windows_64-8.2.0_4/Katalon_Studio_Windows_64-8.2.0/jre/bin/server;D:/Programs/Katalon_Studio_Windows_64-8.2.0_4/Katalon_Studio_Windows_64-8.2.0/jre/bin;D:/Programs/Katalon_Studio_Windows_64-8.2.0_4/Katalon_Studio_Windows_64-8.2.0/jre/lib/amd64;G:\Application\Common Files\Oracle\Java\javapath;C:\Windows\system32;C:\Windows;C:\Windows\System32\Wbem;C:\Windows\System32\WindowsPowerShell\v1.0\;C:\Windows\System32\OpenSSH\;C:\Program Files (x86)\NVIDIA Corporation\PhysX\Common;C:\xampp\php;C:\ProgramData\ComposerSetup\bin;D:\Programs\MikTex 2.9\miktex\bin\x64\;D:\Git\cmd;C:\Program Files\Java\jdk-16.0.2\bin;D:\Programs\Nodejs\;C:\Users\asus\AppData\Local\Programs\Python\Python310\Scripts\;C:\Users\asus\AppData\Local\Programs\Python\Python310\;C:\Users\asus\AppData\Local\Microsoft\WindowsApps;D:\Programs\Visual Studio\Microsoft VS Code\bin;C:\Users\asus\AppData\Roaming\Composer\vendor\bin;D:\Programs\heroku\bin;C:\Users\asus\AppData\Roaming\npm;D:\Programs\Intellij IDEA CE\IntelliJ IDEA Community Edition 2022.2.3\bin;;D:\Programs\Katalon_Studio_Windows_64-8.2.0_4\Katalon_Studio_Windows_64-8.2.0;
USERNAME=asus
OS=Windows_NT
PROCESSOR_IDENTIFIER=Intel64 Family 6 Model 142 Stepping 9, GenuineIntel



---------------  S Y S T E M  ---------------

OS: Windows 10.0 , 64 bit Build 19041 (10.0.19041.2364)

CPU:total 4 (initial active 4) (2 cores per cpu, 2 threads per core) family 6 model 142 stepping 9, cmov, cx8, fxsr, mmx, sse, sse2, sse3, ssse3, sse4.1, sse4.2, popcnt, avx, avx2, aes, clmul, erms, 3dnowpref, lzcnt, ht, tsc, tscinvbit, bmi1, bmi2, adx

Memory: 4k page, physical 12460568k(2437800k free), swap 14557720k(5132k free)

vm_info: OpenJDK 64-Bit Server VM (25.282-b08) for windows-amd64 JRE (Zulu 8.52.0.23-CA-win64) (1.8.0_282-b08), built on Jan 12 2021 07:45:49 by "tester" with MS VC++ 10.0 (VS2010)

time: Wed Feb 01 16:09:36 2023
timezone: SE Asia Standard Time
elapsed time: 11.268662 seconds (0d 0h 0m 11s)

